============================= test session starts ==============================
platform linux -- Python 3.10.19, pytest-9.0.2, pluggy-1.6.0 -- /usr/local/bin/python3.10
cachedir: .pytest_cache
rootdir: /workspace/repo
configfile: pyproject.toml
plugins: mock-3.15.1, timeout-2.4.0
timeout: 60.0s
timeout method: signal
timeout func_only: False
collecting ... collected 3 items

tests/test_ease/test_elastic.py::test_elastic_6 FAILED                   [ 33%]
tests/test_ease/test_elastic.py::test_elastic_4 FAILED                   [ 66%]
tests/test_ease/test_elastic.py::test_elastic_8 FAILED                   [100%]

=================================== FAILURES ===================================
________________________________ test_elastic_6 ________________________________
tests/test_ease/test_elastic.py:45: in test_elastic_6
    assert d3.ease_elastic_in.amplitude(1.3).period(0.2)(
E   TypeError: 'NoneType' object is not callable
________________________________ test_elastic_4 ________________________________
tests/test_ease/test_elastic.py:33: in test_elastic_4
    assert d3.ease_elastic_in(0.1) == d3.ease_elastic_in.amplitude(1).period(0.3)(0.1)
E   TypeError: 'NoneType' object is not callable
________________________________ test_elastic_8 ________________________________
tests/test_ease/test_elastic.py:65: in test_elastic_8
    assert d3.ease_elastic_in.amplitude(1.5).period(1)(0.0) == 0.000000
E   TypeError: 'NoneType' object is not callable
=========================== short test summary info ============================
FAILED tests/test_ease/test_elastic.py::test_elastic_6 - TypeError: 'NoneType...
FAILED tests/test_ease/test_elastic.py::test_elastic_4 - TypeError: 'NoneType...
FAILED tests/test_ease/test_elastic.py::test_elastic_8 - TypeError: 'NoneType...
============================== 3 failed in 0.28s ===============================
