============================= test session starts ==============================
platform linux -- Python 3.10.19, pytest-9.0.2, pluggy-1.6.0 -- /usr/local/bin/python3.10
cachedir: .pytest_cache
rootdir: /workspace/repo
configfile: pyproject.toml
plugins: mock-3.15.1, timeout-2.4.0
timeout: 60.0s
timeout method: signal
timeout func_only: False
collecting ... collected 1 item

tests/test_reliability_applications.py::test_schedule_replicas_across_nodes[schedule_replicas_across_nodes] FAILED [100%]

=================================== FAILURES ===================================
_____ test_schedule_replicas_across_nodes[schedule_replicas_across_nodes] ______
tests/test_reliability_applications.py:61: in test_schedule_replicas_across_nodes
    assert "bad" in rule.result.resources
E   AssertionError: assert 'bad' in ['']
E    +  where [''] = <hardeneks.rules.Result object at 0x7005daf283a0>.resources
E    +    where <hardeneks.rules.Result object at 0x7005daf283a0> = <hardeneks.namespace_based.reliability.applications.schedule_replicas_across_nodes object at 0x7005daf28580>.result
=============================== warnings summary ===============================
hardeneks/__init__.py:3
  /workspace/repo/hardeneks/__init__.py:3: DeprecationWarning: pkg_resources is deprecated as an API. See https://setuptools.pypa.io/en/latest/pkg_resources.html
    from pkg_resources import resource_filename

../../usr/local/lib/python3.10/site-packages/typer/completion.py:122
  /usr/local/lib/python3.10/site-packages/typer/completion.py:122: DeprecationWarning: 'BaseCommand' is deprecated and will be removed in Click 9.0. Use 'Command' instead.
    cli: click.BaseCommand,

-- Docs: https://docs.pytest.org/en/stable/how-to/capture-warnings.html
=========================== short test summary info ============================
FAILED tests/test_reliability_applications.py::test_schedule_replicas_across_nodes[schedule_replicas_across_nodes]
======================== 1 failed, 2 warnings in 0.15s =========================
