Hit:1 http://archive.ubuntu.com/ubuntu jammy InRelease
Hit:2 http://archive.ubuntu.com/ubuntu jammy-updates InRelease
Hit:3 http://archive.ubuntu.com/ubuntu jammy-backports InRelease
Hit:4 http://security.ubuntu.com/ubuntu jammy-security InRelease
Reading package lists...
Reading package lists...
Building dependency tree...
Reading state information...
The following additional packages will be installed:
  libbrotli1 libcurl4 libldap-2.5-0 libldap-common libnghttp2-14 libpsl5
  librtmp1 libsasl2-2 libsasl2-modules libsasl2-modules-db libssh-4
  publicsuffix
Suggested packages:
  libsasl2-modules-gssapi-mit | libsasl2-modules-gssapi-heimdal
  libsasl2-modules-ldap libsasl2-modules-otp libsasl2-modules-sql
The following NEW packages will be installed:
  curl libbrotli1 libcurl4 libldap-2.5-0 libldap-common libnghttp2-14 libpsl5
  librtmp1 libsasl2-2 libsasl2-modules libsasl2-modules-db libssh-4
  publicsuffix
0 upgraded, 13 newly installed, 0 to remove and 4 not upgraded.
Need to get 1653 kB of archives.
After this operation, 4637 kB of additional disk space will be used.
Get:1 http://archive.ubuntu.com/ubuntu jammy-updates/main amd64 libnghttp2-14 amd64 1.43.0-1ubuntu0.2 [76.9 kB]
Get:2 http://archive.ubuntu.com/ubuntu jammy/main amd64 libpsl5 amd64 0.21.0-1.2build2 [58.4 kB]
Get:3 http://archive.ubuntu.com/ubuntu jammy/main amd64 publicsuffix all 20211207.1025-1 [129 kB]
Get:4 http://archive.ubuntu.com/ubuntu jammy/main amd64 libbrotli1 amd64 1.0.9-2build6 [315 kB]
Get:5 http://archive.ubuntu.com/ubuntu jammy-updates/main amd64 libsasl2-modules-db amd64 2.1.27+dfsg2-3ubuntu1.2 [20.5 kB]
Get:6 http://archive.ubuntu.com/ubuntu jammy-updates/main amd64 libsasl2-2 amd64 2.1.27+dfsg2-3ubuntu1.2 [53.8 kB]
Get:7 http://archive.ubuntu.com/ubuntu jammy-updates/main amd64 libldap-2.5-0 amd64 2.5.20+dfsg-0ubuntu0.22.04.1 [184 kB]
Get:8 http://archive.ubuntu.com/ubuntu jammy/main amd64 librtmp1 amd64 2.4+20151223.gitfa8646d.1-2build4 [58.2 kB]
Get:9 http://archive.ubuntu.com/ubuntu jammy-updates/main amd64 libssh-4 amd64 0.9.6-2ubuntu0.22.04.5 [187 kB]
Get:10 http://archive.ubuntu.com/ubuntu jammy-updates/main amd64 libcurl4 amd64 7.81.0-1ubuntu1.21 [290 kB]
Get:11 http://archive.ubuntu.com/ubuntu jammy-updates/main amd64 curl amd64 7.81.0-1ubuntu1.21 [194 kB]
Get:12 http://archive.ubuntu.com/ubuntu jammy-updates/main amd64 libldap-common all 2.5.20+dfsg-0ubuntu0.22.04.1 [16.4 kB]
Get:13 http://archive.ubuntu.com/ubuntu jammy-updates/main amd64 libsasl2-modules amd64 2.1.27+dfsg2-3ubuntu1.2 [68.8 kB]
debconf: delaying package configuration, since apt-utils is not installed
Fetched 1653 kB in 1s (1545 kB/s)
Selecting previously unselected package libnghttp2-14:amd64.
(Reading database ... (Reading database ... 5%(Reading database ... 10%(Reading database ... 15%(Reading database ... 20%(Reading database ... 25%(Reading database ... 30%(Reading database ... 35%(Reading database ... 40%(Reading database ... 45%(Reading database ... 50%(Reading database ... 55%(Reading database ... 60%(Reading database ... 65%(Reading database ... 70%(Reading database ... 75%(Reading database ... 80%(Reading database ... 85%(Reading database ... 90%(Reading database ... 95%(Reading database ... 100%(Reading database ... 6846 files and directories currently installed.)
Preparing to unpack .../00-libnghttp2-14_1.43.0-1ubuntu0.2_amd64.deb ...
Unpacking libnghttp2-14:amd64 (1.43.0-1ubuntu0.2) ...
Selecting previously unselected package libpsl5:amd64.
Preparing to unpack .../01-libpsl5_0.21.0-1.2build2_amd64.deb ...
Unpacking libpsl5:amd64 (0.21.0-1.2build2) ...
Selecting previously unselected package publicsuffix.
Preparing to unpack .../02-publicsuffix_20211207.1025-1_all.deb ...
Unpacking publicsuffix (20211207.1025-1) ...
Selecting previously unselected package libbrotli1:amd64.
Preparing to unpack .../03-libbrotli1_1.0.9-2build6_amd64.deb ...
Unpacking libbrotli1:amd64 (1.0.9-2build6) ...
Selecting previously unselected package libsasl2-modules-db:amd64.
Preparing to unpack .../04-libsasl2-modules-db_2.1.27+dfsg2-3ubuntu1.2_amd64.deb ...
Unpacking libsasl2-modules-db:amd64 (2.1.27+dfsg2-3ubuntu1.2) ...
Selecting previously unselected package libsasl2-2:amd64.
Preparing to unpack .../05-libsasl2-2_2.1.27+dfsg2-3ubuntu1.2_amd64.deb ...
Unpacking libsasl2-2:amd64 (2.1.27+dfsg2-3ubuntu1.2) ...
Selecting previously unselected package libldap-2.5-0:amd64.
Preparing to unpack .../06-libldap-2.5-0_2.5.20+dfsg-0ubuntu0.22.04.1_amd64.deb ...
Unpacking libldap-2.5-0:amd64 (2.5.20+dfsg-0ubuntu0.22.04.1) ...
Selecting previously unselected package librtmp1:amd64.
Preparing to unpack .../07-librtmp1_2.4+20151223.gitfa8646d.1-2build4_amd64.deb ...
Unpacking librtmp1:amd64 (2.4+20151223.gitfa8646d.1-2build4) ...
Selecting previously unselected package libssh-4:amd64.
Preparing to unpack .../08-libssh-4_0.9.6-2ubuntu0.22.04.5_amd64.deb ...
Unpacking libssh-4:amd64 (0.9.6-2ubuntu0.22.04.5) ...
Selecting previously unselected package libcurl4:amd64.
Preparing to unpack .../09-libcurl4_7.81.0-1ubuntu1.21_amd64.deb ...
Unpacking libcurl4:amd64 (7.81.0-1ubuntu1.21) ...
Selecting previously unselected package curl.
Preparing to unpack .../10-curl_7.81.0-1ubuntu1.21_amd64.deb ...
Unpacking curl (7.81.0-1ubuntu1.21) ...
Selecting previously unselected package libldap-common.
Preparing to unpack .../11-libldap-common_2.5.20+dfsg-0ubuntu0.22.04.1_all.deb ...
Unpacking libldap-common (2.5.20+dfsg-0ubuntu0.22.04.1) ...
Selecting previously unselected package libsasl2-modules:amd64.
Preparing to unpack .../12-libsasl2-modules_2.1.27+dfsg2-3ubuntu1.2_amd64.deb ...
Unpacking libsasl2-modules:amd64 (2.1.27+dfsg2-3ubuntu1.2) ...
Setting up libpsl5:amd64 (0.21.0-1.2build2) ...
Setting up libbrotli1:amd64 (1.0.9-2build6) ...
Setting up libsasl2-modules:amd64 (2.1.27+dfsg2-3ubuntu1.2) ...
Setting up libnghttp2-14:amd64 (1.43.0-1ubuntu0.2) ...
Setting up libldap-common (2.5.20+dfsg-0ubuntu0.22.04.1) ...
Setting up libsasl2-modules-db:amd64 (2.1.27+dfsg2-3ubuntu1.2) ...
Setting up librtmp1:amd64 (2.4+20151223.gitfa8646d.1-2build4) ...
Setting up libsasl2-2:amd64 (2.1.27+dfsg2-3ubuntu1.2) ...
Setting up libssh-4:amd64 (0.9.6-2ubuntu0.22.04.5) ...
Setting up publicsuffix (20211207.1025-1) ...
Setting up libldap-2.5-0:amd64 (2.5.20+dfsg-0ubuntu0.22.04.1) ...
Setting up libcurl4:amd64 (7.81.0-1ubuntu1.21) ...
Setting up curl (7.81.0-1ubuntu1.21) ...
Processing triggers for libc-bin (2.35-0ubuntu3.11) ...
downloading uv 0.9.5 x86_64-unknown-linux-gnu
no checksums to verify
installing to /root/.local/bin
  uv
  uvx
everything's installed!

To add $HOME/.local/bin to your PATH, either restart your shell or run:

    source $HOME/.local/bin/env (sh, bash, zsh)
    source $HOME/.local/bin/env.fish (fish)
Downloading cpython-3.12.12-linux-x86_64-gnu (download) (31.1MiB)
 Downloading cpython-3.12.12-linux-x86_64-gnu (download)
Downloading pygments (1.2MiB)
 Downloading pygments
Installed 5 packages in 14ms
============================= test session starts ==============================
platform linux -- Python 3.12.12, pytest-8.4.1, pluggy-1.6.0 -- /root/.cache/uv/archive-v0/zTa9ZCjjvM2Lnc4BrYTqc/bin/python
cachedir: .pytest_cache
rootdir: /tests
collecting ... collected 12 items

../../tests/test_final_state.py::test_script_exists_and_is_executable PASSED [  8%]
../../tests/test_final_state.py::test_backup_files_exist_and_match_pristine[sshd_config-pristine0] FAILED [ 16%]
../../tests/test_final_state.py::test_backup_files_exist_and_match_pristine[sysctl.conf-pristine1] FAILED [ 25%]
../../tests/test_final_state.py::test_backup_files_exist_and_match_pristine[login.defs-pristine2] FAILED [ 33%]
../../tests/test_final_state.py::test_target_files_match_final_state[sshd_config-expected_content0] FAILED [ 41%]
../../tests/test_final_state.py::test_target_files_match_final_state[sysctl.conf-expected_content1] FAILED [ 50%]
../../tests/test_final_state.py::test_target_files_match_final_state[login.defs-expected_content2] PASSED [ 58%]
../../tests/test_final_state.py::test_target_file_permissions[sshd_config-384] FAILED [ 66%]
../../tests/test_final_state.py::test_target_file_permissions[sysctl.conf-420] PASSED [ 75%]
../../tests/test_final_state.py::test_target_file_permissions[login.defs-420] PASSED [ 83%]
../../tests/test_final_state.py::test_log_file_content_and_sorting FAILED [ 91%]
../../tests/test_final_state.py::test_third_run_is_idempotent_and_emits_banner FAILED [100%]

=================================== FAILURES ===================================
______ test_backup_files_exist_and_match_pristine[sshd_config-pristine0] _______

fname = 'sshd_config'
pristine = ['# Sample OpenSSH daemon configuration for the lab', 'Port 22', 'Protocol 2', 'PermitRootLogin yes', 'HostKey /etc/ssh/ssh_host_rsa_key', 'HostKey /etc/ssh/ssh_host_ecdsa_key', ...]

    @pytest.mark.parametrize("fname,pristine", PRISTINE_CONTENTS.items())
    def test_backup_files_exist_and_match_pristine(fname, pristine):
        """
        *.bak files must exist and be byte-for-byte identical to the initial versions.
        """
        backup_path = BASE_DIR / f"{fname}.bak"
>       assert backup_path.is_file(), f"Backup file {backup_path} is missing."
E       AssertionError: Backup file /home/user/hardening_test/sshd_config.bak is missing.
E       assert False
E        +  where False = is_file()
E        +    where is_file = PosixPath('/home/user/hardening_test/sshd_config.bak').is_file

/tests/test_final_state.py:105: AssertionError
______ test_backup_files_exist_and_match_pristine[sysctl.conf-pristine1] _______

fname = 'sysctl.conf'
pristine = ['# Kernel sysctl configuration', 'vm.swappiness = 10', 'fs.file-max = 65535', '# End of file']

    @pytest.mark.parametrize("fname,pristine", PRISTINE_CONTENTS.items())
    def test_backup_files_exist_and_match_pristine(fname, pristine):
        """
        *.bak files must exist and be byte-for-byte identical to the initial versions.
        """
        backup_path = BASE_DIR / f"{fname}.bak"
>       assert backup_path.is_file(), f"Backup file {backup_path} is missing."
E       AssertionError: Backup file /home/user/hardening_test/sysctl.conf.bak is missing.
E       assert False
E        +  where False = is_file()
E        +    where is_file = PosixPath('/home/user/hardening_test/sysctl.conf.bak').is_file

/tests/test_final_state.py:105: AssertionError
_______ test_backup_files_exist_and_match_pristine[login.defs-pristine2] _______

fname = 'login.defs'
pristine = ['# Shadow password suite configuration', 'UID_MIN                  1000', 'UID_MAX                 60000', 'PASS_MAX_DAYS   90', 'UMASK                    077', '# End of file']

    @pytest.mark.parametrize("fname,pristine", PRISTINE_CONTENTS.items())
    def test_backup_files_exist_and_match_pristine(fname, pristine):
        """
        *.bak files must exist and be byte-for-byte identical to the initial versions.
        """
        backup_path = BASE_DIR / f"{fname}.bak"
>       assert backup_path.is_file(), f"Backup file {backup_path} is missing."
E       AssertionError: Backup file /home/user/hardening_test/login.defs.bak is missing.
E       assert False
E        +  where False = is_file()
E        +    where is_file = PosixPath('/home/user/hardening_test/login.defs.bak').is_file

/tests/test_final_state.py:105: AssertionError
______ test_target_files_match_final_state[sshd_config-expected_content0] ______

fname = 'sshd_config'
expected_content = ['# Sample OpenSSH daemon configuration for the lab', 'Port 22', 'Protocol 2', 'PermitRootLogin no', 'HostKey /etc/ssh/ssh_host_rsa_key', 'HostKey /etc/ssh/ssh_host_ecdsa_key', ...]

    @pytest.mark.parametrize("fname,expected_content", FINAL_CONTENTS.items())
    def test_target_files_match_final_state(fname, expected_content):
        """
        Target files must match the expected final state (Repaired, Appended, or Skipped).
        """
        path = BASE_DIR / fname
        assert path.is_file(), f"Target file {path} is missing."
    
        actual_lines = read_lines(path)
>       assert_lines_exact(actual_lines, expected_content, path)

/tests/test_final_state.py:120: 
_ _ _ _ _ _ _ _ _ _ _ _ _ _ _ _ _ _ _ _ _ _ _ _ _ _ _ _ _ _ _ _ _ _ _ _ _ _ _ _ 

actual = ['# Sample OpenSSH daemon configuration for the lab', 'Port 22', 'Protocol 2', 'PermitRootLogin yes', 'HostKey /etc/ssh/ssh_host_rsa_key', 'HostKey /etc/ssh/ssh_host_ecdsa_key', ...]
expected = ['# Sample OpenSSH daemon configuration for the lab', 'Port 22', 'Protocol 2', 'PermitRootLogin no', 'HostKey /etc/ssh/ssh_host_rsa_key', 'HostKey /etc/ssh/ssh_host_ecdsa_key', ...]
path = PosixPath('/home/user/hardening_test/sshd_config')

    def assert_lines_exact(actual, expected, path):
>       assert (
            actual == expected
        ), f"{path} contents differ from what is expected.\nExpected:\n{expected!r}\nActual:\n{actual!r}"
E       AssertionError: /home/user/hardening_test/sshd_config contents differ from what is expected.
E         Expected:
E         ['# Sample OpenSSH daemon configuration for the lab', 'Port 22', 'Protocol 2', 'PermitRootLogin no', 'HostKey /etc/ssh/ssh_host_rsa_key', 'HostKey /etc/ssh/ssh_host_ecdsa_key', 'HostKey /etc/ssh/ssh_host_ed25519_key', '# End of file']
E         Actual:
E         ['# Sample OpenSSH daemon configuration for the lab', 'Port 22', 'Protocol 2', 'PermitRootLogin yes', 'HostKey /etc/ssh/ssh_host_rsa_key', 'HostKey /etc/ssh/ssh_host_ecdsa_key', 'HostKey /etc/ssh/ssh_host_ed25519_key', '# End of file']
E       assert ['# Sample Op...dsa_key', ...] == ['# Sample Op...dsa_key', ...]
E         
E         At index 3 diff: 'PermitRootLogin yes' != 'PermitRootLogin no'
E         
E         Full diff:
E           [
E               '# Sample OpenSSH daemon configuration for the lab',
E               'Port 22',...
E         
E         ...Full output truncated (10 lines hidden), use '-vv' to show

/tests/test_final_state.py:84: AssertionError
______ test_target_files_match_final_state[sysctl.conf-expected_content1] ______

fname = 'sysctl.conf'
expected_content = ['# Kernel sysctl configuration', 'vm.swappiness = 10', 'fs.file-max = 65535', '# End of file', 'net.ipv4.ip_forward = 0']

    @pytest.mark.parametrize("fname,expected_content", FINAL_CONTENTS.items())
    def test_target_files_match_final_state(fname, expected_content):
        """
        Target files must match the expected final state (Repaired, Appended, or Skipped).
        """
        path = BASE_DIR / fname
        assert path.is_file(), f"Target file {path} is missing."
    
        actual_lines = read_lines(path)
>       assert_lines_exact(actual_lines, expected_content, path)

/tests/test_final_state.py:120: 
_ _ _ _ _ _ _ _ _ _ _ _ _ _ _ _ _ _ _ _ _ _ _ _ _ _ _ _ _ _ _ _ _ _ _ _ _ _ _ _ 

actual = ['# Kernel sysctl configuration', 'vm.swappiness = 10', 'fs.file-max = 65535', '# End of file']
expected = ['# Kernel sysctl configuration', 'vm.swappiness = 10', 'fs.file-max = 65535', '# End of file', 'net.ipv4.ip_forward = 0']
path = PosixPath('/home/user/hardening_test/sysctl.conf')

    def assert_lines_exact(actual, expected, path):
>       assert (
            actual == expected
        ), f"{path} contents differ from what is expected.\nExpected:\n{expected!r}\nActual:\n{actual!r}"
E       AssertionError: /home/user/hardening_test/sysctl.conf contents differ from what is expected.
E         Expected:
E         ['# Kernel sysctl configuration', 'vm.swappiness = 10', 'fs.file-max = 65535', '# End of file', 'net.ipv4.ip_forward = 0']
E         Actual:
E         ['# Kernel sysctl configuration', 'vm.swappiness = 10', 'fs.file-max = 65535', '# End of file']
E       assert ['# Kernel sy... End of file'] == ['# Kernel sy..._forward = 0']
E         
E         Right contains one more item: 'net.ipv4.ip_forward = 0'
E         
E         Full diff:
E           [
E               '# Kernel sysctl configuration',
E               'vm.swappiness = 10',...
E         
E         ...Full output truncated (4 lines hidden), use '-vv' to show

/tests/test_final_state.py:84: AssertionError
________________ test_target_file_permissions[sshd_config-384] _________________

fname = 'sshd_config', octal_mode = 384

    @pytest.mark.parametrize("fname,octal_mode", EXPECTED_PERMISSIONS.items())
    def test_target_file_permissions(fname, octal_mode):
        """
        Target files must have exact permissions.
        """
        path = BASE_DIR / fname
        assert path.is_file()
        # Mask with 0o777 to get just the permission bits
        current_mode = path.stat().st_mode & 0o777
>       assert current_mode == octal_mode, f"{fname} has permissions {octal(current_mode)}, expected {octal(octal_mode)}"
                                                                      ^^^^^
E       NameError: name 'octal' is not defined

/tests/test_final_state.py:132: NameError
______________________ test_log_file_content_and_sorting _______________________

    def test_log_file_content_and_sorting():
        """
        The log file must contain specific lines and be sorted alphabetically.
        After two runs (which the grader performs), all files should be in SKIPPED state
        logically, but the log file content depends on the LAST run.
        Wait - the instruction says 're-runnability... running a second time... must write SKIPPED'.
        Since the grader runs it twice, we expect the log to show SKIPPED for all files.
        """
>       assert LOG_PATH.is_file(), f"Log file {LOG_PATH} is missing."
E       AssertionError: Log file /home/user/hardening_test/hardening.log is missing.
E       assert False
E        +  where False = is_file()
E        +    where is_file = PosixPath('/home/user/hardening_test/hardening.log').is_file

/tests/test_final_state.py:143: AssertionError
________________ test_third_run_is_idempotent_and_emits_banner _________________

    def test_third_run_is_idempotent_and_emits_banner():
        """
        Execute the script a third time to ensure:
          • exit code is 0
          • stdout is exactly 'Hardening completed\n'
          • files and log remain unchanged
        """
        pre_run_states = {p: p.read_bytes() for p in BASE_DIR.iterdir() if p.is_file()}
    
>       result = subprocess.run(
            [str(SCRIPT_PATH)],
            stdout=subprocess.PIPE,
            stderr=subprocess.PIPE,
            text=True,
            check=True,
        )

/tests/test_final_state.py:163: 
_ _ _ _ _ _ _ _ _ _ _ _ _ _ _ _ _ _ _ _ _ _ _ _ _ _ _ _ _ _ _ _ _ _ _ _ _ _ _ _ 
/root/.local/share/uv/python/cpython-3.12.12-linux-x86_64-gnu/lib/python3.12/subprocess.py:548: in run
    with Popen(*popenargs, **kwargs) as process:
         ^^^^^^^^^^^^^^^^^^^^^^^^^^^
/root/.local/share/uv/python/cpython-3.12.12-linux-x86_64-gnu/lib/python3.12/subprocess.py:1026: in __init__
    self._execute_child(args, executable, preexec_fn, close_fds,
_ _ _ _ _ _ _ _ _ _ _ _ _ _ _ _ _ _ _ _ _ _ _ _ _ _ _ _ _ _ _ _ _ _ _ _ _ _ _ _ 

self = <Popen: returncode: 255 args: ['/home/user/hardening_test/apply_hardening.sh']>
args = ['/home/user/hardening_test/apply_hardening.sh']
executable = b'/home/user/hardening_test/apply_hardening.sh', preexec_fn = None
close_fds = True, pass_fds = (), cwd = None, env = None, startupinfo = None
creationflags = 0, shell = False, p2cread = -1, p2cwrite = -1, c2pread = 12
c2pwrite = 13, errread = 14, errwrite = 15, restore_signals = True, gid = None
gids = None, uid = None, umask = -1, start_new_session = False
process_group = -1

    def _execute_child(self, args, executable, preexec_fn, close_fds,
                       pass_fds, cwd, env,
                       startupinfo, creationflags, shell,
                       p2cread, p2cwrite,
                       c2pread, c2pwrite,
                       errread, errwrite,
                       restore_signals,
                       gid, gids, uid, umask,
                       start_new_session, process_group):
        """Execute program (POSIX version)"""
    
        if isinstance(args, (str, bytes)):
            args = [args]
        elif isinstance(args, os.PathLike):
            if shell:
                raise TypeError('path-like args is not allowed when '
                                'shell is true')
            args = [args]
        else:
            args = list(args)
    
        if shell:
            # On Android the default shell is at '/system/bin/sh'.
            unix_shell = ('/system/bin/sh' if
                      hasattr(sys, 'getandroidapilevel') else '/bin/sh')
            args = [unix_shell, "-c"] + args
            if executable:
                args[0] = executable
    
        if executable is None:
            executable = args[0]
    
        sys.audit("subprocess.Popen", executable, args, cwd, env)
    
        if (_USE_POSIX_SPAWN
                and os.path.dirname(executable)
                and preexec_fn is None
                and not close_fds
                and not pass_fds
                and cwd is None
                and (p2cread == -1 or p2cread > 2)
                and (c2pwrite == -1 or c2pwrite > 2)
                and (errwrite == -1 or errwrite > 2)
                and not start_new_session
                and process_group == -1
                and gid is None
                and gids is None
                and uid is None
                and umask < 0):
            self._posix_spawn(args, executable, env, restore_signals,
                              p2cread, p2cwrite,
                              c2pread, c2pwrite,
                              errread, errwrite)
            return
    
        orig_executable = executable
    
        # For transferring possible exec failure from child to parent.
        # Data format: "exception name:hex errno:description"
        # Pickle is not used; it is complex and involves memory allocation.
        errpipe_read, errpipe_write = os.pipe()
        # errpipe_write must not be in the standard io 0, 1, or 2 fd range.
        low_fds_to_close = []
        while errpipe_write < 3:
            low_fds_to_close.append(errpipe_write)
            errpipe_write = os.dup(errpipe_write)
        for low_fd in low_fds_to_close:
            os.close(low_fd)
        try:
            try:
                # We must avoid complex work that could involve
                # malloc or free in the child process to avoid
                # potential deadlocks, thus we do all this here.
                # and pass it to fork_exec()
    
                if env is not None:
                    env_list = []
                    for k, v in env.items():
                        k = os.fsencode(k)
                        if b'=' in k:
                            raise ValueError("illegal environment variable name")
                        env_list.append(k + b'=' + os.fsencode(v))
                else:
                    env_list = None  # Use execv instead of execve.
                executable = os.fsencode(executable)
                if os.path.dirname(executable):
                    executable_list = (executable,)
                else:
                    # This matches the behavior of os._execvpe().
                    executable_list = tuple(
                        os.path.join(os.fsencode(dir), executable)
                        for dir in os.get_exec_path(env))
                fds_to_keep = set(pass_fds)
                fds_to_keep.add(errpipe_write)
                self.pid = _fork_exec(
                        args, executable_list,
                        close_fds, tuple(sorted(map(int, fds_to_keep))),
                        cwd, env_list,
                        p2cread, p2cwrite, c2pread, c2pwrite,
                        errread, errwrite,
                        errpipe_read, errpipe_write,
                        restore_signals, start_new_session,
                        process_group, gid, gids, uid, umask,
                        preexec_fn, _USE_VFORK)
                self._child_created = True
            finally:
                # be sure the FD is closed no matter what
                os.close(errpipe_write)
    
            self._close_pipe_fds(p2cread, p2cwrite,
                                 c2pread, c2pwrite,
                                 errread, errwrite)
    
            # Wait for exec to fail or succeed; possibly raising an
            # exception (limited in size)
            errpipe_data = bytearray()
            while True:
                part = os.read(errpipe_read, 50000)
                errpipe_data += part
                if not part or len(errpipe_data) > 50000:
                    break
        finally:
            # be sure the FD is closed no matter what
            os.close(errpipe_read)
    
        if errpipe_data:
            try:
                pid, sts = os.waitpid(self.pid, 0)
                if pid == self.pid:
                    self._handle_exitstatus(sts)
                else:
                    self.returncode = sys.maxsize
            except ChildProcessError:
                pass
    
            try:
                exception_name, hex_errno, err_msg = (
                        errpipe_data.split(b':', 2))
                # The encoding here should match the encoding
                # written in by the subprocess implementations
                # like _posixsubprocess
                err_msg = err_msg.decode()
            except ValueError:
                exception_name = b'SubprocessError'
                hex_errno = b'0'
                err_msg = 'Bad exception data from child: {!r}'.format(
                              bytes(errpipe_data))
            child_exception_type = getattr(
                    builtins, exception_name.decode('ascii'),
                    SubprocessError)
            if issubclass(child_exception_type, OSError) and hex_errno:
                errno_num = int(hex_errno, 16)
                if err_msg == "noexec:chdir":
                    err_msg = ""
                    # The error must be from chdir(cwd).
                    err_filename = cwd
                elif err_msg == "noexec":
                    err_msg = ""
                    err_filename = None
                else:
                    err_filename = orig_executable
                if errno_num != 0:
                    err_msg = os.strerror(errno_num)
                if err_filename is not None:
>                   raise child_exception_type(errno_num, err_msg, err_filename)
E                   OSError: [Errno 8] Exec format error: '/home/user/hardening_test/apply_hardening.sh'

/root/.local/share/uv/python/cpython-3.12.12-linux-x86_64-gnu/lib/python3.12/subprocess.py:1955: OSError
=========================== short test summary info ============================
FAILED ../../tests/test_final_state.py::test_backup_files_exist_and_match_pristine[sshd_config-pristine0]
FAILED ../../tests/test_final_state.py::test_backup_files_exist_and_match_pristine[sysctl.conf-pristine1]
FAILED ../../tests/test_final_state.py::test_backup_files_exist_and_match_pristine[login.defs-pristine2]
FAILED ../../tests/test_final_state.py::test_target_files_match_final_state[sshd_config-expected_content0]
FAILED ../../tests/test_final_state.py::test_target_files_match_final_state[sysctl.conf-expected_content1]
FAILED ../../tests/test_final_state.py::test_target_file_permissions[sshd_config-384]
FAILED ../../tests/test_final_state.py::test_log_file_content_and_sorting - A...
FAILED ../../tests/test_final_state.py::test_third_run_is_idempotent_and_emits_banner
========================= 8 failed, 4 passed in 0.10s ==========================
