Hit:1 http://archive.ubuntu.com/ubuntu jammy InRelease
Hit:2 http://security.ubuntu.com/ubuntu jammy-security InRelease
Hit:3 http://archive.ubuntu.com/ubuntu jammy-updates InRelease
Hit:4 http://archive.ubuntu.com/ubuntu jammy-backports InRelease
Reading package lists...
Reading package lists...
Building dependency tree...
Reading state information...
curl is already the newest version (7.81.0-1ubuntu1.21).
0 upgraded, 0 newly installed, 0 to remove and 4 not upgraded.
downloading uv 0.9.5 x86_64-unknown-linux-gnu
no checksums to verify
installing to /root/.local/bin
  uv
  uvx
everything's installed!

To add $HOME/.local/bin to your PATH, either restart your shell or run:

    source $HOME/.local/bin/env (sh, bash, zsh)
    source $HOME/.local/bin/env.fish (fish)
Downloading cpython-3.12.12-linux-x86_64-gnu (download) (31.1MiB)
 Downloading cpython-3.12.12-linux-x86_64-gnu (download)
Downloading pygments (1.2MiB)
 Downloading pygments
Installed 5 packages in 22ms
============================= test session starts ==============================
platform linux -- Python 3.12.12, pytest-8.4.1, pluggy-1.6.0 -- /root/.cache/uv/archive-v0/wW5OA_U1k1W_3RPnotBZf/bin/python
cachedir: .pytest_cache
rootdir: /tests
collecting ... collected 5 items

../../tests/test_final_state.py::test_directory_structure PASSED         [ 20%]
../../tests/test_final_state.py::test_venv_prompt PASSED                 [ 40%]
../../tests/test_final_state.py::test_manifest_structure_and_minification PASSED [ 60%]
../../tests/test_final_state.py::test_manifest_content_logic FAILED      [ 80%]
../../tests/test_final_state.py::test_signature_validity PASSED          [100%]

=================================== FAILURES ===================================
_________________________ test_manifest_content_logic __________________________

    def test_manifest_content_logic():
        data = json.loads(MANIFEST_FILE.read_text(encoding="utf-8"))
    
        # 1. Check Timestamp (ISO8601 UTC)
        ts = data["scan_timestamp"]
        assert ts.endswith("Z") or "+00:00" in ts, "Timestamp does not appear to be UTC ISO8601"
        # Try parsing to ensure validity
        try:
>           datetime.fromisoformat(ts.replace("Z", "+00:00"))
E           ValueError: Invalid isoformat string: '%Y-%m-%dT%H:%M:%S+00:00'

/tests/test_final_state.py:48: ValueError

During handling of the above exception, another exception occurred:

    def test_manifest_content_logic():
        data = json.loads(MANIFEST_FILE.read_text(encoding="utf-8"))
    
        # 1. Check Timestamp (ISO8601 UTC)
        ts = data["scan_timestamp"]
        assert ts.endswith("Z") or "+00:00" in ts, "Timestamp does not appear to be UTC ISO8601"
        # Try parsing to ensure validity
        try:
            datetime.fromisoformat(ts.replace("Z", "+00:00"))
        except ValueError:
>           pytest.fail("Timestamp is not valid ISO 8601")
E           Failed: Timestamp is not valid ISO 8601

/tests/test_final_state.py:50: Failed
=========================== short test summary info ============================
FAILED ../../tests/test_final_state.py::test_manifest_content_logic - Failed:...
========================= 1 failed, 4 passed in 0.03s ==========================
