============================= test session starts ==============================
platform linux -- Python 3.10.19, pytest-9.0.2, pluggy-1.6.0 -- /usr/local/bin/python3.10
cachedir: .pytest_cache
rootdir: /workspace/repo
configfile: pyproject.toml
plugins: mock-3.15.1, timeout-2.4.0
timeout: 60.0s
timeout method: signal
timeout func_only: False
collecting ... collected 1 item

tests/test_form.py::test_axi FAILED                                      [100%]

=================================== FAILURES ===================================
___________________________________ test_axi ___________________________________
tests/test_form.py:133: in test_axi
    x = L.integrate(parallel=parallel)
src/felupe/assembly/_integral.py:305: in integrate
    out[i] = form.integrate(parallel=parallel, out=out[i])
E   TypeError: IntegralFormAxisymmetric.integrate() got an unexpected keyword argument 'parallel'
=========================== short test summary info ============================
FAILED tests/test_form.py::test_axi - TypeError: IntegralFormAxisymmetric.int...
============================== 1 failed in 8.16s ===============================
