Hit:1 http://archive.ubuntu.com/ubuntu jammy InRelease
Hit:2 http://security.ubuntu.com/ubuntu jammy-security InRelease
Hit:3 http://archive.ubuntu.com/ubuntu jammy-updates InRelease
Hit:4 http://archive.ubuntu.com/ubuntu jammy-backports InRelease
Reading package lists...
Reading package lists...
Building dependency tree...
Reading state information...
The following additional packages will be installed:
  libbrotli1 libcurl4 libldap-2.5-0 libldap-common libnghttp2-14 libpsl5
  librtmp1 libsasl2-2 libsasl2-modules libsasl2-modules-db libssh-4
  publicsuffix
Suggested packages:
  libsasl2-modules-gssapi-mit | libsasl2-modules-gssapi-heimdal
  libsasl2-modules-ldap libsasl2-modules-otp libsasl2-modules-sql
The following NEW packages will be installed:
  curl libbrotli1 libcurl4 libldap-2.5-0 libldap-common libnghttp2-14 libpsl5
  librtmp1 libsasl2-2 libsasl2-modules libsasl2-modules-db libssh-4
  publicsuffix
0 upgraded, 13 newly installed, 0 to remove and 4 not upgraded.
Need to get 1,653 kB of archives.
After this operation, 4,637 kB of additional disk space will be used.
Get:1 http://archive.ubuntu.com/ubuntu jammy-updates/main amd64 libnghttp2-14 amd64 1.43.0-1ubuntu0.2 [76.9 kB]
Get:2 http://archive.ubuntu.com/ubuntu jammy/main amd64 libpsl5 amd64 0.21.0-1.2build2 [58.4 kB]
Get:3 http://archive.ubuntu.com/ubuntu jammy/main amd64 publicsuffix all 20211207.1025-1 [129 kB]
Get:4 http://archive.ubuntu.com/ubuntu jammy/main amd64 libbrotli1 amd64 1.0.9-2build6 [315 kB]
Get:5 http://archive.ubuntu.com/ubuntu jammy-updates/main amd64 libsasl2-modules-db amd64 2.1.27+dfsg2-3ubuntu1.2 [20.5 kB]
Get:6 http://archive.ubuntu.com/ubuntu jammy-updates/main amd64 libsasl2-2 amd64 2.1.27+dfsg2-3ubuntu1.2 [53.8 kB]
Get:7 http://archive.ubuntu.com/ubuntu jammy-updates/main amd64 libldap-2.5-0 amd64 2.5.20+dfsg-0ubuntu0.22.04.1 [184 kB]
Get:8 http://archive.ubuntu.com/ubuntu jammy/main amd64 librtmp1 amd64 2.4+20151223.gitfa8646d.1-2build4 [58.2 kB]
Get:9 http://archive.ubuntu.com/ubuntu jammy-updates/main amd64 libssh-4 amd64 0.9.6-2ubuntu0.22.04.5 [187 kB]
Get:10 http://archive.ubuntu.com/ubuntu jammy-updates/main amd64 libcurl4 amd64 7.81.0-1ubuntu1.21 [290 kB]
Get:11 http://archive.ubuntu.com/ubuntu jammy-updates/main amd64 curl amd64 7.81.0-1ubuntu1.21 [194 kB]
Get:12 http://archive.ubuntu.com/ubuntu jammy-updates/main amd64 libldap-common all 2.5.20+dfsg-0ubuntu0.22.04.1 [16.4 kB]
Get:13 http://archive.ubuntu.com/ubuntu jammy-updates/main amd64 libsasl2-modules amd64 2.1.27+dfsg2-3ubuntu1.2 [68.8 kB]
debconf: delaying package configuration, since apt-utils is not installed
Fetched 1,653 kB in 1s (2,093 kB/s)
Selecting previously unselected package libnghttp2-14:amd64.
(Reading database ... (Reading database ... 5%(Reading database ... 10%(Reading database ... 15%(Reading database ... 20%(Reading database ... 25%(Reading database ... 30%(Reading database ... 35%(Reading database ... 40%(Reading database ... 45%(Reading database ... 50%(Reading database ... 55%(Reading database ... 60%(Reading database ... 65%(Reading database ... 70%(Reading database ... 75%(Reading database ... 80%(Reading database ... 85%(Reading database ... 90%(Reading database ... 95%(Reading database ... 100%(Reading database ... 7568 files and directories currently installed.)
Preparing to unpack .../00-libnghttp2-14_1.43.0-1ubuntu0.2_amd64.deb ...
Unpacking libnghttp2-14:amd64 (1.43.0-1ubuntu0.2) ...
Selecting previously unselected package libpsl5:amd64.
Preparing to unpack .../01-libpsl5_0.21.0-1.2build2_amd64.deb ...
Unpacking libpsl5:amd64 (0.21.0-1.2build2) ...
Selecting previously unselected package publicsuffix.
Preparing to unpack .../02-publicsuffix_20211207.1025-1_all.deb ...
Unpacking publicsuffix (20211207.1025-1) ...
Selecting previously unselected package libbrotli1:amd64.
Preparing to unpack .../03-libbrotli1_1.0.9-2build6_amd64.deb ...
Unpacking libbrotli1:amd64 (1.0.9-2build6) ...
Selecting previously unselected package libsasl2-modules-db:amd64.
Preparing to unpack .../04-libsasl2-modules-db_2.1.27+dfsg2-3ubuntu1.2_amd64.deb ...
Unpacking libsasl2-modules-db:amd64 (2.1.27+dfsg2-3ubuntu1.2) ...
Selecting previously unselected package libsasl2-2:amd64.
Preparing to unpack .../05-libsasl2-2_2.1.27+dfsg2-3ubuntu1.2_amd64.deb ...
Unpacking libsasl2-2:amd64 (2.1.27+dfsg2-3ubuntu1.2) ...
Selecting previously unselected package libldap-2.5-0:amd64.
Preparing to unpack .../06-libldap-2.5-0_2.5.20+dfsg-0ubuntu0.22.04.1_amd64.deb ...
Unpacking libldap-2.5-0:amd64 (2.5.20+dfsg-0ubuntu0.22.04.1) ...
Selecting previously unselected package librtmp1:amd64.
Preparing to unpack .../07-librtmp1_2.4+20151223.gitfa8646d.1-2build4_amd64.deb ...
Unpacking librtmp1:amd64 (2.4+20151223.gitfa8646d.1-2build4) ...
Selecting previously unselected package libssh-4:amd64.
Preparing to unpack .../08-libssh-4_0.9.6-2ubuntu0.22.04.5_amd64.deb ...
Unpacking libssh-4:amd64 (0.9.6-2ubuntu0.22.04.5) ...
Selecting previously unselected package libcurl4:amd64.
Preparing to unpack .../09-libcurl4_7.81.0-1ubuntu1.21_amd64.deb ...
Unpacking libcurl4:amd64 (7.81.0-1ubuntu1.21) ...
Selecting previously unselected package curl.
Preparing to unpack .../10-curl_7.81.0-1ubuntu1.21_amd64.deb ...
Unpacking curl (7.81.0-1ubuntu1.21) ...
Selecting previously unselected package libldap-common.
Preparing to unpack .../11-libldap-common_2.5.20+dfsg-0ubuntu0.22.04.1_all.deb ...
Unpacking libldap-common (2.5.20+dfsg-0ubuntu0.22.04.1) ...
Selecting previously unselected package libsasl2-modules:amd64.
Preparing to unpack .../12-libsasl2-modules_2.1.27+dfsg2-3ubuntu1.2_amd64.deb ...
Unpacking libsasl2-modules:amd64 (2.1.27+dfsg2-3ubuntu1.2) ...
Setting up libpsl5:amd64 (0.21.0-1.2build2) ...
Setting up libbrotli1:amd64 (1.0.9-2build6) ...
Setting up libsasl2-modules:amd64 (2.1.27+dfsg2-3ubuntu1.2) ...
Setting up libnghttp2-14:amd64 (1.43.0-1ubuntu0.2) ...
Setting up libldap-common (2.5.20+dfsg-0ubuntu0.22.04.1) ...
Setting up libsasl2-modules-db:amd64 (2.1.27+dfsg2-3ubuntu1.2) ...
Setting up librtmp1:amd64 (2.4+20151223.gitfa8646d.1-2build4) ...
Setting up libsasl2-2:amd64 (2.1.27+dfsg2-3ubuntu1.2) ...
Setting up libssh-4:amd64 (0.9.6-2ubuntu0.22.04.5) ...
Setting up publicsuffix (20211207.1025-1) ...
Setting up libldap-2.5-0:amd64 (2.5.20+dfsg-0ubuntu0.22.04.1) ...
Setting up libcurl4:amd64 (7.81.0-1ubuntu1.21) ...
Setting up curl (7.81.0-1ubuntu1.21) ...
Processing triggers for libc-bin (2.35-0ubuntu3.11) ...
downloading uv 0.9.5 x86_64-unknown-linux-gnu
no checksums to verify
installing to /root/.local/bin
  uv
  uvx
everything's installed!

To add $HOME/.local/bin to your PATH, either restart your shell or run:

    source $HOME/.local/bin/env (sh, bash, zsh)
    source $HOME/.local/bin/env.fish (fish)
Downloading cpython-3.12.12-linux-x86_64-gnu (download) (31.1MiB)
 Downloading cpython-3.12.12-linux-x86_64-gnu (download)
Downloading pygments (1.2MiB)
 Downloading pygments
Installed 5 packages in 37ms
============================= test session starts ==============================
platform linux -- Python 3.12.12, pytest-8.4.1, pluggy-1.6.0 -- /root/.cache/uv/archive-v0/FPfRGS3PHo2k5ES23rri1/bin/python
cachedir: .pytest_cache
rootdir: /tests
collecting ... collected 5 items

../../tests/test_final_state.py::test_backup_exists_and_content FAILED   [ 20%]
../../tests/test_final_state.py::test_package_json_bumped PASSED         [ 40%]
../../tests/test_final_state.py::test_config_xml_encoding_and_content FAILED [ 60%]
../../tests/test_final_state.py::test_changelog_crlf_and_content FAILED  [ 80%]
../../tests/test_final_state.py::test_manifest_correctness FAILED        [100%]

=================================== FAILURES ===================================
________________________ test_backup_exists_and_content ________________________

    def test_backup_exists_and_content():
        assert BACKUP_FILE.exists(), "Backup file package.json.bak.gz missing."
    
        with gzip.open(BACKUP_FILE, 'rt', encoding='utf-8') as f:
            content = f.read()
>           assert '"version": "1.2.3"' in content, "Backup does not contain original version 1.2.3"
E           AssertionError: Backup does not contain original version 1.2.3
E           assert '"version": "1.2.3"' in ''

/tests/test_final_state.py:26: AssertionError
_____________________ test_config_xml_encoding_and_content _____________________

    def test_config_xml_encoding_and_content():
        # Read as bytes to check encoding
        raw_content = CONFIG_XML.read_bytes()
    
        # Try decoding as ISO-8859-1
        try:
            text = raw_content.decode('iso-8859-1')
        except UnicodeError:
            pytest.fail("config.xml is not valid ISO-8859-1")
    
        # Ensure it's NOT valid UTF-8 (due to the copyright symbol)
        # The copyright symbol in ISO-8859-1 is 0xA9. In UTF-8 it would be 0xC2 0xA9.
        # If the file is 0xA9, utf-8 decode should fail or be different.
        try:
            raw_content.decode('utf-8')
            # If it decodes successfully as utf-8, check if the copyright symbol matches expected single byte
            # Actually, 0xA9 is not valid start byte in UTF-8, so it should fail.
        except UnicodeDecodeError:
            pass # This is good, means it's not UTF-8
    
        assert '<Version>1.3.0</Version>' in text, "config.xml version not bumped"
>       assert '© 2024' in text, "Copyright symbol missing or corrupted"
E       AssertionError: Copyright symbol missing or corrupted
E       assert '© 2024' in '<?xml version="1.0" encoding="ISO-8859-1"?>\n<configuration>\n    <Version>1.3.0</Version>\n    <Title>Company Website</Title>\n    <Copyright>&#169; 2024 Company Name</Copyright>\n</configuration>\n'

/tests/test_final_state.py:53: AssertionError
_______________________ test_changelog_crlf_and_content ________________________

    def test_changelog_crlf_and_content():
        raw_content = CHANGELOG_MD.read_bytes()
    
        # Check for CRLF
        if b'\n' in raw_content:
            # Every \n must be preceded by \r
            # We can check this by counting \r\n vs \n
            lf_count = raw_content.count(b'\n')
            crlf_count = raw_content.count(b'\r\n')
>           assert lf_count == crlf_count, f"CHANGELOG.md has mixed line endings. LF: {lf_count}, CRLF: {crlf_count}. File must be pure CRLF."
E           AssertionError: CHANGELOG.md has mixed line endings. LF: 14, CRLF: 0. File must be pure CRLF.
E           assert 14 == 0

/tests/test_final_state.py:64: AssertionError
__________________________ test_manifest_correctness ___________________________

    def test_manifest_correctness():
        assert MANIFEST.exists()
    
        text = MANIFEST.read_text(encoding='utf-8')
        data = json.loads(text)
    
        # Check Indentation (simple heuristic: look for 4 spaces at start of lines)
        lines = text.splitlines()
        assert lines[1].startswith("    "), "Manifest does not appear to use 4-space indentation"
    
        # 1. Check Builder
>       assert data['builder'] == EXPECTED_BUILDER, f"Builder mismatch. Expected {EXPECTED_BUILDER}"
E       AssertionError: Builder mismatch. Expected release_bot_9000
E       assert 'unknown' == 'release_bot_9000'
E         
E         - release_bot_9000
E         + unknown

/tests/test_final_state.py:85: AssertionError
=========================== short test summary info ============================
FAILED ../../tests/test_final_state.py::test_backup_exists_and_content - Asse...
FAILED ../../tests/test_final_state.py::test_config_xml_encoding_and_content
FAILED ../../tests/test_final_state.py::test_changelog_crlf_and_content - Ass...
FAILED ../../tests/test_final_state.py::test_manifest_correctness - Assertion...
========================= 4 failed, 1 passed in 0.03s ==========================
