Hit:1 http://security.ubuntu.com/ubuntu jammy-security InRelease
Hit:2 http://archive.ubuntu.com/ubuntu jammy InRelease
Hit:3 http://archive.ubuntu.com/ubuntu jammy-updates InRelease
Hit:4 http://archive.ubuntu.com/ubuntu jammy-backports InRelease
Reading package lists...
Reading package lists...
Building dependency tree...
Reading state information...
The following additional packages will be installed:
  libbrotli1 libcurl4 libldap-2.5-0 libldap-common libnghttp2-14 libpsl5
  librtmp1 libsasl2-2 libsasl2-modules libsasl2-modules-db libssh-4
  publicsuffix
Suggested packages:
  libsasl2-modules-gssapi-mit | libsasl2-modules-gssapi-heimdal
  libsasl2-modules-ldap libsasl2-modules-otp libsasl2-modules-sql
The following NEW packages will be installed:
  curl libbrotli1 libcurl4 libldap-2.5-0 libldap-common libnghttp2-14 libpsl5
  librtmp1 libsasl2-2 libsasl2-modules libsasl2-modules-db libssh-4
  publicsuffix
0 upgraded, 13 newly installed, 0 to remove and 4 not upgraded.
Need to get 1,653 kB of archives.
After this operation, 4,637 kB of additional disk space will be used.
Get:1 http://archive.ubuntu.com/ubuntu jammy-updates/main amd64 libnghttp2-14 amd64 1.43.0-1ubuntu0.2 [76.9 kB]
Get:2 http://archive.ubuntu.com/ubuntu jammy/main amd64 libpsl5 amd64 0.21.0-1.2build2 [58.4 kB]
Get:3 http://archive.ubuntu.com/ubuntu jammy/main amd64 publicsuffix all 20211207.1025-1 [129 kB]
Get:4 http://archive.ubuntu.com/ubuntu jammy/main amd64 libbrotli1 amd64 1.0.9-2build6 [315 kB]
Get:5 http://archive.ubuntu.com/ubuntu jammy-updates/main amd64 libsasl2-modules-db amd64 2.1.27+dfsg2-3ubuntu1.2 [20.5 kB]
Get:6 http://archive.ubuntu.com/ubuntu jammy-updates/main amd64 libsasl2-2 amd64 2.1.27+dfsg2-3ubuntu1.2 [53.8 kB]
Get:7 http://archive.ubuntu.com/ubuntu jammy-updates/main amd64 libldap-2.5-0 amd64 2.5.20+dfsg-0ubuntu0.22.04.1 [184 kB]
Get:8 http://archive.ubuntu.com/ubuntu jammy/main amd64 librtmp1 amd64 2.4+20151223.gitfa8646d.1-2build4 [58.2 kB]
Get:9 http://archive.ubuntu.com/ubuntu jammy-updates/main amd64 libssh-4 amd64 0.9.6-2ubuntu0.22.04.5 [187 kB]
Get:10 http://archive.ubuntu.com/ubuntu jammy-updates/main amd64 libcurl4 amd64 7.81.0-1ubuntu1.21 [290 kB]
Get:11 http://archive.ubuntu.com/ubuntu jammy-updates/main amd64 curl amd64 7.81.0-1ubuntu1.21 [194 kB]
Get:12 http://archive.ubuntu.com/ubuntu jammy-updates/main amd64 libldap-common all 2.5.20+dfsg-0ubuntu0.22.04.1 [16.4 kB]
Get:13 http://archive.ubuntu.com/ubuntu jammy-updates/main amd64 libsasl2-modules amd64 2.1.27+dfsg2-3ubuntu1.2 [68.8 kB]
debconf: delaying package configuration, since apt-utils is not installed
Fetched 1,653 kB in 0s (12.0 MB/s)
Selecting previously unselected package libnghttp2-14:amd64.
(Reading database ... (Reading database ... 5%(Reading database ... 10%(Reading database ... 15%(Reading database ... 20%(Reading database ... 25%(Reading database ... 30%(Reading database ... 35%(Reading database ... 40%(Reading database ... 45%(Reading database ... 50%(Reading database ... 55%(Reading database ... 60%(Reading database ... 65%(Reading database ... 70%(Reading database ... 75%(Reading database ... 80%(Reading database ... 85%(Reading database ... 90%(Reading database ... 95%(Reading database ... 100%(Reading database ... 7466 files and directories currently installed.)
Preparing to unpack .../00-libnghttp2-14_1.43.0-1ubuntu0.2_amd64.deb ...
Unpacking libnghttp2-14:amd64 (1.43.0-1ubuntu0.2) ...
Selecting previously unselected package libpsl5:amd64.
Preparing to unpack .../01-libpsl5_0.21.0-1.2build2_amd64.deb ...
Unpacking libpsl5:amd64 (0.21.0-1.2build2) ...
Selecting previously unselected package publicsuffix.
Preparing to unpack .../02-publicsuffix_20211207.1025-1_all.deb ...
Unpacking publicsuffix (20211207.1025-1) ...
Selecting previously unselected package libbrotli1:amd64.
Preparing to unpack .../03-libbrotli1_1.0.9-2build6_amd64.deb ...
Unpacking libbrotli1:amd64 (1.0.9-2build6) ...
Selecting previously unselected package libsasl2-modules-db:amd64.
Preparing to unpack .../04-libsasl2-modules-db_2.1.27+dfsg2-3ubuntu1.2_amd64.deb ...
Unpacking libsasl2-modules-db:amd64 (2.1.27+dfsg2-3ubuntu1.2) ...
Selecting previously unselected package libsasl2-2:amd64.
Preparing to unpack .../05-libsasl2-2_2.1.27+dfsg2-3ubuntu1.2_amd64.deb ...
Unpacking libsasl2-2:amd64 (2.1.27+dfsg2-3ubuntu1.2) ...
Selecting previously unselected package libldap-2.5-0:amd64.
Preparing to unpack .../06-libldap-2.5-0_2.5.20+dfsg-0ubuntu0.22.04.1_amd64.deb ...
Unpacking libldap-2.5-0:amd64 (2.5.20+dfsg-0ubuntu0.22.04.1) ...
Selecting previously unselected package librtmp1:amd64.
Preparing to unpack .../07-librtmp1_2.4+20151223.gitfa8646d.1-2build4_amd64.deb ...
Unpacking librtmp1:amd64 (2.4+20151223.gitfa8646d.1-2build4) ...
Selecting previously unselected package libssh-4:amd64.
Preparing to unpack .../08-libssh-4_0.9.6-2ubuntu0.22.04.5_amd64.deb ...
Unpacking libssh-4:amd64 (0.9.6-2ubuntu0.22.04.5) ...
Selecting previously unselected package libcurl4:amd64.
Preparing to unpack .../09-libcurl4_7.81.0-1ubuntu1.21_amd64.deb ...
Unpacking libcurl4:amd64 (7.81.0-1ubuntu1.21) ...
Selecting previously unselected package curl.
Preparing to unpack .../10-curl_7.81.0-1ubuntu1.21_amd64.deb ...
Unpacking curl (7.81.0-1ubuntu1.21) ...
Selecting previously unselected package libldap-common.
Preparing to unpack .../11-libldap-common_2.5.20+dfsg-0ubuntu0.22.04.1_all.deb ...
Unpacking libldap-common (2.5.20+dfsg-0ubuntu0.22.04.1) ...
Selecting previously unselected package libsasl2-modules:amd64.
Preparing to unpack .../12-libsasl2-modules_2.1.27+dfsg2-3ubuntu1.2_amd64.deb ...
Unpacking libsasl2-modules:amd64 (2.1.27+dfsg2-3ubuntu1.2) ...
Setting up libpsl5:amd64 (0.21.0-1.2build2) ...
Setting up libbrotli1:amd64 (1.0.9-2build6) ...
Setting up libsasl2-modules:amd64 (2.1.27+dfsg2-3ubuntu1.2) ...
Setting up libnghttp2-14:amd64 (1.43.0-1ubuntu0.2) ...
Setting up libldap-common (2.5.20+dfsg-0ubuntu0.22.04.1) ...
Setting up libsasl2-modules-db:amd64 (2.1.27+dfsg2-3ubuntu1.2) ...
Setting up librtmp1:amd64 (2.4+20151223.gitfa8646d.1-2build4) ...
Setting up libsasl2-2:amd64 (2.1.27+dfsg2-3ubuntu1.2) ...
Setting up libssh-4:amd64 (0.9.6-2ubuntu0.22.04.5) ...
Setting up publicsuffix (20211207.1025-1) ...
Setting up libldap-2.5-0:amd64 (2.5.20+dfsg-0ubuntu0.22.04.1) ...
Setting up libcurl4:amd64 (7.81.0-1ubuntu1.21) ...
Setting up curl (7.81.0-1ubuntu1.21) ...
Processing triggers for libc-bin (2.35-0ubuntu3.11) ...
downloading uv 0.9.5 x86_64-unknown-linux-gnu
no checksums to verify
installing to /root/.local/bin
  uv
  uvx
everything's installed!

To add $HOME/.local/bin to your PATH, either restart your shell or run:

    source $HOME/.local/bin/env (sh, bash, zsh)
    source $HOME/.local/bin/env.fish (fish)
Downloading cpython-3.12.12-linux-x86_64-gnu (download) (31.1MiB)
 Downloading cpython-3.12.12-linux-x86_64-gnu (download)
Downloading pygments (1.2MiB)
 Downloading pygments
Installed 5 packages in 15ms
============================= test session starts ==============================
platform linux -- Python 3.12.12, pytest-8.4.1, pluggy-1.6.0 -- /root/.cache/uv/archive-v0/8J6OEo_hWEo0unKwNWPUH/bin/python
cachedir: .pytest_cache
rootdir: /tests
collecting ... collected 4 items

../../tests/test_final_state.py::test_directory_state FAILED             [ 25%]
../../tests/test_final_state.py::test_normalization_and_compression FAILED [ 50%]
../../tests/test_final_state.py::test_report_encoding_and_format FAILED  [ 75%]
../../tests/test_final_state.py::test_manifest_integration FAILED        [100%]

=================================== FAILURES ===================================
_____________________________ test_directory_state _____________________________

    def test_directory_state():
>       assert not list(BACKUPS.glob("*.sql")), "Uncompressed SQL files remain!"
E       AssertionError: Uncompressed SQL files remain!
E       assert not [PosixPath('/home/user/db_backups/archived.sql'), PosixPath('/home/user/db_backups/inventory_2023.sql'), PosixPath('/home/user/db_backups/inventory-2023.sql'), PosixPath('/home/user/db_backups/ orders.sql'), PosixPath('/home/user/db_backups/customers.sql')]
E        +  where [PosixPath('/home/user/db_backups/archived.sql'), PosixPath('/home/user/db_backups/inventory_2023.sql'), PosixPath('/home/user/db_backups/inventory-2023.sql'), PosixPath('/home/user/db_backups/ orders.sql'), PosixPath('/home/user/db_backups/customers.sql')] = list(<generator object Path.glob at 0x77d623588370>)
E        +    where <generator object Path.glob at 0x77d623588370> = glob('*.sql')
E        +      where glob = PosixPath('/home/user/db_backups').glob

/tests/test_final_state.py:25: AssertionError
______________________ test_normalization_and_compression ______________________

    def test_normalization_and_compression():
        """Check if customers.sql.gz decompresses to the normalized content (no BOM, no trailing spaces)."""
        gz_path = BACKUPS / "customers.sql.gz"
>       with gzip.open(gz_path, 'rb') as f:
             ^^^^^^^^^^^^^^^^^^^^^^^^

/tests/test_final_state.py:34: 
_ _ _ _ _ _ _ _ _ _ _ _ _ _ _ _ _ _ _ _ _ _ _ _ _ _ _ _ _ _ _ _ _ _ _ _ _ _ _ _ 
/root/.local/share/uv/python/cpython-3.12.12-linux-x86_64-gnu/lib/python3.12/gzip.py:65: in open
    binary_file = GzipFile(filename, gz_mode, compresslevel)
                  ^^^^^^^^^^^^^^^^^^^^^^^^^^^^^^^^^^^^^^^^^^
_ _ _ _ _ _ _ _ _ _ _ _ _ _ _ _ _ _ _ _ _ _ _ _ _ _ _ _ _ _ _ _ _ _ _ _ _ _ _ _ 

self = <gzip on 0x77d6237df8e0>
filename = PosixPath('/home/user/db_backups/customers.sql.gz'), mode = 'rb'
compresslevel = 9, fileobj = None, mtime = None

    def __init__(self, filename=None, mode=None,
                 compresslevel=_COMPRESS_LEVEL_BEST, fileobj=None, mtime=None):
        """Constructor for the GzipFile class.
    
        At least one of fileobj and filename must be given a
        non-trivial value.
    
        The new class instance is based on fileobj, which can be a regular
        file, an io.BytesIO object, or any other object which simulates a file.
        It defaults to None, in which case filename is opened to provide
        a file object.
    
        When fileobj is not None, the filename argument is only used to be
        included in the gzip file header, which may include the original
        filename of the uncompressed file.  It defaults to the filename of
        fileobj, if discernible; otherwise, it defaults to the empty string,
        and in this case the original filename is not included in the header.
    
        The mode argument can be any of 'r', 'rb', 'a', 'ab', 'w', 'wb', 'x', or
        'xb' depending on whether the file will be read or written.  The default
        is the mode of fileobj if discernible; otherwise, the default is 'rb'.
        A mode of 'r' is equivalent to one of 'rb', and similarly for 'w' and
        'wb', 'a' and 'ab', and 'x' and 'xb'.
    
        The compresslevel argument is an integer from 0 to 9 controlling the
        level of compression; 1 is fastest and produces the least compression,
        and 9 is slowest and produces the most compression. 0 is no compression
        at all. The default is 9.
    
        The mtime argument is an optional numeric timestamp to be written
        to the last modification time field in the stream when compressing.
        If omitted or None, the current time is used.
    
        """
    
        if mode and ('t' in mode or 'U' in mode):
            raise ValueError("Invalid mode: {!r}".format(mode))
        if mode and 'b' not in mode:
            mode += 'b'
    
        try:
            if fileobj is None:
>               fileobj = self.myfileobj = builtins.open(filename, mode or 'rb')
                                           ^^^^^^^^^^^^^^^^^^^^^^^^^^^^^^^^^^^^^
E               FileNotFoundError: [Errno 2] No such file or directory: '/home/user/db_backups/customers.sql.gz'

/root/.local/share/uv/python/cpython-3.12.12-linux-x86_64-gnu/lib/python3.12/gzip.py:201: FileNotFoundError
_______________________ test_report_encoding_and_format ________________________

    def test_report_encoding_and_format():
        """Strictly check Latin-1 encoding and CRLF line endings."""
>       assert REPORT.exists()
E       AssertionError: assert False
E        +  where False = exists()
E        +    where exists = PosixPath('/home/user/backup_logs/compliance_report.log').exists

/tests/test_final_state.py:45: AssertionError
__________________________ test_manifest_integration ___________________________

    def test_manifest_integration():
        """Check manifest existence, content, and hash in report."""
>       assert MANIFEST.exists()
E       AssertionError: assert False
E        +  where False = exists()
E        +    where exists = PosixPath('/home/user/backup_logs/manifest.json').exists

/tests/test_final_state.py:88: AssertionError
=========================== short test summary info ============================
FAILED ../../tests/test_final_state.py::test_directory_state - AssertionError...
FAILED ../../tests/test_final_state.py::test_normalization_and_compression - ...
FAILED ../../tests/test_final_state.py::test_report_encoding_and_format - Ass...
FAILED ../../tests/test_final_state.py::test_manifest_integration - Assertion...
============================== 4 failed in 0.04s ===============================
