Hit:1 http://archive.ubuntu.com/ubuntu jammy InRelease
Hit:2 http://archive.ubuntu.com/ubuntu jammy-updates InRelease
Hit:3 http://security.ubuntu.com/ubuntu jammy-security InRelease
Hit:4 http://archive.ubuntu.com/ubuntu jammy-backports InRelease
Reading package lists...
Reading package lists...
Building dependency tree...
Reading state information...
curl is already the newest version (7.81.0-1ubuntu1.21).
0 upgraded, 0 newly installed, 0 to remove and 3 not upgraded.
downloading uv 0.9.5 x86_64-unknown-linux-gnu
no checksums to verify
installing to /root/.local/bin
  uv
  uvx
everything's installed!

To add $HOME/.local/bin to your PATH, either restart your shell or run:

    source $HOME/.local/bin/env (sh, bash, zsh)
    source $HOME/.local/bin/env.fish (fish)
Downloading cpython-3.12.12-linux-x86_64-gnu (download) (31.1MiB)
 Downloading cpython-3.12.12-linux-x86_64-gnu (download)
Downloading pygments (1.2MiB)
 Downloading pygments
Installed 5 packages in 14ms
============================= test session starts ==============================
platform linux -- Python 3.12.12, pytest-8.4.1, pluggy-1.6.0 -- /root/.cache/uv/archive-v0/oDgFe-hVtr7XUt8YTHEIs/bin/python
cachedir: .pytest_cache
rootdir: /tests
collecting ... collected 5 items

../../tests/test_final_state.py::test_step1_normalization FAILED         [ 20%]
../../tests/test_final_state.py::test_step2_batch_id FAILED              [ 40%]
../../tests/test_final_state.py::test_step3_high_spend_logic FAILED      [ 60%]
../../tests/test_final_state.py::test_step4_csv_encoding_and_content FAILED [ 80%]
../../tests/test_final_state.py::test_validation_log PASSED              [100%]

=================================== FAILURES ===================================
___________________________ test_step1_normalization ___________________________

    def test_step1_normalization():
        assert NORMALIZED_FILE.is_file(), "Normalized file missing"
        # Must be valid UTF-8
        try:
            content = NORMALIZED_FILE.read_text(encoding="utf-8")
>           data = json.loads(content)
                   ^^^^^^^^^^^^^^^^^^^

/tests/test_final_state.py:56: 
_ _ _ _ _ _ _ _ _ _ _ _ _ _ _ _ _ _ _ _ _ _ _ _ _ _ _ _ _ _ _ _ _ _ _ _ _ _ _ _ 
/root/.local/share/uv/python/cpython-3.12.12-linux-x86_64-gnu/lib/python3.12/json/__init__.py:346: in loads
    return _default_decoder.decode(s)
           ^^^^^^^^^^^^^^^^^^^^^^^^^^
/root/.local/share/uv/python/cpython-3.12.12-linux-x86_64-gnu/lib/python3.12/json/decoder.py:338: in decode
    obj, end = self.raw_decode(s, idx=_w(s, 0).end())
               ^^^^^^^^^^^^^^^^^^^^^^^^^^^^^^^^^^^^^^
_ _ _ _ _ _ _ _ _ _ _ _ _ _ _ _ _ _ _ _ _ _ _ _ _ _ _ _ _ _ _ _ _ _ _ _ _ _ _ _ 

self = <json.decoder.JSONDecoder object at 0x7cd3f5591310>, s = '', idx = 0

    def raw_decode(self, s, idx=0):
        """Decode a JSON document from ``s`` (a ``str`` beginning with
        a JSON document) and return a 2-tuple of the Python
        representation and the index in ``s`` where the document ended.
    
        This can be used to decode a JSON document from a string that may
        have extraneous data at the end.
    
        """
        try:
            obj, end = self.scan_once(s, idx)
        except StopIteration as err:
>           raise JSONDecodeError("Expecting value", s, err.value) from None
E           json.decoder.JSONDecodeError: Expecting value: line 1 column 1 (char 0)

/root/.local/share/uv/python/cpython-3.12.12-linux-x86_64-gnu/lib/python3.12/json/decoder.py:356: JSONDecodeError
_____________________________ test_step2_batch_id ______________________________

    def test_step2_batch_id():
        assert BATCH_ID_FILE.is_file(), "Batch ID file missing"
    
        # Calculate expected hash from the normalized file on disk
        norm_bytes = NORMALIZED_FILE.read_bytes()
        expected_hash = hashlib.sha256(norm_bytes).hexdigest()
    
        actual_hash = BATCH_ID_FILE.read_text().strip()
        assert actual_hash == expected_hash, "Batch ID does not match SHA256 of normalized file"
>       assert "\n" not in BATCH_ID_FILE.read_text(), "Batch ID file should not have trailing newline"
E       AssertionError: Batch ID file should not have trailing newline
E       assert '\n' not in 'e3b0c44298f...1b7852b855\n'
E         
E         '\n' is contained here:
E           e3b0c44298fc1c149afbf4c8996fb92427ae41e4649b934ca495991b7852b855
E         ?                                                                 +

/tests/test_final_state.py:75: AssertionError
_________________________ test_step3_high_spend_logic __________________________

    def test_step3_high_spend_logic():
        assert HIGH_SPEND_JSON_FILE.is_file()
>       data = json.loads(HIGH_SPEND_JSON_FILE.read_text(encoding="utf-8"))
               ^^^^^^^^^^^^^^^^^^^^^^^^^^^^^^^^^^^^^^^^^^^^^^^^^^^^^^^^^^^^

/tests/test_final_state.py:79: 
_ _ _ _ _ _ _ _ _ _ _ _ _ _ _ _ _ _ _ _ _ _ _ _ _ _ _ _ _ _ _ _ _ _ _ _ _ _ _ _ 
/root/.local/share/uv/python/cpython-3.12.12-linux-x86_64-gnu/lib/python3.12/json/__init__.py:346: in loads
    return _default_decoder.decode(s)
           ^^^^^^^^^^^^^^^^^^^^^^^^^^
/root/.local/share/uv/python/cpython-3.12.12-linux-x86_64-gnu/lib/python3.12/json/decoder.py:338: in decode
    obj, end = self.raw_decode(s, idx=_w(s, 0).end())
               ^^^^^^^^^^^^^^^^^^^^^^^^^^^^^^^^^^^^^^
_ _ _ _ _ _ _ _ _ _ _ _ _ _ _ _ _ _ _ _ _ _ _ _ _ _ _ _ _ _ _ _ _ _ _ _ _ _ _ _ 

self = <json.decoder.JSONDecoder object at 0x7cd3f5591310>, s = '', idx = 0

    def raw_decode(self, s, idx=0):
        """Decode a JSON document from ``s`` (a ``str`` beginning with
        a JSON document) and return a 2-tuple of the Python
        representation and the index in ``s`` where the document ended.
    
        This can be used to decode a JSON document from a string that may
        have extraneous data at the end.
    
        """
        try:
            obj, end = self.scan_once(s, idx)
        except StopIteration as err:
>           raise JSONDecodeError("Expecting value", s, err.value) from None
E           json.decoder.JSONDecodeError: Expecting value: line 1 column 1 (char 0)

/root/.local/share/uv/python/cpython-3.12.12-linux-x86_64-gnu/lib/python3.12/json/decoder.py:356: JSONDecodeError
_____________________ test_step4_csv_encoding_and_content ______________________

    def test_step4_csv_encoding_and_content():
        assert SUMMARY_CSV_FILE.is_file()
    
        # 1. Verify Encoding is Latin-1 (ISO-8859-1)
        try:
            content = SUMMARY_CSV_FILE.read_text(encoding="iso-8859-1")
        except Exception as e:
            pytest.fail(f"Could not read CSV as ISO-8859-1: {e}")
    
        lines = content.splitlines()
>       header = lines[0]
                 ^^^^^^^^
E       IndexError: list index out of range

/tests/test_final_state.py:114: IndexError
=========================== short test summary info ============================
FAILED ../../tests/test_final_state.py::test_step1_normalization - json.decod...
FAILED ../../tests/test_final_state.py::test_step2_batch_id - AssertionError:...
FAILED ../../tests/test_final_state.py::test_step3_high_spend_logic - json.de...
FAILED ../../tests/test_final_state.py::test_step4_csv_encoding_and_content
========================= 4 failed, 1 passed in 0.05s ==========================
