Hit:1 http://archive.ubuntu.com/ubuntu jammy InRelease
Hit:2 http://archive.ubuntu.com/ubuntu jammy-updates InRelease
Hit:3 http://archive.ubuntu.com/ubuntu jammy-backports InRelease
Hit:4 http://security.ubuntu.com/ubuntu jammy-security InRelease
Reading package lists...
Reading package lists...
Building dependency tree...
Reading state information...
The following additional packages will be installed:
  libbrotli1 libcurl4 libldap-2.5-0 libldap-common libnghttp2-14 libpsl5
  librtmp1 libsasl2-2 libsasl2-modules libsasl2-modules-db libssh-4
  publicsuffix
Suggested packages:
  libsasl2-modules-gssapi-mit | libsasl2-modules-gssapi-heimdal
  libsasl2-modules-ldap libsasl2-modules-otp libsasl2-modules-sql
The following NEW packages will be installed:
  curl libbrotli1 libcurl4 libldap-2.5-0 libldap-common libnghttp2-14 libpsl5
  librtmp1 libsasl2-2 libsasl2-modules libsasl2-modules-db libssh-4
  publicsuffix
0 upgraded, 13 newly installed, 0 to remove and 4 not upgraded.
Need to get 1653 kB of archives.
After this operation, 4637 kB of additional disk space will be used.
Get:1 http://archive.ubuntu.com/ubuntu jammy-updates/main amd64 libnghttp2-14 amd64 1.43.0-1ubuntu0.2 [76.9 kB]
Get:2 http://archive.ubuntu.com/ubuntu jammy/main amd64 libpsl5 amd64 0.21.0-1.2build2 [58.4 kB]
Get:3 http://archive.ubuntu.com/ubuntu jammy/main amd64 publicsuffix all 20211207.1025-1 [129 kB]
Get:4 http://archive.ubuntu.com/ubuntu jammy/main amd64 libbrotli1 amd64 1.0.9-2build6 [315 kB]
Get:5 http://archive.ubuntu.com/ubuntu jammy-updates/main amd64 libsasl2-modules-db amd64 2.1.27+dfsg2-3ubuntu1.2 [20.5 kB]
Get:6 http://archive.ubuntu.com/ubuntu jammy-updates/main amd64 libsasl2-2 amd64 2.1.27+dfsg2-3ubuntu1.2 [53.8 kB]
Get:7 http://archive.ubuntu.com/ubuntu jammy-updates/main amd64 libldap-2.5-0 amd64 2.5.20+dfsg-0ubuntu0.22.04.1 [184 kB]
Get:8 http://archive.ubuntu.com/ubuntu jammy/main amd64 librtmp1 amd64 2.4+20151223.gitfa8646d.1-2build4 [58.2 kB]
Get:9 http://archive.ubuntu.com/ubuntu jammy-updates/main amd64 libssh-4 amd64 0.9.6-2ubuntu0.22.04.5 [187 kB]
Get:10 http://archive.ubuntu.com/ubuntu jammy-updates/main amd64 libcurl4 amd64 7.81.0-1ubuntu1.21 [290 kB]
Get:11 http://archive.ubuntu.com/ubuntu jammy-updates/main amd64 curl amd64 7.81.0-1ubuntu1.21 [194 kB]
Get:12 http://archive.ubuntu.com/ubuntu jammy-updates/main amd64 libldap-common all 2.5.20+dfsg-0ubuntu0.22.04.1 [16.4 kB]
Get:13 http://archive.ubuntu.com/ubuntu jammy-updates/main amd64 libsasl2-modules amd64 2.1.27+dfsg2-3ubuntu1.2 [68.8 kB]
debconf: delaying package configuration, since apt-utils is not installed
Fetched 1653 kB in 1s (2074 kB/s)
Selecting previously unselected package libnghttp2-14:amd64.
(Reading database ... (Reading database ... 5%(Reading database ... 10%(Reading database ... 15%(Reading database ... 20%(Reading database ... 25%(Reading database ... 30%(Reading database ... 35%(Reading database ... 40%(Reading database ... 45%(Reading database ... 50%(Reading database ... 55%(Reading database ... 60%(Reading database ... 65%(Reading database ... 70%(Reading database ... 75%(Reading database ... 80%(Reading database ... 85%(Reading database ... 90%(Reading database ... 95%(Reading database ... 100%(Reading database ... 6846 files and directories currently installed.)
Preparing to unpack .../00-libnghttp2-14_1.43.0-1ubuntu0.2_amd64.deb ...
Unpacking libnghttp2-14:amd64 (1.43.0-1ubuntu0.2) ...
Selecting previously unselected package libpsl5:amd64.
Preparing to unpack .../01-libpsl5_0.21.0-1.2build2_amd64.deb ...
Unpacking libpsl5:amd64 (0.21.0-1.2build2) ...
Selecting previously unselected package publicsuffix.
Preparing to unpack .../02-publicsuffix_20211207.1025-1_all.deb ...
Unpacking publicsuffix (20211207.1025-1) ...
Selecting previously unselected package libbrotli1:amd64.
Preparing to unpack .../03-libbrotli1_1.0.9-2build6_amd64.deb ...
Unpacking libbrotli1:amd64 (1.0.9-2build6) ...
Selecting previously unselected package libsasl2-modules-db:amd64.
Preparing to unpack .../04-libsasl2-modules-db_2.1.27+dfsg2-3ubuntu1.2_amd64.deb ...
Unpacking libsasl2-modules-db:amd64 (2.1.27+dfsg2-3ubuntu1.2) ...
Selecting previously unselected package libsasl2-2:amd64.
Preparing to unpack .../05-libsasl2-2_2.1.27+dfsg2-3ubuntu1.2_amd64.deb ...
Unpacking libsasl2-2:amd64 (2.1.27+dfsg2-3ubuntu1.2) ...
Selecting previously unselected package libldap-2.5-0:amd64.
Preparing to unpack .../06-libldap-2.5-0_2.5.20+dfsg-0ubuntu0.22.04.1_amd64.deb ...
Unpacking libldap-2.5-0:amd64 (2.5.20+dfsg-0ubuntu0.22.04.1) ...
Selecting previously unselected package librtmp1:amd64.
Preparing to unpack .../07-librtmp1_2.4+20151223.gitfa8646d.1-2build4_amd64.deb ...
Unpacking librtmp1:amd64 (2.4+20151223.gitfa8646d.1-2build4) ...
Selecting previously unselected package libssh-4:amd64.
Preparing to unpack .../08-libssh-4_0.9.6-2ubuntu0.22.04.5_amd64.deb ...
Unpacking libssh-4:amd64 (0.9.6-2ubuntu0.22.04.5) ...
Selecting previously unselected package libcurl4:amd64.
Preparing to unpack .../09-libcurl4_7.81.0-1ubuntu1.21_amd64.deb ...
Unpacking libcurl4:amd64 (7.81.0-1ubuntu1.21) ...
Selecting previously unselected package curl.
Preparing to unpack .../10-curl_7.81.0-1ubuntu1.21_amd64.deb ...
Unpacking curl (7.81.0-1ubuntu1.21) ...
Selecting previously unselected package libldap-common.
Preparing to unpack .../11-libldap-common_2.5.20+dfsg-0ubuntu0.22.04.1_all.deb ...
Unpacking libldap-common (2.5.20+dfsg-0ubuntu0.22.04.1) ...
Selecting previously unselected package libsasl2-modules:amd64.
Preparing to unpack .../12-libsasl2-modules_2.1.27+dfsg2-3ubuntu1.2_amd64.deb ...
Unpacking libsasl2-modules:amd64 (2.1.27+dfsg2-3ubuntu1.2) ...
Setting up libpsl5:amd64 (0.21.0-1.2build2) ...
Setting up libbrotli1:amd64 (1.0.9-2build6) ...
Setting up libsasl2-modules:amd64 (2.1.27+dfsg2-3ubuntu1.2) ...
Setting up libnghttp2-14:amd64 (1.43.0-1ubuntu0.2) ...
Setting up libldap-common (2.5.20+dfsg-0ubuntu0.22.04.1) ...
Setting up libsasl2-modules-db:amd64 (2.1.27+dfsg2-3ubuntu1.2) ...
Setting up librtmp1:amd64 (2.4+20151223.gitfa8646d.1-2build4) ...
Setting up libsasl2-2:amd64 (2.1.27+dfsg2-3ubuntu1.2) ...
Setting up libssh-4:amd64 (0.9.6-2ubuntu0.22.04.5) ...
Setting up publicsuffix (20211207.1025-1) ...
Setting up libldap-2.5-0:amd64 (2.5.20+dfsg-0ubuntu0.22.04.1) ...
Setting up libcurl4:amd64 (7.81.0-1ubuntu1.21) ...
Setting up curl (7.81.0-1ubuntu1.21) ...
Processing triggers for libc-bin (2.35-0ubuntu3.11) ...
downloading uv 0.9.5 x86_64-unknown-linux-gnu
no checksums to verify
installing to /root/.local/bin
  uv
  uvx
everything's installed!

To add $HOME/.local/bin to your PATH, either restart your shell or run:

    source $HOME/.local/bin/env (sh, bash, zsh)
    source $HOME/.local/bin/env.fish (fish)
Downloading cpython-3.12.12-linux-x86_64-gnu (download) (31.1MiB)
 Downloading cpython-3.12.12-linux-x86_64-gnu (download)
Downloading pygments (1.2MiB)
 Downloading pygments
Installed 5 packages in 24ms
============================= test session starts ==============================
platform linux -- Python 3.12.12, pytest-8.4.1, pluggy-1.6.0 -- /root/.cache/uv/archive-v0/HTC5jsoWvV6wiJi7DKVR6/bin/python
cachedir: .pytest_cache
rootdir: /tests
collecting ... collected 12 items

../../tests/test_final_state.py::test_script_exists_and_is_executable PASSED [  8%]
../../tests/test_final_state.py::test_backup_files_exist_and_match_pristine[sshd_config-pristine0] FAILED [ 16%]
../../tests/test_final_state.py::test_backup_files_exist_and_match_pristine[sysctl.conf-pristine1] FAILED [ 25%]
../../tests/test_final_state.py::test_backup_files_exist_and_match_pristine[login.defs-pristine2] FAILED [ 33%]
../../tests/test_final_state.py::test_target_files_match_final_state[sshd_config-expected_content0] FAILED [ 41%]
../../tests/test_final_state.py::test_target_files_match_final_state[sysctl.conf-expected_content1] FAILED [ 50%]
../../tests/test_final_state.py::test_target_files_match_final_state[login.defs-expected_content2] PASSED [ 58%]
../../tests/test_final_state.py::test_target_file_permissions[sshd_config-384] FAILED [ 66%]
../../tests/test_final_state.py::test_target_file_permissions[sysctl.conf-420] PASSED [ 75%]
../../tests/test_final_state.py::test_target_file_permissions[login.defs-420] PASSED [ 83%]
../../tests/test_final_state.py::test_log_file_content_and_sorting FAILED [ 91%]
../../tests/test_final_state.py::test_third_run_is_idempotent_and_emits_banner FAILED [100%]

=================================== FAILURES ===================================
______ test_backup_files_exist_and_match_pristine[sshd_config-pristine0] _______

fname = 'sshd_config'
pristine = ['# Sample OpenSSH daemon configuration for the lab', 'Port 22', 'Protocol 2', 'PermitRootLogin yes', 'HostKey /etc/ssh/ssh_host_rsa_key', 'HostKey /etc/ssh/ssh_host_ecdsa_key', ...]

    @pytest.mark.parametrize("fname,pristine", PRISTINE_CONTENTS.items())
    def test_backup_files_exist_and_match_pristine(fname, pristine):
        """
        *.bak files must exist and be byte-for-byte identical to the initial versions.
        """
        backup_path = BASE_DIR / f"{fname}.bak"
>       assert backup_path.is_file(), f"Backup file {backup_path} is missing."
E       AssertionError: Backup file /home/user/hardening_test/sshd_config.bak is missing.
E       assert False
E        +  where False = is_file()
E        +    where is_file = PosixPath('/home/user/hardening_test/sshd_config.bak').is_file

/tests/test_final_state.py:105: AssertionError
______ test_backup_files_exist_and_match_pristine[sysctl.conf-pristine1] _______

fname = 'sysctl.conf'
pristine = ['# Kernel sysctl configuration', 'vm.swappiness = 10', 'fs.file-max = 65535', '# End of file']

    @pytest.mark.parametrize("fname,pristine", PRISTINE_CONTENTS.items())
    def test_backup_files_exist_and_match_pristine(fname, pristine):
        """
        *.bak files must exist and be byte-for-byte identical to the initial versions.
        """
        backup_path = BASE_DIR / f"{fname}.bak"
>       assert backup_path.is_file(), f"Backup file {backup_path} is missing."
E       AssertionError: Backup file /home/user/hardening_test/sysctl.conf.bak is missing.
E       assert False
E        +  where False = is_file()
E        +    where is_file = PosixPath('/home/user/hardening_test/sysctl.conf.bak').is_file

/tests/test_final_state.py:105: AssertionError
_______ test_backup_files_exist_and_match_pristine[login.defs-pristine2] _______

fname = 'login.defs'
pristine = ['# Shadow password suite configuration', 'UID_MIN                  1000', 'UID_MAX                 60000', 'PASS_MAX_DAYS   90', 'UMASK                    077', '# End of file']

    @pytest.mark.parametrize("fname,pristine", PRISTINE_CONTENTS.items())
    def test_backup_files_exist_and_match_pristine(fname, pristine):
        """
        *.bak files must exist and be byte-for-byte identical to the initial versions.
        """
        backup_path = BASE_DIR / f"{fname}.bak"
>       assert backup_path.is_file(), f"Backup file {backup_path} is missing."
E       AssertionError: Backup file /home/user/hardening_test/login.defs.bak is missing.
E       assert False
E        +  where False = is_file()
E        +    where is_file = PosixPath('/home/user/hardening_test/login.defs.bak').is_file

/tests/test_final_state.py:105: AssertionError
______ test_target_files_match_final_state[sshd_config-expected_content0] ______

fname = 'sshd_config'
expected_content = ['# Sample OpenSSH daemon configuration for the lab', 'Port 22', 'Protocol 2', 'PermitRootLogin no', 'HostKey /etc/ssh/ssh_host_rsa_key', 'HostKey /etc/ssh/ssh_host_ecdsa_key', ...]

    @pytest.mark.parametrize("fname,expected_content", FINAL_CONTENTS.items())
    def test_target_files_match_final_state(fname, expected_content):
        """
        Target files must match the expected final state (Repaired, Appended, or Skipped).
        """
        path = BASE_DIR / fname
        assert path.is_file(), f"Target file {path} is missing."
    
        actual_lines = read_lines(path)
>       assert_lines_exact(actual_lines, expected_content, path)

/tests/test_final_state.py:120: 
_ _ _ _ _ _ _ _ _ _ _ _ _ _ _ _ _ _ _ _ _ _ _ _ _ _ _ _ _ _ _ _ _ _ _ _ _ _ _ _ 

actual = ['# Sample OpenSSH daemon configuration for the lab', 'Port 22', 'Protocol 2', 'PermitRootLogin yes', 'HostKey /etc/ssh/ssh_host_rsa_key', 'HostKey /etc/ssh/ssh_host_ecdsa_key', ...]
expected = ['# Sample OpenSSH daemon configuration for the lab', 'Port 22', 'Protocol 2', 'PermitRootLogin no', 'HostKey /etc/ssh/ssh_host_rsa_key', 'HostKey /etc/ssh/ssh_host_ecdsa_key', ...]
path = PosixPath('/home/user/hardening_test/sshd_config')

    def assert_lines_exact(actual, expected, path):
>       assert (
            actual == expected
        ), f"{path} contents differ from what is expected.\nExpected:\n{expected!r}\nActual:\n{actual!r}"
E       AssertionError: /home/user/hardening_test/sshd_config contents differ from what is expected.
E         Expected:
E         ['# Sample OpenSSH daemon configuration for the lab', 'Port 22', 'Protocol 2', 'PermitRootLogin no', 'HostKey /etc/ssh/ssh_host_rsa_key', 'HostKey /etc/ssh/ssh_host_ecdsa_key', 'HostKey /etc/ssh/ssh_host_ed25519_key', '# End of file']
E         Actual:
E         ['# Sample OpenSSH daemon configuration for the lab', 'Port 22', 'Protocol 2', 'PermitRootLogin yes', 'HostKey /etc/ssh/ssh_host_rsa_key', 'HostKey /etc/ssh/ssh_host_ecdsa_key', 'HostKey /etc/ssh/ssh_host_ed25519_key', '# End of file']
E       assert ['# Sample Op...dsa_key', ...] == ['# Sample Op...dsa_key', ...]
E         
E         At index 3 diff: 'PermitRootLogin yes' != 'PermitRootLogin no'
E         
E         Full diff:
E           [
E               '# Sample OpenSSH daemon configuration for the lab',
E               'Port 22',...
E         
E         ...Full output truncated (10 lines hidden), use '-vv' to show

/tests/test_final_state.py:84: AssertionError
______ test_target_files_match_final_state[sysctl.conf-expected_content1] ______

fname = 'sysctl.conf'
expected_content = ['# Kernel sysctl configuration', 'vm.swappiness = 10', 'fs.file-max = 65535', '# End of file', 'net.ipv4.ip_forward = 0']

    @pytest.mark.parametrize("fname,expected_content", FINAL_CONTENTS.items())
    def test_target_files_match_final_state(fname, expected_content):
        """
        Target files must match the expected final state (Repaired, Appended, or Skipped).
        """
        path = BASE_DIR / fname
        assert path.is_file(), f"Target file {path} is missing."
    
        actual_lines = read_lines(path)
>       assert_lines_exact(actual_lines, expected_content, path)

/tests/test_final_state.py:120: 
_ _ _ _ _ _ _ _ _ _ _ _ _ _ _ _ _ _ _ _ _ _ _ _ _ _ _ _ _ _ _ _ _ _ _ _ _ _ _ _ 

actual = ['# Kernel sysctl configuration', 'vm.swappiness = 10', 'fs.file-max = 65535', '# End of file']
expected = ['# Kernel sysctl configuration', 'vm.swappiness = 10', 'fs.file-max = 65535', '# End of file', 'net.ipv4.ip_forward = 0']
path = PosixPath('/home/user/hardening_test/sysctl.conf')

    def assert_lines_exact(actual, expected, path):
>       assert (
            actual == expected
        ), f"{path} contents differ from what is expected.\nExpected:\n{expected!r}\nActual:\n{actual!r}"
E       AssertionError: /home/user/hardening_test/sysctl.conf contents differ from what is expected.
E         Expected:
E         ['# Kernel sysctl configuration', 'vm.swappiness = 10', 'fs.file-max = 65535', '# End of file', 'net.ipv4.ip_forward = 0']
E         Actual:
E         ['# Kernel sysctl configuration', 'vm.swappiness = 10', 'fs.file-max = 65535', '# End of file']
E       assert ['# Kernel sy... End of file'] == ['# Kernel sy..._forward = 0']
E         
E         Right contains one more item: 'net.ipv4.ip_forward = 0'
E         
E         Full diff:
E           [
E               '# Kernel sysctl configuration',
E               'vm.swappiness = 10',...
E         
E         ...Full output truncated (4 lines hidden), use '-vv' to show

/tests/test_final_state.py:84: AssertionError
________________ test_target_file_permissions[sshd_config-384] _________________

fname = 'sshd_config', octal_mode = 384

    @pytest.mark.parametrize("fname,octal_mode", EXPECTED_PERMISSIONS.items())
    def test_target_file_permissions(fname, octal_mode):
        """
        Target files must have exact permissions.
        """
        path = BASE_DIR / fname
        assert path.is_file()
        # Mask with 0o777 to get just the permission bits
        current_mode = path.stat().st_mode & 0o777
>       assert current_mode == octal_mode, f"{fname} has permissions {octal(current_mode)}, expected {octal(octal_mode)}"
                                                                      ^^^^^
E       NameError: name 'octal' is not defined

/tests/test_final_state.py:132: NameError
______________________ test_log_file_content_and_sorting _______________________

    def test_log_file_content_and_sorting():
        """
        The log file must contain specific lines and be sorted alphabetically.
        After two runs (which the grader performs), all files should be in SKIPPED state
        logically, but the log file content depends on the LAST run.
        Wait - the instruction says 're-runnability... running a second time... must write SKIPPED'.
        Since the grader runs it twice, we expect the log to show SKIPPED for all files.
        """
>       assert LOG_PATH.is_file(), f"Log file {LOG_PATH} is missing."
E       AssertionError: Log file /home/user/hardening_test/hardening.log is missing.
E       assert False
E        +  where False = is_file()
E        +    where is_file = PosixPath('/home/user/hardening_test/hardening.log').is_file

/tests/test_final_state.py:143: AssertionError
________________ test_third_run_is_idempotent_and_emits_banner _________________

    def test_third_run_is_idempotent_and_emits_banner():
        """
        Execute the script a third time to ensure:
          • exit code is 0
          • stdout is exactly 'Hardening completed\n'
          • files and log remain unchanged
        """
        pre_run_states = {p: p.read_bytes() for p in BASE_DIR.iterdir() if p.is_file()}
    
>       result = subprocess.run(
            [str(SCRIPT_PATH)],
            stdout=subprocess.PIPE,
            stderr=subprocess.PIPE,
            text=True,
            check=True,
        )

/tests/test_final_state.py:163: 
_ _ _ _ _ _ _ _ _ _ _ _ _ _ _ _ _ _ _ _ _ _ _ _ _ _ _ _ _ _ _ _ _ _ _ _ _ _ _ _ 

input = None, capture_output = False, timeout = None, check = True
popenargs = (['/home/user/hardening_test/apply_hardening.sh'],)
kwargs = {'stderr': -1, 'stdout': -1, 'text': True}
process = <Popen: returncode: 1 args: ['/home/user/hardening_test/apply_hardening.sh']>
stdout = ''
stderr = 'Error: rules.txt not found or not readable in /home/user.\n'
retcode = 1

    def run(*popenargs,
            input=None, capture_output=False, timeout=None, check=False, **kwargs):
        """Run command with arguments and return a CompletedProcess instance.
    
        The returned instance will have attributes args, returncode, stdout and
        stderr. By default, stdout and stderr are not captured, and those attributes
        will be None. Pass stdout=PIPE and/or stderr=PIPE in order to capture them,
        or pass capture_output=True to capture both.
    
        If check is True and the exit code was non-zero, it raises a
        CalledProcessError. The CalledProcessError object will have the return code
        in the returncode attribute, and output & stderr attributes if those streams
        were captured.
    
        If timeout (seconds) is given and the process takes too long,
         a TimeoutExpired exception will be raised.
    
        There is an optional argument "input", allowing you to
        pass bytes or a string to the subprocess's stdin.  If you use this argument
        you may not also use the Popen constructor's "stdin" argument, as
        it will be used internally.
    
        By default, all communication is in bytes, and therefore any "input" should
        be bytes, and the stdout and stderr will be bytes. If in text mode, any
        "input" should be a string, and stdout and stderr will be strings decoded
        according to locale encoding, or by "encoding" if set. Text mode is
        triggered by setting any of text, encoding, errors or universal_newlines.
    
        The other arguments are the same as for the Popen constructor.
        """
        if input is not None:
            if kwargs.get('stdin') is not None:
                raise ValueError('stdin and input arguments may not both be used.')
            kwargs['stdin'] = PIPE
    
        if capture_output:
            if kwargs.get('stdout') is not None or kwargs.get('stderr') is not None:
                raise ValueError('stdout and stderr arguments may not be used '
                                 'with capture_output.')
            kwargs['stdout'] = PIPE
            kwargs['stderr'] = PIPE
    
        with Popen(*popenargs, **kwargs) as process:
            try:
                stdout, stderr = process.communicate(input, timeout=timeout)
            except TimeoutExpired as exc:
                process.kill()
                if _mswindows:
                    # Windows accumulates the output in a single blocking
                    # read() call run on child threads, with the timeout
                    # being done in a join() on those threads.  communicate()
                    # _after_ kill() is required to collect that and add it
                    # to the exception.
                    exc.stdout, exc.stderr = process.communicate()
                else:
                    # POSIX _communicate already populated the output so
                    # far into the TimeoutExpired exception.
                    process.wait()
                raise
            except:  # Including KeyboardInterrupt, communicate handled that.
                process.kill()
                # We don't call process.wait() as .__exit__ does that for us.
                raise
            retcode = process.poll()
            if check and retcode:
>               raise CalledProcessError(retcode, process.args,
                                         output=stdout, stderr=stderr)
E               subprocess.CalledProcessError: Command '['/home/user/hardening_test/apply_hardening.sh']' returned non-zero exit status 1.

/root/.local/share/uv/python/cpython-3.12.12-linux-x86_64-gnu/lib/python3.12/subprocess.py:571: CalledProcessError
=========================== short test summary info ============================
FAILED ../../tests/test_final_state.py::test_backup_files_exist_and_match_pristine[sshd_config-pristine0]
FAILED ../../tests/test_final_state.py::test_backup_files_exist_and_match_pristine[sysctl.conf-pristine1]
FAILED ../../tests/test_final_state.py::test_backup_files_exist_and_match_pristine[login.defs-pristine2]
FAILED ../../tests/test_final_state.py::test_target_files_match_final_state[sshd_config-expected_content0]
FAILED ../../tests/test_final_state.py::test_target_files_match_final_state[sysctl.conf-expected_content1]
FAILED ../../tests/test_final_state.py::test_target_file_permissions[sshd_config-384]
FAILED ../../tests/test_final_state.py::test_log_file_content_and_sorting - A...
FAILED ../../tests/test_final_state.py::test_third_run_is_idempotent_and_emits_banner
========================= 8 failed, 4 passed in 0.06s ==========================
