Hit:1 http://archive.ubuntu.com/ubuntu jammy InRelease
Hit:2 http://archive.ubuntu.com/ubuntu jammy-updates InRelease
Hit:3 http://archive.ubuntu.com/ubuntu jammy-backports InRelease
Hit:4 http://security.ubuntu.com/ubuntu jammy-security InRelease
Reading package lists...
Reading package lists...
Building dependency tree...
Reading state information...
The following additional packages will be installed:
  libbrotli1 libcurl4 libldap-2.5-0 libldap-common libnghttp2-14 libpsl5
  librtmp1 libsasl2-2 libsasl2-modules libsasl2-modules-db libssh-4
  publicsuffix
Suggested packages:
  libsasl2-modules-gssapi-mit | libsasl2-modules-gssapi-heimdal
  libsasl2-modules-ldap libsasl2-modules-otp libsasl2-modules-sql
The following NEW packages will be installed:
  curl libbrotli1 libcurl4 libldap-2.5-0 libldap-common libnghttp2-14 libpsl5
  librtmp1 libsasl2-2 libsasl2-modules libsasl2-modules-db libssh-4
  publicsuffix
0 upgraded, 13 newly installed, 0 to remove and 4 not upgraded.
Need to get 1653 kB of archives.
After this operation, 4637 kB of additional disk space will be used.
Get:1 http://archive.ubuntu.com/ubuntu jammy-updates/main amd64 libnghttp2-14 amd64 1.43.0-1ubuntu0.2 [76.9 kB]
Get:2 http://archive.ubuntu.com/ubuntu jammy/main amd64 libpsl5 amd64 0.21.0-1.2build2 [58.4 kB]
Get:3 http://archive.ubuntu.com/ubuntu jammy/main amd64 publicsuffix all 20211207.1025-1 [129 kB]
Get:4 http://archive.ubuntu.com/ubuntu jammy/main amd64 libbrotli1 amd64 1.0.9-2build6 [315 kB]
Get:5 http://archive.ubuntu.com/ubuntu jammy-updates/main amd64 libsasl2-modules-db amd64 2.1.27+dfsg2-3ubuntu1.2 [20.5 kB]
Get:6 http://archive.ubuntu.com/ubuntu jammy-updates/main amd64 libsasl2-2 amd64 2.1.27+dfsg2-3ubuntu1.2 [53.8 kB]
Get:7 http://archive.ubuntu.com/ubuntu jammy-updates/main amd64 libldap-2.5-0 amd64 2.5.20+dfsg-0ubuntu0.22.04.1 [184 kB]
Get:8 http://archive.ubuntu.com/ubuntu jammy/main amd64 librtmp1 amd64 2.4+20151223.gitfa8646d.1-2build4 [58.2 kB]
Get:9 http://archive.ubuntu.com/ubuntu jammy-updates/main amd64 libssh-4 amd64 0.9.6-2ubuntu0.22.04.5 [187 kB]
Get:10 http://archive.ubuntu.com/ubuntu jammy-updates/main amd64 libcurl4 amd64 7.81.0-1ubuntu1.21 [290 kB]
Get:11 http://archive.ubuntu.com/ubuntu jammy-updates/main amd64 curl amd64 7.81.0-1ubuntu1.21 [194 kB]
Get:12 http://archive.ubuntu.com/ubuntu jammy-updates/main amd64 libldap-common all 2.5.20+dfsg-0ubuntu0.22.04.1 [16.4 kB]
Get:13 http://archive.ubuntu.com/ubuntu jammy-updates/main amd64 libsasl2-modules amd64 2.1.27+dfsg2-3ubuntu1.2 [68.8 kB]
debconf: delaying package configuration, since apt-utils is not installed
Fetched 1653 kB in 1s (1188 kB/s)
Selecting previously unselected package libnghttp2-14:amd64.
(Reading database ... (Reading database ... 5%(Reading database ... 10%(Reading database ... 15%(Reading database ... 20%(Reading database ... 25%(Reading database ... 30%(Reading database ... 35%(Reading database ... 40%(Reading database ... 45%(Reading database ... 50%(Reading database ... 55%(Reading database ... 60%(Reading database ... 65%(Reading database ... 70%(Reading database ... 75%(Reading database ... 80%(Reading database ... 85%(Reading database ... 90%(Reading database ... 95%(Reading database ... 100%(Reading database ... 8747 files and directories currently installed.)
Preparing to unpack .../00-libnghttp2-14_1.43.0-1ubuntu0.2_amd64.deb ...
Unpacking libnghttp2-14:amd64 (1.43.0-1ubuntu0.2) ...
Selecting previously unselected package libpsl5:amd64.
Preparing to unpack .../01-libpsl5_0.21.0-1.2build2_amd64.deb ...
Unpacking libpsl5:amd64 (0.21.0-1.2build2) ...
Selecting previously unselected package publicsuffix.
Preparing to unpack .../02-publicsuffix_20211207.1025-1_all.deb ...
Unpacking publicsuffix (20211207.1025-1) ...
Selecting previously unselected package libbrotli1:amd64.
Preparing to unpack .../03-libbrotli1_1.0.9-2build6_amd64.deb ...
Unpacking libbrotli1:amd64 (1.0.9-2build6) ...
Selecting previously unselected package libsasl2-modules-db:amd64.
Preparing to unpack .../04-libsasl2-modules-db_2.1.27+dfsg2-3ubuntu1.2_amd64.deb ...
Unpacking libsasl2-modules-db:amd64 (2.1.27+dfsg2-3ubuntu1.2) ...
Selecting previously unselected package libsasl2-2:amd64.
Preparing to unpack .../05-libsasl2-2_2.1.27+dfsg2-3ubuntu1.2_amd64.deb ...
Unpacking libsasl2-2:amd64 (2.1.27+dfsg2-3ubuntu1.2) ...
Selecting previously unselected package libldap-2.5-0:amd64.
Preparing to unpack .../06-libldap-2.5-0_2.5.20+dfsg-0ubuntu0.22.04.1_amd64.deb ...
Unpacking libldap-2.5-0:amd64 (2.5.20+dfsg-0ubuntu0.22.04.1) ...
Selecting previously unselected package librtmp1:amd64.
Preparing to unpack .../07-librtmp1_2.4+20151223.gitfa8646d.1-2build4_amd64.deb ...
Unpacking librtmp1:amd64 (2.4+20151223.gitfa8646d.1-2build4) ...
Selecting previously unselected package libssh-4:amd64.
Preparing to unpack .../08-libssh-4_0.9.6-2ubuntu0.22.04.5_amd64.deb ...
Unpacking libssh-4:amd64 (0.9.6-2ubuntu0.22.04.5) ...
Selecting previously unselected package libcurl4:amd64.
Preparing to unpack .../09-libcurl4_7.81.0-1ubuntu1.21_amd64.deb ...
Unpacking libcurl4:amd64 (7.81.0-1ubuntu1.21) ...
Selecting previously unselected package curl.
Preparing to unpack .../10-curl_7.81.0-1ubuntu1.21_amd64.deb ...
Unpacking curl (7.81.0-1ubuntu1.21) ...
Selecting previously unselected package libldap-common.
Preparing to unpack .../11-libldap-common_2.5.20+dfsg-0ubuntu0.22.04.1_all.deb ...
Unpacking libldap-common (2.5.20+dfsg-0ubuntu0.22.04.1) ...
Selecting previously unselected package libsasl2-modules:amd64.
Preparing to unpack .../12-libsasl2-modules_2.1.27+dfsg2-3ubuntu1.2_amd64.deb ...
Unpacking libsasl2-modules:amd64 (2.1.27+dfsg2-3ubuntu1.2) ...
Setting up libpsl5:amd64 (0.21.0-1.2build2) ...
Setting up libbrotli1:amd64 (1.0.9-2build6) ...
Setting up libsasl2-modules:amd64 (2.1.27+dfsg2-3ubuntu1.2) ...
Setting up libnghttp2-14:amd64 (1.43.0-1ubuntu0.2) ...
Setting up libldap-common (2.5.20+dfsg-0ubuntu0.22.04.1) ...
Setting up libsasl2-modules-db:amd64 (2.1.27+dfsg2-3ubuntu1.2) ...
Setting up librtmp1:amd64 (2.4+20151223.gitfa8646d.1-2build4) ...
Setting up libsasl2-2:amd64 (2.1.27+dfsg2-3ubuntu1.2) ...
Setting up libssh-4:amd64 (0.9.6-2ubuntu0.22.04.5) ...
Setting up publicsuffix (20211207.1025-1) ...
Setting up libldap-2.5-0:amd64 (2.5.20+dfsg-0ubuntu0.22.04.1) ...
Setting up libcurl4:amd64 (7.81.0-1ubuntu1.21) ...
Setting up curl (7.81.0-1ubuntu1.21) ...
Processing triggers for libc-bin (2.35-0ubuntu3.11) ...
downloading uv 0.9.5 x86_64-unknown-linux-gnu
no checksums to verify
installing to /home/user/.local/bin
  uv
  uvx
everything's installed!

To add $HOME/.local/bin to your PATH, either restart your shell or run:

    source $HOME/.local/bin/env (sh, bash, zsh)
    source $HOME/.local/bin/env.fish (fish)
Downloading cpython-3.12.12-linux-x86_64-gnu (download) (31.1MiB)
 Downloading cpython-3.12.12-linux-x86_64-gnu (download)
Downloading pygments (1.2MiB)
 Downloading pygments
Installed 5 packages in 15ms
============================= test session starts ==============================
platform linux -- Python 3.12.12, pytest-8.4.1, pluggy-1.6.0 -- /home/user/.cache/uv/archive-v0/WvQu3e_wTmAzGiurpw0mT/bin/python
cachedir: .pytest_cache
rootdir: /tests
collecting ... collected 12 items

../../tests/test_final_state.py::test_structure_exists PASSED            [  8%]
../../tests/test_final_state.py::test_ignored_file_untouched FAILED      [ 16%]
../../tests/test_final_state.py::test_backups_integrity[intro.md] FAILED [ 25%]
../../tests/test_final_state.py::test_backups_integrity[setup.md] FAILED [ 33%]
../../tests/test_final_state.py::test_backups_integrity[usage.md] FAILED [ 41%]
../../tests/test_final_state.py::test_draft_replacements_and_footer[intro.md] FAILED [ 50%]
../../tests/test_final_state.py::test_draft_replacements_and_footer[setup.md] FAILED [ 58%]
../../tests/test_final_state.py::test_draft_replacements_and_footer[usage.md] FAILED [ 66%]
../../tests/test_final_state.py::test_manifest_json FAILED               [ 75%]
../../tests/test_final_state.py::test_change_log_content FAILED          [ 83%]
../../tests/test_final_state.py::test_todo_summary PASSED                [ 91%]
../../tests/test_final_state.py::test_toc_content FAILED                 [100%]

=================================== FAILURES ===================================
_________________________ test_ignored_file_untouched __________________________

    def test_ignored_file_untouched():
        # _notes.md should not be in reports, backups, or modified
        ignored = DRAFTS_DIR / IGNORED_FILENAME
        assert ignored.exists()
        content = ignored.read_text()
>       assert "TBD" in content
E       AssertionError: assert 'TBD' in ''

/tests/test_final_state.py:84: AssertionError
_______________________ test_backups_integrity[intro.md] _______________________

fname = 'intro.md'

    @pytest.mark.parametrize("fname", DRAFT_FILENAMES)
    def test_backups_integrity(fname):
        original_draft = DRAFTS_DIR / fname
        backup = BACKUPS_DIR / f"{fname}.bak"
    
        assert backup.exists(), f"Backup for {fname} missing"
    
        # Verify timestamps preserved (mtime)
        # Note: We can't strictly compare equality if the system clock
        # has sub-second differences and cp -p isn't perfect, but usually it is.
        # We'll check if it's older than the modified draft.
        assert backup.stat().st_mtime == pytest.approx(original_draft.stat().st_mtime, abs=1.0) or \
               backup.stat().st_mtime < original_draft.stat().st_mtime
    
        # Verify content of backup matches PRE-MODIFICATION state
        # We reconstruct expected pre-mod state from GROUND_TRUTH logic inverse?
        # Easier: The backup should still have "TBD"
        bk_text = backup.read_text("utf-8")
>       assert "TBD" in bk_text
E       AssertionError: assert 'TBD' in ''

/tests/test_final_state.py:108: AssertionError
_______________________ test_backups_integrity[setup.md] _______________________

fname = 'setup.md'

    @pytest.mark.parametrize("fname", DRAFT_FILENAMES)
    def test_backups_integrity(fname):
        original_draft = DRAFTS_DIR / fname
        backup = BACKUPS_DIR / f"{fname}.bak"
    
        assert backup.exists(), f"Backup for {fname} missing"
    
        # Verify timestamps preserved (mtime)
        # Note: We can't strictly compare equality if the system clock
        # has sub-second differences and cp -p isn't perfect, but usually it is.
        # We'll check if it's older than the modified draft.
        assert backup.stat().st_mtime == pytest.approx(original_draft.stat().st_mtime, abs=1.0) or \
               backup.stat().st_mtime < original_draft.stat().st_mtime
    
        # Verify content of backup matches PRE-MODIFICATION state
        # We reconstruct expected pre-mod state from GROUND_TRUTH logic inverse?
        # Easier: The backup should still have "TBD"
        bk_text = backup.read_text("utf-8")
>       assert "TBD" in bk_text
E       AssertionError: assert 'TBD' in ''

/tests/test_final_state.py:108: AssertionError
_______________________ test_backups_integrity[usage.md] _______________________

fname = 'usage.md'

    @pytest.mark.parametrize("fname", DRAFT_FILENAMES)
    def test_backups_integrity(fname):
        original_draft = DRAFTS_DIR / fname
        backup = BACKUPS_DIR / f"{fname}.bak"
    
        assert backup.exists(), f"Backup for {fname} missing"
    
        # Verify timestamps preserved (mtime)
        # Note: We can't strictly compare equality if the system clock
        # has sub-second differences and cp -p isn't perfect, but usually it is.
        # We'll check if it's older than the modified draft.
        assert backup.stat().st_mtime == pytest.approx(original_draft.stat().st_mtime, abs=1.0) or \
               backup.stat().st_mtime < original_draft.stat().st_mtime
    
        # Verify content of backup matches PRE-MODIFICATION state
        # We reconstruct expected pre-mod state from GROUND_TRUTH logic inverse?
        # Easier: The backup should still have "TBD"
        bk_text = backup.read_text("utf-8")
>       assert "TBD" in bk_text
E       AssertionError: assert 'TBD' in ''

/tests/test_final_state.py:108: AssertionError
_________________ test_draft_replacements_and_footer[intro.md] _________________

fname = 'intro.md'

    @pytest.mark.parametrize("fname", DRAFT_FILENAMES)
    def test_draft_replacements_and_footer(fname):
        path = DRAFTS_DIR / fname
        text = path.read_text("utf-8")
    
        # TBD gone
        assert "TBD" not in text
    
        # Correct replacement present
        gt = GROUND_TRUTH[fname]
>       assert gt["new_line"] in text
E       AssertionError: assert 'URGENT: More to come. TO BE DETERMINED' in ''

/tests/test_final_state.py:123: AssertionError
_________________ test_draft_replacements_and_footer[setup.md] _________________

fname = 'setup.md'

    @pytest.mark.parametrize("fname", DRAFT_FILENAMES)
    def test_draft_replacements_and_footer(fname):
        path = DRAFTS_DIR / fname
        text = path.read_text("utf-8")
    
        # TBD gone
        assert "TBD" not in text
    
        # Correct replacement present
        gt = GROUND_TRUTH[fname]
>       assert gt["new_line"] in text
E       AssertionError: assert 'Configuration To Be Determined' in ''

/tests/test_final_state.py:123: AssertionError
_________________ test_draft_replacements_and_footer[usage.md] _________________

fname = 'usage.md'

    @pytest.mark.parametrize("fname", DRAFT_FILENAMES)
    def test_draft_replacements_and_footer(fname):
        path = DRAFTS_DIR / fname
        text = path.read_text("utf-8")
    
        # TBD gone
        assert "TBD" not in text
    
        # Correct replacement present
        gt = GROUND_TRUTH[fname]
>       assert gt["new_line"] in text
E       AssertionError: assert 'Edge cases To Be Determined' in ''

/tests/test_final_state.py:123: AssertionError
______________________________ test_manifest_json ______________________________

    def test_manifest_json():
>       assert MANIFEST_JSON.exists()
E       AssertionError: assert False
E        +  where False = exists()
E        +    where exists = PosixPath('/home/user/docs/reports/manifest.json').exists

/tests/test_final_state.py:132: AssertionError
___________________________ test_change_log_content ____________________________

    def test_change_log_content():
        lines = read_lines(CHANGE_LOG)
        assert lines[0] == "Change Log"
        entries = lines[1:]
        entries.sort()
    
>       assert len(entries) == 3
E       assert 0 == 3
E        +  where 0 = len([])

/tests/test_final_state.py:161: AssertionError
_______________________________ test_toc_content _______________________________

    def test_toc_content():
        lines = read_lines(TOC_MD)
>       assert len(lines) == 3
E       AssertionError: assert 1 == 3
E        +  where 1 = len(['# Table of Contents'])

/tests/test_final_state.py:181: AssertionError
=========================== short test summary info ============================
FAILED ../../tests/test_final_state.py::test_ignored_file_untouched - Asserti...
FAILED ../../tests/test_final_state.py::test_backups_integrity[intro.md] - As...
FAILED ../../tests/test_final_state.py::test_backups_integrity[setup.md] - As...
FAILED ../../tests/test_final_state.py::test_backups_integrity[usage.md] - As...
FAILED ../../tests/test_final_state.py::test_draft_replacements_and_footer[intro.md]
FAILED ../../tests/test_final_state.py::test_draft_replacements_and_footer[setup.md]
FAILED ../../tests/test_final_state.py::test_draft_replacements_and_footer[usage.md]
FAILED ../../tests/test_final_state.py::test_manifest_json - AssertionError: ...
FAILED ../../tests/test_final_state.py::test_change_log_content - assert 0 == 3
FAILED ../../tests/test_final_state.py::test_toc_content - AssertionError: as...
========================= 10 failed, 2 passed in 0.06s =========================
