Running tests: tests/test_form.py::test_axi 
FAIL: Tests failed (exit code: 1)
============================= test session starts ==============================
platform linux -- Python 3.10.19, pytest-9.0.2, pluggy-1.6.0 -- /usr/local/bin/python3.10
cachedir: .pytest_cache
rootdir: /workspace/repo
configfile: pyproject.toml
plugins: mock-3.15.1, timeout-2.4.0
timeout: 60.0s
timeout method: signal
timeout func_only: False
collecting ... collected 1 item

tests/test_form.py::test_axi FAILED                                      [100%]

=================================== FAILURES ===================================
___________________________________ test_axi ___________________________________
tests/test_form.py:135: in test_axi
    b = L.assemble(x, parallel=parallel).toarray()
src/felupe/assembly/_integral.py:284: in assemble
    res.append(form.assemble(val, parallel=parallel, out=out))
E   TypeError: IntegralFormAxisymmetric.assemble() got an unexpected keyword argument 'parallel'
=========================== short test summary info ============================
FAILED tests/test_form.py::test_axi - TypeError: IntegralFormAxisymmetric.ass...
============================== 1 failed in 0.73s ===============================
