Hit:1 http://security.ubuntu.com/ubuntu jammy-security InRelease
Hit:2 http://archive.ubuntu.com/ubuntu jammy InRelease
Hit:3 http://archive.ubuntu.com/ubuntu jammy-updates InRelease
Hit:4 http://archive.ubuntu.com/ubuntu jammy-backports InRelease
Reading package lists...
Reading package lists...
Building dependency tree...
Reading state information...
The following additional packages will be installed:
  libbrotli1 libcurl4 libldap-2.5-0 libldap-common libnghttp2-14 libpsl5
  librtmp1 libsasl2-2 libsasl2-modules libsasl2-modules-db libssh-4
  publicsuffix
Suggested packages:
  libsasl2-modules-gssapi-mit | libsasl2-modules-gssapi-heimdal
  libsasl2-modules-ldap libsasl2-modules-otp libsasl2-modules-sql
The following NEW packages will be installed:
  curl libbrotli1 libcurl4 libldap-2.5-0 libldap-common libnghttp2-14 libpsl5
  librtmp1 libsasl2-2 libsasl2-modules libsasl2-modules-db libssh-4
  publicsuffix
0 upgraded, 13 newly installed, 0 to remove and 4 not upgraded.
Need to get 1,653 kB of archives.
After this operation, 4,637 kB of additional disk space will be used.
Get:1 http://archive.ubuntu.com/ubuntu jammy-updates/main amd64 libnghttp2-14 amd64 1.43.0-1ubuntu0.2 [76.9 kB]
Get:2 http://archive.ubuntu.com/ubuntu jammy/main amd64 libpsl5 amd64 0.21.0-1.2build2 [58.4 kB]
Get:3 http://archive.ubuntu.com/ubuntu jammy/main amd64 publicsuffix all 20211207.1025-1 [129 kB]
Get:4 http://archive.ubuntu.com/ubuntu jammy/main amd64 libbrotli1 amd64 1.0.9-2build6 [315 kB]
Get:5 http://archive.ubuntu.com/ubuntu jammy-updates/main amd64 libsasl2-modules-db amd64 2.1.27+dfsg2-3ubuntu1.2 [20.5 kB]
Get:6 http://archive.ubuntu.com/ubuntu jammy-updates/main amd64 libsasl2-2 amd64 2.1.27+dfsg2-3ubuntu1.2 [53.8 kB]
Get:7 http://archive.ubuntu.com/ubuntu jammy-updates/main amd64 libldap-2.5-0 amd64 2.5.20+dfsg-0ubuntu0.22.04.1 [184 kB]
Get:8 http://archive.ubuntu.com/ubuntu jammy/main amd64 librtmp1 amd64 2.4+20151223.gitfa8646d.1-2build4 [58.2 kB]
Get:9 http://archive.ubuntu.com/ubuntu jammy-updates/main amd64 libssh-4 amd64 0.9.6-2ubuntu0.22.04.5 [187 kB]
Get:10 http://archive.ubuntu.com/ubuntu jammy-updates/main amd64 libcurl4 amd64 7.81.0-1ubuntu1.21 [290 kB]
Get:11 http://archive.ubuntu.com/ubuntu jammy-updates/main amd64 curl amd64 7.81.0-1ubuntu1.21 [194 kB]
Get:12 http://archive.ubuntu.com/ubuntu jammy-updates/main amd64 libldap-common all 2.5.20+dfsg-0ubuntu0.22.04.1 [16.4 kB]
Get:13 http://archive.ubuntu.com/ubuntu jammy-updates/main amd64 libsasl2-modules amd64 2.1.27+dfsg2-3ubuntu1.2 [68.8 kB]
debconf: delaying package configuration, since apt-utils is not installed
Fetched 1,653 kB in 0s (12.1 MB/s)
Selecting previously unselected package libnghttp2-14:amd64.
(Reading database ... (Reading database ... 5%(Reading database ... 10%(Reading database ... 15%(Reading database ... 20%(Reading database ... 25%(Reading database ... 30%(Reading database ... 35%(Reading database ... 40%(Reading database ... 45%(Reading database ... 50%(Reading database ... 55%(Reading database ... 60%(Reading database ... 65%(Reading database ... 70%(Reading database ... 75%(Reading database ... 80%(Reading database ... 85%(Reading database ... 90%(Reading database ... 95%(Reading database ... 100%(Reading database ... 7466 files and directories currently installed.)
Preparing to unpack .../00-libnghttp2-14_1.43.0-1ubuntu0.2_amd64.deb ...
Unpacking libnghttp2-14:amd64 (1.43.0-1ubuntu0.2) ...
Selecting previously unselected package libpsl5:amd64.
Preparing to unpack .../01-libpsl5_0.21.0-1.2build2_amd64.deb ...
Unpacking libpsl5:amd64 (0.21.0-1.2build2) ...
Selecting previously unselected package publicsuffix.
Preparing to unpack .../02-publicsuffix_20211207.1025-1_all.deb ...
Unpacking publicsuffix (20211207.1025-1) ...
Selecting previously unselected package libbrotli1:amd64.
Preparing to unpack .../03-libbrotli1_1.0.9-2build6_amd64.deb ...
Unpacking libbrotli1:amd64 (1.0.9-2build6) ...
Selecting previously unselected package libsasl2-modules-db:amd64.
Preparing to unpack .../04-libsasl2-modules-db_2.1.27+dfsg2-3ubuntu1.2_amd64.deb ...
Unpacking libsasl2-modules-db:amd64 (2.1.27+dfsg2-3ubuntu1.2) ...
Selecting previously unselected package libsasl2-2:amd64.
Preparing to unpack .../05-libsasl2-2_2.1.27+dfsg2-3ubuntu1.2_amd64.deb ...
Unpacking libsasl2-2:amd64 (2.1.27+dfsg2-3ubuntu1.2) ...
Selecting previously unselected package libldap-2.5-0:amd64.
Preparing to unpack .../06-libldap-2.5-0_2.5.20+dfsg-0ubuntu0.22.04.1_amd64.deb ...
Unpacking libldap-2.5-0:amd64 (2.5.20+dfsg-0ubuntu0.22.04.1) ...
Selecting previously unselected package librtmp1:amd64.
Preparing to unpack .../07-librtmp1_2.4+20151223.gitfa8646d.1-2build4_amd64.deb ...
Unpacking librtmp1:amd64 (2.4+20151223.gitfa8646d.1-2build4) ...
Selecting previously unselected package libssh-4:amd64.
Preparing to unpack .../08-libssh-4_0.9.6-2ubuntu0.22.04.5_amd64.deb ...
Unpacking libssh-4:amd64 (0.9.6-2ubuntu0.22.04.5) ...
Selecting previously unselected package libcurl4:amd64.
Preparing to unpack .../09-libcurl4_7.81.0-1ubuntu1.21_amd64.deb ...
Unpacking libcurl4:amd64 (7.81.0-1ubuntu1.21) ...
Selecting previously unselected package curl.
Preparing to unpack .../10-curl_7.81.0-1ubuntu1.21_amd64.deb ...
Unpacking curl (7.81.0-1ubuntu1.21) ...
Selecting previously unselected package libldap-common.
Preparing to unpack .../11-libldap-common_2.5.20+dfsg-0ubuntu0.22.04.1_all.deb ...
Unpacking libldap-common (2.5.20+dfsg-0ubuntu0.22.04.1) ...
Selecting previously unselected package libsasl2-modules:amd64.
Preparing to unpack .../12-libsasl2-modules_2.1.27+dfsg2-3ubuntu1.2_amd64.deb ...
Unpacking libsasl2-modules:amd64 (2.1.27+dfsg2-3ubuntu1.2) ...
Setting up libpsl5:amd64 (0.21.0-1.2build2) ...
Setting up libbrotli1:amd64 (1.0.9-2build6) ...
Setting up libsasl2-modules:amd64 (2.1.27+dfsg2-3ubuntu1.2) ...
Setting up libnghttp2-14:amd64 (1.43.0-1ubuntu0.2) ...
Setting up libldap-common (2.5.20+dfsg-0ubuntu0.22.04.1) ...
Setting up libsasl2-modules-db:amd64 (2.1.27+dfsg2-3ubuntu1.2) ...
Setting up librtmp1:amd64 (2.4+20151223.gitfa8646d.1-2build4) ...
Setting up libsasl2-2:amd64 (2.1.27+dfsg2-3ubuntu1.2) ...
Setting up libssh-4:amd64 (0.9.6-2ubuntu0.22.04.5) ...
Setting up publicsuffix (20211207.1025-1) ...
Setting up libldap-2.5-0:amd64 (2.5.20+dfsg-0ubuntu0.22.04.1) ...
Setting up libcurl4:amd64 (7.81.0-1ubuntu1.21) ...
Setting up curl (7.81.0-1ubuntu1.21) ...
Processing triggers for libc-bin (2.35-0ubuntu3.11) ...
downloading uv 0.9.5 x86_64-unknown-linux-gnu
no checksums to verify
installing to /root/.local/bin
  uv
  uvx
everything's installed!

To add $HOME/.local/bin to your PATH, either restart your shell or run:

    source $HOME/.local/bin/env (sh, bash, zsh)
    source $HOME/.local/bin/env.fish (fish)
Downloading cpython-3.12.12-linux-x86_64-gnu (download) (31.1MiB)
 Downloading cpython-3.12.12-linux-x86_64-gnu (download)
Downloading pygments (1.2MiB)
 Downloading pygments
Installed 5 packages in 15ms
============================= test session starts ==============================
platform linux -- Python 3.12.12, pytest-8.4.1, pluggy-1.6.0 -- /root/.cache/uv/archive-v0/oGXnx3oXmALmU1ksCaTEG/bin/python
cachedir: .pytest_cache
rootdir: /tests
collecting ... collected 5 items

../../tests/test_final_state.py::test_artifacts_exist PASSED             [ 20%]
../../tests/test_final_state.py::test_manifest_structure_and_sorting FAILED [ 40%]
../../tests/test_final_state.py::test_manifest_content_and_crypto FAILED [ 60%]
../../tests/test_final_state.py::test_tarball_content FAILED             [ 80%]
../../tests/test_final_state.py::test_traps_handled FAILED               [100%]

=================================== FAILURES ===================================
_____________________ test_manifest_structure_and_sorting ______________________

    def test_manifest_structure_and_sorting():
        """Validate JSON structure and sorting requirements."""
        try:
            data = json.loads(MANIFEST.read_text(encoding='utf-8'))
        except json.JSONDecodeError:
            pytest.fail("Manifest is not valid JSON")
    
        assert isinstance(data, list), "Manifest root must be a list"
>       assert len(data) == len(EXPECTED_FILES), f"Expected {len(EXPECTED_FILES)} entries, found {len(data)}"
E       AssertionError: Expected 3 entries, found 0
E       assert 0 == 3
E        +  where 0 = len([])
E        +  and   3 = len(['/home/user/app/logs/legacy/binary_dump.log', '/home/user/app/logs/legacy/suspicious\nname.log', '/home/user/app/logs/server/auth.log'])

/tests/test_final_state.py:47: AssertionError
_______________________ test_manifest_content_and_crypto _______________________

    def test_manifest_content_and_crypto():
        """Validate the content of the manifest entries, including the HMAC."""
        data = json.loads(MANIFEST.read_text(encoding='utf-8'))
    
        # Map paths to entries for easy lookup
        lookup = {entry['filepath']: entry for entry in data}
    
        for fpath in EXPECTED_FILES:
>           assert fpath in lookup, f"Missing entry for {fpath}"
E           AssertionError: Missing entry for /home/user/app/logs/legacy/binary_dump.log
E           assert '/home/user/app/logs/legacy/binary_dump.log' in {}

/tests/test_final_state.py:64: AssertionError
_____________________________ test_tarball_content _____________________________

    def test_tarball_content():
        """Validate tarball members and path structure."""
>       with tarfile.open(TARBALL, "r:gz") as tar:
             ^^^^^^^^^^^^^^^^^^^^^^^^^^^^^

/tests/test_final_state.py:78: 
_ _ _ _ _ _ _ _ _ _ _ _ _ _ _ _ _ _ _ _ _ _ _ _ _ _ _ _ _ _ _ _ _ _ _ _ _ _ _ _ 
/root/.local/share/uv/python/cpython-3.12.12-linux-x86_64-gnu/lib/python3.12/tarfile.py:1875: in open
    return func(name, filemode, fileobj, **kwargs)
           ^^^^^^^^^^^^^^^^^^^^^^^^^^^^^^^^^^^^^^^
/root/.local/share/uv/python/cpython-3.12.12-linux-x86_64-gnu/lib/python3.12/tarfile.py:1930: in gzopen
    t = cls.taropen(name, mode, fileobj, **kwargs)
        ^^^^^^^^^^^^^^^^^^^^^^^^^^^^^^^^^^^^^^^^^^
/root/.local/share/uv/python/cpython-3.12.12-linux-x86_64-gnu/lib/python3.12/tarfile.py:1907: in taropen
    return cls(name, mode, fileobj, **kwargs)
           ^^^^^^^^^^^^^^^^^^^^^^^^^^^^^^^^^^
/root/.local/share/uv/python/cpython-3.12.12-linux-x86_64-gnu/lib/python3.12/tarfile.py:1765: in __init__
    self.firstmember = self.next()
                       ^^^^^^^^^^^
_ _ _ _ _ _ _ _ _ _ _ _ _ _ _ _ _ _ _ _ _ _ _ _ _ _ _ _ _ _ _ _ _ _ _ _ _ _ _ _ 

self = <tarfile.TarFile object at 0x769acf8a50a0>

    def next(self):
        """Return the next member of the archive as a TarInfo object, when
           TarFile is opened for reading. Return None if there is no more
           available.
        """
        self._check("ra")
        if self.firstmember is not None:
            m = self.firstmember
            self.firstmember = None
            return m
    
        # Advance the file pointer.
        if self.offset != self.fileobj.tell():
            if self.offset == 0:
                return None
            self.fileobj.seek(self.offset - 1)
            if not self.fileobj.read(1):
                raise ReadError("unexpected end of data")
    
        # Read the next block.
        tarinfo = None
        while True:
            try:
                tarinfo = self.tarinfo.fromtarfile(self)
            except EOFHeaderError as e:
                if self.ignore_zeros:
                    self._dbg(2, "0x%X: %s" % (self.offset, e))
                    self.offset += BLOCKSIZE
                    continue
            except InvalidHeaderError as e:
                if self.ignore_zeros:
                    self._dbg(2, "0x%X: %s" % (self.offset, e))
                    self.offset += BLOCKSIZE
                    continue
                elif self.offset == 0:
                    raise ReadError(str(e)) from None
            except EmptyHeaderError:
                if self.offset == 0:
>                   raise ReadError("empty file") from None
E                   tarfile.ReadError: empty file

/root/.local/share/uv/python/cpython-3.12.12-linux-x86_64-gnu/lib/python3.12/tarfile.py:2756: ReadError
______________________________ test_traps_handled ______________________________

    def test_traps_handled():
        """Specific checks for the traps."""
        data = json.loads(MANIFEST.read_text(encoding='utf-8'))
    
        # 1. The Mock directory file should NOT be present
        for entry in data:
            # Check that no file path contains 'mock' component
            parts = Path(entry['filepath']).parts
            assert "mock" not in parts, f"Failed to exclude 'mock' directory: {entry['filepath']}"
    
        # 2. The Newline file should be present and handled
        newline_path = "/home/user/app/logs/legacy/suspicious\nname.log"
        found = any(entry['filepath'] == newline_path for entry in data)
>       assert found, "The file with the newline in its name was missed or malformed in the JSON."
E       AssertionError: The file with the newline in its name was missed or malformed in the JSON.
E       assert False

/tests/test_final_state.py:106: AssertionError
=========================== short test summary info ============================
FAILED ../../tests/test_final_state.py::test_manifest_structure_and_sorting - AssertionError: Expected 3 entries, found 0
assert 0 == 3
 +  where 0 = len([])
 +  and   3 = len(['/home/user/app/logs/legacy/binary_dump.log', '/home/user/app/logs/legacy/suspicious\nname.log', '/home/user/app/logs/server/auth.log'])
FAILED ../../tests/test_final_state.py::test_manifest_content_and_crypto - AssertionError: Missing entry for /home/user/app/logs/legacy/binary_dump.log
assert '/home/user/app/logs/legacy/binary_dump.log' in {}
FAILED ../../tests/test_final_state.py::test_tarball_content - tarfile.ReadError: empty file
FAILED ../../tests/test_final_state.py::test_traps_handled - AssertionError: The file with the newline in its name was missed or malformed in the JSON.
assert False
========================= 4 failed, 1 passed in 0.10s ==========================
