Hit:1 http://archive.ubuntu.com/ubuntu jammy InRelease
Hit:2 http://archive.ubuntu.com/ubuntu jammy-updates InRelease
Hit:3 http://archive.ubuntu.com/ubuntu jammy-backports InRelease
Hit:4 http://security.ubuntu.com/ubuntu jammy-security InRelease
Reading package lists...
Reading package lists...
Building dependency tree...
Reading state information...
curl is already the newest version (7.81.0-1ubuntu1.21).
0 upgraded, 0 newly installed, 0 to remove and 4 not upgraded.
downloading uv 0.9.5 x86_64-unknown-linux-gnu
no checksums to verify
installing to /root/.local/bin
  uv
  uvx
everything's installed!

To add $HOME/.local/bin to your PATH, either restart your shell or run:

    source $HOME/.local/bin/env (sh, bash, zsh)
    source $HOME/.local/bin/env.fish (fish)
Downloading cpython-3.12.12-linux-x86_64-gnu (download) (31.1MiB)
 Downloading cpython-3.12.12-linux-x86_64-gnu (download)
Downloading pygments (1.2MiB)
 Downloading pygments
Installed 5 packages in 14ms
============================= test session starts ==============================
platform linux -- Python 3.12.12, pytest-8.4.1, pluggy-1.6.0 -- /root/.cache/uv/archive-v0/UfEg86x2XPDR7G6PkHqPL/bin/python
cachedir: .pytest_cache
rootdir: /tests
collecting ... collected 6 items

../../tests/test_final_state.py::test_directory_structure_exists FAILED  [ 16%]
../../tests/test_final_state.py::test_make_runs_successfully_and_logfile_created FAILED [ 33%]
../../tests/test_final_state.py::test_logfile_content_and_filtering FAILED [ 50%]
../../tests/test_final_state.py::test_env_variable_support FAILED        [ 66%]
../../tests/test_final_state.py::test_log_rotation FAILED                [ 83%]
../../tests/test_final_state.py::test_no_rotation_for_small_files FAILED [100%]

=================================== FAILURES ===================================
_______________________ test_directory_structure_exists ________________________

    def test_directory_structure_exists():
        assert NETDIAG_DIR.is_dir(), f"The project directory {NETDIAG_DIR} is missing."
        assert LOG_DIR.is_dir(), f"The logs directory {LOG_DIR} is missing."
>       assert MAKEFILE_PATH.is_file(), f"Missing Makefile at {MAKEFILE_PATH}."
E       AssertionError: Missing Makefile at /home/user/netdiag/Makefile.
E       assert False
E        +  where False = is_file()
E        +    where is_file = PosixPath('/home/user/netdiag/Makefile').is_file

/tests/test_final_state.py:54: AssertionError
_______________ test_make_runs_successfully_and_logfile_created ________________

    def test_make_runs_successfully_and_logfile_created():
        # Ensure clean state
        if LOG_FILE.exists(): LOG_FILE.unlink()
        if BAK_FILE.exists(): BAK_FILE.unlink()
    
        result = run_make()
>       assert result.returncode == 0, (
            f"`make` failed with return code {result.returncode}.\nSTDOUT:\n{result.stdout}\nSTDERR:\n{result.stderr}"
        )
E       AssertionError: `make` failed with return code 2.
E         STDOUT:
E         make: Entering directory '/home/user/netdiag'
E         make: Leaving directory '/home/user/netdiag'
E         
E         STDERR:
E         make: *** No targets specified and no makefile found.  Stop.
E         
E       assert 2 == 0
E        +  where 2 = CompletedProcess(args=['make', '-C', '/home/user/netdiag'], returncode=2, stdout="make: Entering directory '/home/user/netdiag'\nmake: Leaving directory '/home/user/netdiag'\n", stderr='make: *** No targets specified and no makefile found.  Stop.\n').returncode

/tests/test_final_state.py:62: AssertionError
______________________ test_logfile_content_and_filtering ______________________

    def test_logfile_content_and_filtering():
>       content = LOG_FILE.read_text()
                  ^^^^^^^^^^^^^^^^^^^^

/tests/test_final_state.py:68: 
_ _ _ _ _ _ _ _ _ _ _ _ _ _ _ _ _ _ _ _ _ _ _ _ _ _ _ _ _ _ _ _ _ _ _ _ _ _ _ _ 
/root/.local/share/uv/python/cpython-3.12.12-linux-x86_64-gnu/lib/python3.12/pathlib.py:1027: in read_text
    with self.open(mode='r', encoding=encoding, errors=errors) as f:
         ^^^^^^^^^^^^^^^^^^^^^^^^^^^^^^^^^^^^^^^^^^^^^^^^^^^^^
_ _ _ _ _ _ _ _ _ _ _ _ _ _ _ _ _ _ _ _ _ _ _ _ _ _ _ _ _ _ _ _ _ _ _ _ _ _ _ _ 

self = PosixPath('/home/user/netdiag/logs/loopback.log'), mode = 'r'
buffering = -1, encoding = 'utf-8', errors = None, newline = None

    def open(self, mode='r', buffering=-1, encoding=None,
             errors=None, newline=None):
        """
        Open the file pointed to by this path and return a file object, as
        the built-in open() function does.
        """
        if "b" not in mode:
            encoding = io.text_encoding(encoding)
>       return io.open(self, mode, buffering, encoding, errors, newline)
               ^^^^^^^^^^^^^^^^^^^^^^^^^^^^^^^^^^^^^^^^^^^^^^^^^^^^^^^^^
E       FileNotFoundError: [Errno 2] No such file or directory: '/home/user/netdiag/logs/loopback.log'

/root/.local/share/uv/python/cpython-3.12.12-linux-x86_64-gnu/lib/python3.12/pathlib.py:1013: FileNotFoundError
__________________________ test_env_variable_support ___________________________

    def test_env_variable_support():
        # Test that TARGET_IP is respected.
        # We use 127.0.0.1 explicitly to ensure it works, but verify the command was likely constructed with it.
        # Since we can't easily spy on the command, we rely on the fact that if we set it to something invalid,
        # ping would fail or output would change.
        # Let's set it to 'localhost'. The output should say 'bytes from localhost' or 'bytes from 127.0.0.1'.
        # A better check: The instruction requires using the variable.
        # We'll trust the functional output or simply grep the Makefile for the variable usage.
>       makefile_text = MAKEFILE_PATH.read_text()
                        ^^^^^^^^^^^^^^^^^^^^^^^^^

/tests/test_final_state.py:96: 
_ _ _ _ _ _ _ _ _ _ _ _ _ _ _ _ _ _ _ _ _ _ _ _ _ _ _ _ _ _ _ _ _ _ _ _ _ _ _ _ 
/root/.local/share/uv/python/cpython-3.12.12-linux-x86_64-gnu/lib/python3.12/pathlib.py:1027: in read_text
    with self.open(mode='r', encoding=encoding, errors=errors) as f:
         ^^^^^^^^^^^^^^^^^^^^^^^^^^^^^^^^^^^^^^^^^^^^^^^^^^^^^
_ _ _ _ _ _ _ _ _ _ _ _ _ _ _ _ _ _ _ _ _ _ _ _ _ _ _ _ _ _ _ _ _ _ _ _ _ _ _ _ 

self = PosixPath('/home/user/netdiag/Makefile'), mode = 'r', buffering = -1
encoding = 'utf-8', errors = None, newline = None

    def open(self, mode='r', buffering=-1, encoding=None,
             errors=None, newline=None):
        """
        Open the file pointed to by this path and return a file object, as
        the built-in open() function does.
        """
        if "b" not in mode:
            encoding = io.text_encoding(encoding)
>       return io.open(self, mode, buffering, encoding, errors, newline)
               ^^^^^^^^^^^^^^^^^^^^^^^^^^^^^^^^^^^^^^^^^^^^^^^^^^^^^^^^^
E       FileNotFoundError: [Errno 2] No such file or directory: '/home/user/netdiag/Makefile'

/root/.local/share/uv/python/cpython-3.12.12-linux-x86_64-gnu/lib/python3.12/pathlib.py:1013: FileNotFoundError
______________________________ test_log_rotation _______________________________

    def test_log_rotation():
        # 1. Create a log file > 500 bytes
        LOG_DIR.mkdir(parents=True, exist_ok=True)
        large_content = "A" * 600
        LOG_FILE.write_text(large_content)
    
        # 2. Run make
        run_make()
    
        # 3. Check that rotation happened
>       assert BAK_FILE.exists(), "Log rotation failed: loopback.bak was not created when log exceeded 500 bytes."
E       AssertionError: Log rotation failed: loopback.bak was not created when log exceeded 500 bytes.
E       assert False
E        +  where False = exists()
E        +    where exists = PosixPath('/home/user/netdiag/logs/loopback.bak').exists

/tests/test_final_state.py:109: AssertionError
_______________________ test_no_rotation_for_small_files _______________________

    def test_no_rotation_for_small_files():
        # 1. Create a small log file
        if BAK_FILE.exists(): BAK_FILE.unlink()
        small_content = "Existing Data\n"
        LOG_FILE.write_text(small_content)
    
        # 2. Run make
        run_make()
    
        # 3. Check NO rotation
        assert not BAK_FILE.exists(), "Log rotation occurred for a file < 500 bytes (should have just appended)."
    
        # 4. Check append
        content = LOG_FILE.read_text()
        assert content.startswith(small_content), "New content did not append to existing small file."
>       assert ">>> SESSION:" in content, "New content missing session header."
E       AssertionError: New content missing session header.
E       assert '>>> SESSION:' in 'Existing Data\n'

/tests/test_final_state.py:132: AssertionError
=========================== short test summary info ============================
FAILED ../../tests/test_final_state.py::test_directory_structure_exists - Ass...
FAILED ../../tests/test_final_state.py::test_make_runs_successfully_and_logfile_created
FAILED ../../tests/test_final_state.py::test_logfile_content_and_filtering - ...
FAILED ../../tests/test_final_state.py::test_env_variable_support - FileNotFo...
FAILED ../../tests/test_final_state.py::test_log_rotation - AssertionError: L...
FAILED ../../tests/test_final_state.py::test_no_rotation_for_small_files - As...
============================== 6 failed in 0.06s ===============================
