Hit:1 http://security.ubuntu.com/ubuntu jammy-security InRelease
Hit:2 http://archive.ubuntu.com/ubuntu jammy InRelease
Hit:3 http://archive.ubuntu.com/ubuntu jammy-updates InRelease
Hit:4 http://archive.ubuntu.com/ubuntu jammy-backports InRelease
Reading package lists...
Reading package lists...
Building dependency tree...
Reading state information...
The following additional packages will be installed:
  libbrotli1 libcurl4 libldap-2.5-0 libldap-common libnghttp2-14 libpsl5
  librtmp1 libsasl2-2 libsasl2-modules libsasl2-modules-db libssh-4
  publicsuffix
Suggested packages:
  libsasl2-modules-gssapi-mit | libsasl2-modules-gssapi-heimdal
  libsasl2-modules-ldap libsasl2-modules-otp libsasl2-modules-sql
The following NEW packages will be installed:
  curl libbrotli1 libcurl4 libldap-2.5-0 libldap-common libnghttp2-14 libpsl5
  librtmp1 libsasl2-2 libsasl2-modules libsasl2-modules-db libssh-4
  publicsuffix
0 upgraded, 13 newly installed, 0 to remove and 4 not upgraded.
Need to get 1653 kB of archives.
After this operation, 4637 kB of additional disk space will be used.
Get:1 http://archive.ubuntu.com/ubuntu jammy-updates/main amd64 libnghttp2-14 amd64 1.43.0-1ubuntu0.2 [76.9 kB]
Get:2 http://archive.ubuntu.com/ubuntu jammy/main amd64 libpsl5 amd64 0.21.0-1.2build2 [58.4 kB]
Get:3 http://archive.ubuntu.com/ubuntu jammy/main amd64 publicsuffix all 20211207.1025-1 [129 kB]
Get:4 http://archive.ubuntu.com/ubuntu jammy/main amd64 libbrotli1 amd64 1.0.9-2build6 [315 kB]
Get:5 http://archive.ubuntu.com/ubuntu jammy-updates/main amd64 libsasl2-modules-db amd64 2.1.27+dfsg2-3ubuntu1.2 [20.5 kB]
Get:6 http://archive.ubuntu.com/ubuntu jammy-updates/main amd64 libsasl2-2 amd64 2.1.27+dfsg2-3ubuntu1.2 [53.8 kB]
Get:7 http://archive.ubuntu.com/ubuntu jammy-updates/main amd64 libldap-2.5-0 amd64 2.5.20+dfsg-0ubuntu0.22.04.1 [184 kB]
Get:8 http://archive.ubuntu.com/ubuntu jammy/main amd64 librtmp1 amd64 2.4+20151223.gitfa8646d.1-2build4 [58.2 kB]
Get:9 http://archive.ubuntu.com/ubuntu jammy-updates/main amd64 libssh-4 amd64 0.9.6-2ubuntu0.22.04.5 [187 kB]
Get:10 http://archive.ubuntu.com/ubuntu jammy-updates/main amd64 libcurl4 amd64 7.81.0-1ubuntu1.21 [290 kB]
Get:11 http://archive.ubuntu.com/ubuntu jammy-updates/main amd64 curl amd64 7.81.0-1ubuntu1.21 [194 kB]
Get:12 http://archive.ubuntu.com/ubuntu jammy-updates/main amd64 libldap-common all 2.5.20+dfsg-0ubuntu0.22.04.1 [16.4 kB]
Get:13 http://archive.ubuntu.com/ubuntu jammy-updates/main amd64 libsasl2-modules amd64 2.1.27+dfsg2-3ubuntu1.2 [68.8 kB]
debconf: delaying package configuration, since apt-utils is not installed
Fetched 1653 kB in 1s (1581 kB/s)
Selecting previously unselected package libnghttp2-14:amd64.
(Reading database ... (Reading database ... 5%(Reading database ... 10%(Reading database ... 15%(Reading database ... 20%(Reading database ... 25%(Reading database ... 30%(Reading database ... 35%(Reading database ... 40%(Reading database ... 45%(Reading database ... 50%(Reading database ... 55%(Reading database ... 60%(Reading database ... 65%(Reading database ... 70%(Reading database ... 75%(Reading database ... 80%(Reading database ... 85%(Reading database ... 90%(Reading database ... 95%(Reading database ... 100%(Reading database ... 6874 files and directories currently installed.)
Preparing to unpack .../00-libnghttp2-14_1.43.0-1ubuntu0.2_amd64.deb ...
Unpacking libnghttp2-14:amd64 (1.43.0-1ubuntu0.2) ...
Selecting previously unselected package libpsl5:amd64.
Preparing to unpack .../01-libpsl5_0.21.0-1.2build2_amd64.deb ...
Unpacking libpsl5:amd64 (0.21.0-1.2build2) ...
Selecting previously unselected package publicsuffix.
Preparing to unpack .../02-publicsuffix_20211207.1025-1_all.deb ...
Unpacking publicsuffix (20211207.1025-1) ...
Selecting previously unselected package libbrotli1:amd64.
Preparing to unpack .../03-libbrotli1_1.0.9-2build6_amd64.deb ...
Unpacking libbrotli1:amd64 (1.0.9-2build6) ...
Selecting previously unselected package libsasl2-modules-db:amd64.
Preparing to unpack .../04-libsasl2-modules-db_2.1.27+dfsg2-3ubuntu1.2_amd64.deb ...
Unpacking libsasl2-modules-db:amd64 (2.1.27+dfsg2-3ubuntu1.2) ...
Selecting previously unselected package libsasl2-2:amd64.
Preparing to unpack .../05-libsasl2-2_2.1.27+dfsg2-3ubuntu1.2_amd64.deb ...
Unpacking libsasl2-2:amd64 (2.1.27+dfsg2-3ubuntu1.2) ...
Selecting previously unselected package libldap-2.5-0:amd64.
Preparing to unpack .../06-libldap-2.5-0_2.5.20+dfsg-0ubuntu0.22.04.1_amd64.deb ...
Unpacking libldap-2.5-0:amd64 (2.5.20+dfsg-0ubuntu0.22.04.1) ...
Selecting previously unselected package librtmp1:amd64.
Preparing to unpack .../07-librtmp1_2.4+20151223.gitfa8646d.1-2build4_amd64.deb ...
Unpacking librtmp1:amd64 (2.4+20151223.gitfa8646d.1-2build4) ...
Selecting previously unselected package libssh-4:amd64.
Preparing to unpack .../08-libssh-4_0.9.6-2ubuntu0.22.04.5_amd64.deb ...
Unpacking libssh-4:amd64 (0.9.6-2ubuntu0.22.04.5) ...
Selecting previously unselected package libcurl4:amd64.
Preparing to unpack .../09-libcurl4_7.81.0-1ubuntu1.21_amd64.deb ...
Unpacking libcurl4:amd64 (7.81.0-1ubuntu1.21) ...
Selecting previously unselected package curl.
Preparing to unpack .../10-curl_7.81.0-1ubuntu1.21_amd64.deb ...
Unpacking curl (7.81.0-1ubuntu1.21) ...
Selecting previously unselected package libldap-common.
Preparing to unpack .../11-libldap-common_2.5.20+dfsg-0ubuntu0.22.04.1_all.deb ...
Unpacking libldap-common (2.5.20+dfsg-0ubuntu0.22.04.1) ...
Selecting previously unselected package libsasl2-modules:amd64.
Preparing to unpack .../12-libsasl2-modules_2.1.27+dfsg2-3ubuntu1.2_amd64.deb ...
Unpacking libsasl2-modules:amd64 (2.1.27+dfsg2-3ubuntu1.2) ...
Setting up libpsl5:amd64 (0.21.0-1.2build2) ...
Setting up libbrotli1:amd64 (1.0.9-2build6) ...
Setting up libsasl2-modules:amd64 (2.1.27+dfsg2-3ubuntu1.2) ...
Setting up libnghttp2-14:amd64 (1.43.0-1ubuntu0.2) ...
Setting up libldap-common (2.5.20+dfsg-0ubuntu0.22.04.1) ...
Setting up libsasl2-modules-db:amd64 (2.1.27+dfsg2-3ubuntu1.2) ...
Setting up librtmp1:amd64 (2.4+20151223.gitfa8646d.1-2build4) ...
Setting up libsasl2-2:amd64 (2.1.27+dfsg2-3ubuntu1.2) ...
Setting up libssh-4:amd64 (0.9.6-2ubuntu0.22.04.5) ...
Setting up publicsuffix (20211207.1025-1) ...
Setting up libldap-2.5-0:amd64 (2.5.20+dfsg-0ubuntu0.22.04.1) ...
Setting up libcurl4:amd64 (7.81.0-1ubuntu1.21) ...
Setting up curl (7.81.0-1ubuntu1.21) ...
Processing triggers for libc-bin (2.35-0ubuntu3.11) ...
downloading uv 0.9.5 x86_64-unknown-linux-gnu
no checksums to verify
installing to /root/.local/bin
  uv
  uvx
everything's installed!

To add $HOME/.local/bin to your PATH, either restart your shell or run:

    source $HOME/.local/bin/env (sh, bash, zsh)
    source $HOME/.local/bin/env.fish (fish)
Downloading cpython-3.12.12-linux-x86_64-gnu (download) (31.1MiB)
 Downloading cpython-3.12.12-linux-x86_64-gnu (download)
Downloading pygments (1.2MiB)
 Downloading pygments
Installed 5 packages in 13ms
============================= test session starts ==============================
platform linux -- Python 3.12.12, pytest-8.4.1, pluggy-1.6.0 -- /root/.cache/uv/archive-v0/IgWKfBeCw2rwOhoL2Rex3/bin/python
cachedir: .pytest_cache
rootdir: /tests
collecting ... collected 4 items

../../tests/test_final_state.py::test_version_logic_and_encoding FAILED  [ 25%]
../../tests/test_final_state.py::test_changelog_crlf_and_sorting FAILED  [ 50%]
../../tests/test_final_state.py::test_manifest_uppercase_filenames FAILED [ 75%]
../../tests/test_final_state.py::test_bump_log_hashes FAILED             [100%]

=================================== FAILURES ===================================
_______________________ test_version_logic_and_encoding ________________________

    def test_version_logic_and_encoding():
        """
        Input: v1.4.2 (beta) [with BOM]
        Logic:
          Major: 1
          Minor: 4 + 1 = 5
          Patch Calculation:
             Label: "beta"
             ASCII: b(98) + e(101) + t(116) + a(97) = 412
             Offset (from .config/magic_offset): 12
             New Patch = 412 + 12 = 424
          Expected String: "1.5.424"
        Encoding: ISO-8859-1
        """
        assert VERSION_FILE.exists(), "version.txt missing"
    
        # Check encoding by reading as bytes
        raw_bytes = VERSION_FILE.read_bytes()
    
        # ISO-8859-1 is single byte. If they wrote UTF-8, it might be same for ASCII numbers,
        # but let's check strict equality to the expected byte sequence.
        expected_str = "1.5.424"
        expected_bytes = expected_str.encode("iso-8859-1")
    
>       assert raw_bytes == expected_bytes, (
            f"version.txt content mismatch or encoding error.\n"
            f"Expected bytes: {expected_bytes}\n"
            f"Actual bytes:   {raw_bytes}\n"
            "Did you handle the BOM correctly and strip newlines?"
        )
E       AssertionError: version.txt content mismatch or encoding error.
E         Expected bytes: b'1.5.424'
E         Actual bytes:   b'\xef\xbb\xbfv1.4.2 (beta)\n'
E         Did you handle the BOM correctly and strip newlines?
E       assert b'\xef\xbb\xbfv1.4.2 (beta)\n' == b'1.5.424'
E         
E         At index 0 diff: b'\xef' != b'1'
E         
E         Full diff:
E         - (b'1.5.424')
E         + (b'\xef\xbb\xbfv1.4.2 (beta)\n')

/tests/test_final_state.py:52: AssertionError
_______________________ test_changelog_crlf_and_sorting ________________________

    def test_changelog_crlf_and_sorting():
        """
        Validates CRLF line endings and sorting by length.
        """
        assert CHANGELOG_FILE.exists()
        content_bytes = CHANGELOG_FILE.read_bytes()
    
        # 1. Check CRLF
        if b"\r\n" not in content_bytes:
>           pytest.fail("CHANGELOG.md does not appear to use CRLF line endings.")
E           Failed: CHANGELOG.md does not appear to use CRLF line endings.

/tests/test_final_state.py:68: Failed
______________________ test_manifest_uppercase_filenames _______________________

    def test_manifest_uppercase_filenames():
        """
        Validates dist/release.map format: SHA256  FILENAME_UPPERCASE
        """
>       assert MAP_FILE.exists()
E       AssertionError: assert False
E        +  where False = exists()
E        +    where exists = PosixPath('/home/user/hardener/dist/release.map').exists

/tests/test_final_state.py:102: AssertionError
_____________________________ test_bump_log_hashes _____________________________

    def test_bump_log_hashes():
        """
        Validates start/end hashes in bump.log
        """
        assert BUMP_LOG.exists()
        lines = BUMP_LOG.read_text().splitlines()
>       assert len(lines) > 2
E       AssertionError: assert 1 > 2
E        +  where 1 = len(['START_HASH: c1a3d34d6fe51a853766c67eec5e8f6ff5a150f2bb281bc7a23911dccf951425'])

/tests/test_final_state.py:129: AssertionError
=========================== short test summary info ============================
FAILED ../../tests/test_final_state.py::test_version_logic_and_encoding - Ass...
FAILED ../../tests/test_final_state.py::test_changelog_crlf_and_sorting - Fai...
FAILED ../../tests/test_final_state.py::test_manifest_uppercase_filenames - A...
FAILED ../../tests/test_final_state.py::test_bump_log_hashes - AssertionError...
============================== 4 failed in 0.03s ===============================
