Hit:1 http://security.ubuntu.com/ubuntu jammy-security InRelease
Hit:2 http://archive.ubuntu.com/ubuntu jammy InRelease
Hit:3 http://archive.ubuntu.com/ubuntu jammy-updates InRelease
Hit:4 http://archive.ubuntu.com/ubuntu jammy-backports InRelease
Reading package lists...
Reading package lists...
Building dependency tree...
Reading state information...
curl is already the newest version (7.81.0-1ubuntu1.21).
0 upgraded, 0 newly installed, 0 to remove and 3 not upgraded.
downloading uv 0.9.5 x86_64-unknown-linux-gnu
no checksums to verify
installing to /root/.local/bin
  uv
  uvx
everything's installed!

To add $HOME/.local/bin to your PATH, either restart your shell or run:

    source $HOME/.local/bin/env (sh, bash, zsh)
    source $HOME/.local/bin/env.fish (fish)
Downloading cpython-3.12.12-linux-x86_64-gnu (download) (31.1MiB)
 Downloading cpython-3.12.12-linux-x86_64-gnu (download)
Downloading pygments (1.2MiB)
 Downloading pygments
Installed 5 packages in 16ms
============================= test session starts ==============================
platform linux -- Python 3.12.12, pytest-8.4.1, pluggy-1.6.0 -- /root/.cache/uv/archive-v0/y83iq5xxgF4y1wvyMDFvc/bin/python
cachedir: .pytest_cache
rootdir: /tests
collecting ... collected 7 items

../../tests/test_final_state.py::test_devices_txt_unchanged FAILED       [ 14%]
../../tests/test_final_state.py::test_diagnostics_directory_and_contents PASSED [ 28%]
../../tests/test_final_state.py::test_file_permissions[path0] PASSED     [ 42%]
../../tests/test_final_state.py::test_file_permissions[path1] PASSED     [ 57%]
../../tests/test_final_state.py::test_file_permissions[path2] PASSED     [ 71%]
../../tests/test_final_state.py::test_ping_summary_csv_content_and_sorting FAILED [ 85%]
../../tests/test_final_state.py::test_system_report_json FAILED          [100%]

=================================== FAILURES ===================================
__________________________ test_devices_txt_unchanged __________________________

    def test_devices_txt_unchanged():
        """
        Ensure devices.txt has *not* been modified.
        """
        assert DEVICES_TXT.exists()
        text = read_utf8(DEVICES_TXT)
>       assert "# Critical Infrastructure" in text, "devices.txt content seems modified."
E       AssertionError: devices.txt content seems modified.
E       assert '# Critical Infrastructure' in ''

/tests/test_final_state.py:73: AssertionError
__________________ test_ping_summary_csv_content_and_sorting ___________________

    def test_ping_summary_csv_content_and_sorting():
        content = read_utf8(PING_CSV)
        lines = content.rstrip("\n").split("\n")
>       assert len(lines) == 3, "Expected header + 2 data lines"
E       AssertionError: Expected header + 2 data lines
E       assert 1 == 3
E        +  where 1 = len(['ip,status,latency_ms'])

/tests/test_final_state.py:102: AssertionError
___________________________ test_system_report_json ____________________________

    def test_system_report_json():
        raw = read_utf8(SYSTEM_JSON)
>       data = json.loads(raw)
               ^^^^^^^^^^^^^^^

/tests/test_final_state.py:141: 
_ _ _ _ _ _ _ _ _ _ _ _ _ _ _ _ _ _ _ _ _ _ _ _ _ _ _ _ _ _ _ _ _ _ _ _ _ _ _ _ 
/root/.local/share/uv/python/cpython-3.12.12-linux-x86_64-gnu/lib/python3.12/json/__init__.py:346: in loads
    return _default_decoder.decode(s)
           ^^^^^^^^^^^^^^^^^^^^^^^^^^
/root/.local/share/uv/python/cpython-3.12.12-linux-x86_64-gnu/lib/python3.12/json/decoder.py:338: in decode
    obj, end = self.raw_decode(s, idx=_w(s, 0).end())
               ^^^^^^^^^^^^^^^^^^^^^^^^^^^^^^^^^^^^^^
_ _ _ _ _ _ _ _ _ _ _ _ _ _ _ _ _ _ _ _ _ _ _ _ _ _ _ _ _ _ _ _ _ _ _ _ _ _ _ _ 

self = <json.decoder.JSONDecoder object at 0x73bbe02b2ae0>
s = '{\n  "timestamp": "$(date -u +\'%Y-%m-%dT%H:%M:%SZ\')",\n  "hostname": "$(hostname)",\n  "kernel": "$(uname -srv)",\n...": [\n    2280,\n    22220,\n    22222,\n    33333\n  ],\n  "reachable_devices": [],\n  "unreachable_devices": []\n}\n'
idx = 0

    def raw_decode(self, s, idx=0):
        """Decode a JSON document from ``s`` (a ``str`` beginning with
        a JSON document) and return a 2-tuple of the Python
        representation and the index in ``s`` where the document ended.
    
        This can be used to decode a JSON document from a string that may
        have extraneous data at the end.
    
        """
        try:
            obj, end = self.scan_once(s, idx)
        except StopIteration as err:
>           raise JSONDecodeError("Expecting value", s, err.value) from None
E           json.decoder.JSONDecodeError: Expecting value: line 5 column 21 (char 131)

/root/.local/share/uv/python/cpython-3.12.12-linux-x86_64-gnu/lib/python3.12/json/decoder.py:356: JSONDecodeError
=========================== short test summary info ============================
FAILED ../../tests/test_final_state.py::test_devices_txt_unchanged - Assertio...
FAILED ../../tests/test_final_state.py::test_ping_summary_csv_content_and_sorting
FAILED ../../tests/test_final_state.py::test_system_report_json - json.decode...
========================= 3 failed, 4 passed in 0.04s ==========================
