Hit:1 http://security.ubuntu.com/ubuntu jammy-security InRelease
Hit:2 http://archive.ubuntu.com/ubuntu jammy InRelease
Hit:3 http://archive.ubuntu.com/ubuntu jammy-updates InRelease
Hit:4 http://archive.ubuntu.com/ubuntu jammy-backports InRelease
Reading package lists...
Reading package lists...
Building dependency tree...
Reading state information...
curl is already the newest version (7.81.0-1ubuntu1.21).
0 upgraded, 0 newly installed, 0 to remove and 3 not upgraded.
downloading uv 0.9.5 x86_64-unknown-linux-gnu
no checksums to verify
installing to /root/.local/bin
  uv
  uvx
everything's installed!

To add $HOME/.local/bin to your PATH, either restart your shell or run:

    source $HOME/.local/bin/env (sh, bash, zsh)
    source $HOME/.local/bin/env.fish (fish)
Downloading cpython-3.12.12-linux-x86_64-gnu (download) (31.1MiB)
 Downloading cpython-3.12.12-linux-x86_64-gnu (download)
Downloading pygments (1.2MiB)
 Downloading pygments
Installed 5 packages in 13ms
============================= test session starts ==============================
platform linux -- Python 3.12.12, pytest-8.4.1, pluggy-1.6.0 -- /root/.cache/uv/archive-v0/hUC7JxMVKBgRTI8cCyg2A/bin/python
cachedir: .pytest_cache
rootdir: /tests
collecting ... collected 7 items

../../tests/test_final_state.py::test_devices_txt_unchanged FAILED       [ 14%]
../../tests/test_final_state.py::test_diagnostics_directory_and_contents PASSED [ 28%]
../../tests/test_final_state.py::test_file_permissions[path0] PASSED     [ 42%]
../../tests/test_final_state.py::test_file_permissions[path1] PASSED     [ 57%]
../../tests/test_final_state.py::test_file_permissions[path2] PASSED     [ 71%]
../../tests/test_final_state.py::test_ping_summary_csv_content_and_sorting FAILED [ 85%]
../../tests/test_final_state.py::test_system_report_json FAILED          [100%]

=================================== FAILURES ===================================
__________________________ test_devices_txt_unchanged __________________________

    def test_devices_txt_unchanged():
        """
        Ensure devices.txt has *not* been modified.
        """
        assert DEVICES_TXT.exists()
        text = read_utf8(DEVICES_TXT)
>       assert "# Critical Infrastructure" in text, "devices.txt content seems modified."
E       AssertionError: devices.txt content seems modified.
E       assert '# Critical Infrastructure' in ''

/tests/test_final_state.py:73: AssertionError
__________________ test_ping_summary_csv_content_and_sorting ___________________

    def test_ping_summary_csv_content_and_sorting():
        content = read_utf8(PING_CSV)
        lines = content.rstrip("\n").split("\n")
>       assert len(lines) == 3, "Expected header + 2 data lines"
E       AssertionError: Expected header + 2 data lines
E       assert 1 == 3
E        +  where 1 = len(['ip,status,latency_ms'])

/tests/test_final_state.py:102: AssertionError
___________________________ test_system_report_json ____________________________

    def test_system_report_json():
        raw = read_utf8(SYSTEM_JSON)
        data = json.loads(raw)
    
        top_keys = [
            "timestamp", "hostname", "kernel", "uptime_seconds", "load_average",
            "memory", "disk_usage", "top_processes", "open_ports",
            "reachable_devices", "unreachable_devices"
        ]
        assert_keys(data, top_keys, ctx="Top-level JSON")
    
        # disk_usage validation
        disk = data["disk_usage"]
        assert isinstance(disk, list), "disk_usage must be a list"
        assert len(disk) > 0, "disk_usage list is empty (should at least have root fs)"
        for d in disk:
            assert_keys(d, ["mountpoint", "filesystem", "size_GB", "used_GB", "free_GB", "percent_used"], ctx="disk_usage entry")
>           assert d["filesystem"] in ["ext4", "xfs", "overlay"], f"Unexpected fs type {d['filesystem']}"
E           AssertionError: Unexpected fs type /dev/md1
E           assert '/dev/md1' in ['ext4', 'xfs', 'overlay']

/tests/test_final_state.py:156: AssertionError
=========================== short test summary info ============================
FAILED ../../tests/test_final_state.py::test_devices_txt_unchanged - Assertio...
FAILED ../../tests/test_final_state.py::test_ping_summary_csv_content_and_sorting
FAILED ../../tests/test_final_state.py::test_system_report_json - AssertionEr...
========================= 3 failed, 4 passed in 0.03s ==========================
