Hit:1 http://archive.ubuntu.com/ubuntu jammy InRelease
Hit:2 http://archive.ubuntu.com/ubuntu jammy-updates InRelease
Hit:3 http://archive.ubuntu.com/ubuntu jammy-backports InRelease
Hit:4 http://security.ubuntu.com/ubuntu jammy-security InRelease
Reading package lists...
Reading package lists...
Building dependency tree...
Reading state information...
The following additional packages will be installed:
  libbrotli1 libcurl4 libldap-2.5-0 libldap-common libnghttp2-14 libpsl5
  librtmp1 libsasl2-2 libsasl2-modules libsasl2-modules-db libssh-4
  publicsuffix
Suggested packages:
  libsasl2-modules-gssapi-mit | libsasl2-modules-gssapi-heimdal
  libsasl2-modules-ldap libsasl2-modules-otp libsasl2-modules-sql
The following NEW packages will be installed:
  curl libbrotli1 libcurl4 libldap-2.5-0 libldap-common libnghttp2-14 libpsl5
  librtmp1 libsasl2-2 libsasl2-modules libsasl2-modules-db libssh-4
  publicsuffix
0 upgraded, 13 newly installed, 0 to remove and 4 not upgraded.
Need to get 1653 kB of archives.
After this operation, 4637 kB of additional disk space will be used.
Get:1 http://archive.ubuntu.com/ubuntu jammy-updates/main amd64 libnghttp2-14 amd64 1.43.0-1ubuntu0.2 [76.9 kB]
Get:2 http://archive.ubuntu.com/ubuntu jammy/main amd64 libpsl5 amd64 0.21.0-1.2build2 [58.4 kB]
Get:3 http://archive.ubuntu.com/ubuntu jammy/main amd64 publicsuffix all 20211207.1025-1 [129 kB]
Get:4 http://archive.ubuntu.com/ubuntu jammy/main amd64 libbrotli1 amd64 1.0.9-2build6 [315 kB]
Get:5 http://archive.ubuntu.com/ubuntu jammy-updates/main amd64 libsasl2-modules-db amd64 2.1.27+dfsg2-3ubuntu1.2 [20.5 kB]
Get:6 http://archive.ubuntu.com/ubuntu jammy-updates/main amd64 libsasl2-2 amd64 2.1.27+dfsg2-3ubuntu1.2 [53.8 kB]
Get:7 http://archive.ubuntu.com/ubuntu jammy-updates/main amd64 libldap-2.5-0 amd64 2.5.20+dfsg-0ubuntu0.22.04.1 [184 kB]
Get:8 http://archive.ubuntu.com/ubuntu jammy/main amd64 librtmp1 amd64 2.4+20151223.gitfa8646d.1-2build4 [58.2 kB]
Get:9 http://archive.ubuntu.com/ubuntu jammy-updates/main amd64 libssh-4 amd64 0.9.6-2ubuntu0.22.04.5 [187 kB]
Get:10 http://archive.ubuntu.com/ubuntu jammy-updates/main amd64 libcurl4 amd64 7.81.0-1ubuntu1.21 [290 kB]
Get:11 http://archive.ubuntu.com/ubuntu jammy-updates/main amd64 curl amd64 7.81.0-1ubuntu1.21 [194 kB]
Get:12 http://archive.ubuntu.com/ubuntu jammy-updates/main amd64 libldap-common all 2.5.20+dfsg-0ubuntu0.22.04.1 [16.4 kB]
Get:13 http://archive.ubuntu.com/ubuntu jammy-updates/main amd64 libsasl2-modules amd64 2.1.27+dfsg2-3ubuntu1.2 [68.8 kB]
debconf: delaying package configuration, since apt-utils is not installed
Fetched 1653 kB in 1s (2251 kB/s)
Selecting previously unselected package libnghttp2-14:amd64.
(Reading database ... (Reading database ... 5%(Reading database ... 10%(Reading database ... 15%(Reading database ... 20%(Reading database ... 25%(Reading database ... 30%(Reading database ... 35%(Reading database ... 40%(Reading database ... 45%(Reading database ... 50%(Reading database ... 55%(Reading database ... 60%(Reading database ... 65%(Reading database ... 70%(Reading database ... 75%(Reading database ... 80%(Reading database ... 85%(Reading database ... 90%(Reading database ... 95%(Reading database ... 100%(Reading database ... 7741 files and directories currently installed.)
Preparing to unpack .../00-libnghttp2-14_1.43.0-1ubuntu0.2_amd64.deb ...
Unpacking libnghttp2-14:amd64 (1.43.0-1ubuntu0.2) ...
Selecting previously unselected package libpsl5:amd64.
Preparing to unpack .../01-libpsl5_0.21.0-1.2build2_amd64.deb ...
Unpacking libpsl5:amd64 (0.21.0-1.2build2) ...
Selecting previously unselected package publicsuffix.
Preparing to unpack .../02-publicsuffix_20211207.1025-1_all.deb ...
Unpacking publicsuffix (20211207.1025-1) ...
Selecting previously unselected package libbrotli1:amd64.
Preparing to unpack .../03-libbrotli1_1.0.9-2build6_amd64.deb ...
Unpacking libbrotli1:amd64 (1.0.9-2build6) ...
Selecting previously unselected package libsasl2-modules-db:amd64.
Preparing to unpack .../04-libsasl2-modules-db_2.1.27+dfsg2-3ubuntu1.2_amd64.deb ...
Unpacking libsasl2-modules-db:amd64 (2.1.27+dfsg2-3ubuntu1.2) ...
Selecting previously unselected package libsasl2-2:amd64.
Preparing to unpack .../05-libsasl2-2_2.1.27+dfsg2-3ubuntu1.2_amd64.deb ...
Unpacking libsasl2-2:amd64 (2.1.27+dfsg2-3ubuntu1.2) ...
Selecting previously unselected package libldap-2.5-0:amd64.
Preparing to unpack .../06-libldap-2.5-0_2.5.20+dfsg-0ubuntu0.22.04.1_amd64.deb ...
Unpacking libldap-2.5-0:amd64 (2.5.20+dfsg-0ubuntu0.22.04.1) ...
Selecting previously unselected package librtmp1:amd64.
Preparing to unpack .../07-librtmp1_2.4+20151223.gitfa8646d.1-2build4_amd64.deb ...
Unpacking librtmp1:amd64 (2.4+20151223.gitfa8646d.1-2build4) ...
Selecting previously unselected package libssh-4:amd64.
Preparing to unpack .../08-libssh-4_0.9.6-2ubuntu0.22.04.5_amd64.deb ...
Unpacking libssh-4:amd64 (0.9.6-2ubuntu0.22.04.5) ...
Selecting previously unselected package libcurl4:amd64.
Preparing to unpack .../09-libcurl4_7.81.0-1ubuntu1.21_amd64.deb ...
Unpacking libcurl4:amd64 (7.81.0-1ubuntu1.21) ...
Selecting previously unselected package curl.
Preparing to unpack .../10-curl_7.81.0-1ubuntu1.21_amd64.deb ...
Unpacking curl (7.81.0-1ubuntu1.21) ...
Selecting previously unselected package libldap-common.
Preparing to unpack .../11-libldap-common_2.5.20+dfsg-0ubuntu0.22.04.1_all.deb ...
Unpacking libldap-common (2.5.20+dfsg-0ubuntu0.22.04.1) ...
Selecting previously unselected package libsasl2-modules:amd64.
Preparing to unpack .../12-libsasl2-modules_2.1.27+dfsg2-3ubuntu1.2_amd64.deb ...
Unpacking libsasl2-modules:amd64 (2.1.27+dfsg2-3ubuntu1.2) ...
Setting up libpsl5:amd64 (0.21.0-1.2build2) ...
Setting up libbrotli1:amd64 (1.0.9-2build6) ...
Setting up libsasl2-modules:amd64 (2.1.27+dfsg2-3ubuntu1.2) ...
Setting up libnghttp2-14:amd64 (1.43.0-1ubuntu0.2) ...
Setting up libldap-common (2.5.20+dfsg-0ubuntu0.22.04.1) ...
Setting up libsasl2-modules-db:amd64 (2.1.27+dfsg2-3ubuntu1.2) ...
Setting up librtmp1:amd64 (2.4+20151223.gitfa8646d.1-2build4) ...
Setting up libsasl2-2:amd64 (2.1.27+dfsg2-3ubuntu1.2) ...
Setting up libssh-4:amd64 (0.9.6-2ubuntu0.22.04.5) ...
Setting up publicsuffix (20211207.1025-1) ...
Setting up libldap-2.5-0:amd64 (2.5.20+dfsg-0ubuntu0.22.04.1) ...
Setting up libcurl4:amd64 (7.81.0-1ubuntu1.21) ...
Setting up curl (7.81.0-1ubuntu1.21) ...
Processing triggers for libc-bin (2.35-0ubuntu3.11) ...
downloading uv 0.9.5 x86_64-unknown-linux-gnu
no checksums to verify
installing to /root/.local/bin
  uv
  uvx
everything's installed!

To add $HOME/.local/bin to your PATH, either restart your shell or run:

    source $HOME/.local/bin/env (sh, bash, zsh)
    source $HOME/.local/bin/env.fish (fish)
Downloading cpython-3.12.12-linux-x86_64-gnu (download) (31.1MiB)
 Downloading cpython-3.12.12-linux-x86_64-gnu (download)
Downloading pygments (1.2MiB)
 Downloading pygments
Installed 5 packages in 14ms
============================= test session starts ==============================
platform linux -- Python 3.12.12, pytest-8.4.1, pluggy-1.6.0 -- /root/.cache/uv/archive-v0/uGp8-7SBHm22STYiosqHN/bin/python
cachedir: .pytest_cache
rootdir: /tests
collecting ... collected 6 items

../../tests/test_final_state.py::test_access_summary_crlf_and_content FAILED [ 16%]
../../tests/test_final_state.py::test_error_report_encoding_and_content FAILED [ 33%]
../../tests/test_final_state.py::test_cpu_csv_bom_handled_and_content FAILED [ 50%]
../../tests/test_final_state.py::test_stats_json FAILED                  [ 66%]
../../tests/test_final_state.py::test_maintenance_audit_format FAILED    [ 83%]
../../tests/test_final_state.py::test_manifest_checksums FAILED          [100%]

=================================== FAILURES ===================================
_____________________ test_access_summary_crlf_and_content _____________________

    def test_access_summary_crlf_and_content():
        fp = SUMMARY_DIR / "access_summary.txt"
        assert fp.is_file()
    
        # Read binary to check CRLF
        content_bytes = fp.read_bytes()
>       assert b"\r\n" in content_bytes, "access_summary.txt must use CRLF line endings!"
E       AssertionError: access_summary.txt must use CRLF line endings!
E       assert b'\r\n' in b''

/tests/test_final_state.py:51: AssertionError
____________________ test_error_report_encoding_and_content ____________________

    def test_error_report_encoding_and_content():
        fp = SUMMARY_DIR / "error_report.txt"
        assert fp.is_file()
    
        # Should NOT contain UTF-8 markers if it's strictly ISO-8859-1 compatible,
        # but main check is that we can read it as ISO-8859-1.
        try:
            with fp.open(encoding="iso-8859-1") as fh:
                lines = fh.read().splitlines()
        except UnicodeError:
            pytest.fail("error_report.txt is not valid ISO-8859-1")
    
>       assert lines == EXPECTED_ERROR_LINES
E       AssertionError: assert [] == ['2023-10-12 ...-14 [Sat]: 2']
E         
E         Right contains 3 more items, first extra item: '2023-10-12 [Thu]: 2'
E         
E         Full diff:
E         + []
E         - [
E         -     '2023-10-12 [Thu]: 2',...
E         
E         ...Full output truncated (3 lines hidden), use '-vv' to show

/tests/test_final_state.py:75: AssertionError
_____________________ test_cpu_csv_bom_handled_and_content _____________________

    def test_cpu_csv_bom_handled_and_content():
        fp = SUMMARY_DIR / "avg_cpu_by_server.csv"
        assert fp.is_file()
    
        with fp.open(encoding="utf-8") as fh:
            content = fh.read()
    
        # Check for BOM artifact presence in the first line if they failed to strip it
        assert "\ufeff" not in content, "Output CSV contains a BOM, which should have been stripped from input."
    
        lines = content.splitlines()
>       assert lines == EXPECTED_CPU_LINES
E       AssertionError: assert [] == ['SERVER,AVG_... 'srv3,22.50']
E         
E         Right contains 4 more items, first extra item: 'SERVER,AVG_CPU'
E         
E         Full diff:
E         + []
E         - [
E         -     'SERVER,AVG_CPU',...
E         
E         ...Full output truncated (4 lines hidden), use '-vv' to show

/tests/test_final_state.py:88: AssertionError
_______________________________ test_stats_json ________________________________

    def test_stats_json():
        fp = SUMMARY_DIR / "stats.json"
        assert fp.is_file()
        with fp.open(encoding="utf-8") as fh:
            content = fh.read()
        # Strict check for minification (no spaces)
        assert " " not in content, "JSON must be minified (no spaces)"
>       assert content.strip() == EXPECTED_STATS_JSON
E       assert '{total_succe...otal_errors:}' == '{"total_erro...requests":10}'
E         
E         - {"total_errors":6,"total_success_requests":10}
E         + {total_success_requests:,total_errors:}

/tests/test_final_state.py:97: AssertionError
________________________ test_maintenance_audit_format _________________________

    def test_maintenance_audit_format():
        fp = SUMMARY_DIR / "maintenance_audit.log"
        assert fp.is_file()
    
        with fp.open(encoding="utf-8") as fh:
            content = fh.read()
    
        expected_blocks = [
            "=== [ACCESS] ===",
            "\n".join(EXPECTED_ACCESS_LINES),
            "",
            "=== [ERRORS] ===",
            "\n".join(EXPECTED_ERROR_LINES),
            "",
            "=== [CPU] ===",
            "\n".join(EXPECTED_CPU_LINES[1:]), # No header
            "",
            "=== [STATS] ===",
            EXPECTED_STATS_JSON
        ]
    
        expected_full = "\n".join(expected_blocks)
    
        # Diff for easier debugging
        if content.strip() != expected_full.strip():
            print("FOUND:\n" + content)
            print("EXPECTED:\n" + expected_full)
    
>       assert content.strip() == expected_full.strip()
E       assert '=== [ACCESS]...otal_errors:}' == '=== [ACCESS]...requests":10}'
E         
E           === [ACCESS] ===
E         - 192.168.1.10 4
E         - 192.168.1.15 3
E         - 192.168.1.25 2
E         - 192.168.1.20 1
E           ...
E         
E         ...Full output truncated (13 lines hidden), use '-vv' to show

/tests/test_final_state.py:127: AssertionError
----------------------------- Captured stdout call -----------------------------
FOUND:
=== [ACCESS] ===

=== [ERRORS] ===

=== [CPU] ===

=== [STATS] ===
{total_success_requests:,total_errors:}

EXPECTED:
=== [ACCESS] ===
192.168.1.10 4
192.168.1.15 3
192.168.1.25 2
192.168.1.20 1

=== [ERRORS] ===
2023-10-12 [Thu]: 2
2023-10-13 [Fri]: 2
2023-10-14 [Sat]: 2

=== [CPU] ===
srv2,51.25
srv1,37.50
srv3,22.50

=== [STATS] ===
{"total_errors":6,"total_success_requests":10}
___________________________ test_manifest_checksums ____________________________

    def test_manifest_checksums():
        fp = SUMMARY_DIR / "manifest.txt"
        assert fp.is_file()
    
        with fp.open(encoding="utf-8") as fh:
            lines = fh.read().splitlines()
    
        # Check sorting
        filenames_in_manifest = [line.split()[1] for line in lines if line.strip()]
>       assert filenames_in_manifest == sorted(filenames_in_manifest), "Manifest lines must be sorted alphabetically by filename"
E       AssertionError: Manifest lines must be sorted alphabetically by filename
E       assert ['stats.json'...r_report.txt'] == ['access_summ... 'stats.json']
E         
E         At index 0 diff: 'stats.json' != 'access_summary.txt'
E         
E         Full diff:
E           [
E         +     'stats.json',
E         +     'maintenance_audit.log',...
E         
E         ...Full output truncated (6 lines hidden), use '-vv' to show

/tests/test_final_state.py:138: AssertionError
=========================== short test summary info ============================
FAILED ../../tests/test_final_state.py::test_access_summary_crlf_and_content
FAILED ../../tests/test_final_state.py::test_error_report_encoding_and_content
FAILED ../../tests/test_final_state.py::test_cpu_csv_bom_handled_and_content
FAILED ../../tests/test_final_state.py::test_stats_json - assert '{total_succ...
FAILED ../../tests/test_final_state.py::test_maintenance_audit_format - asser...
FAILED ../../tests/test_final_state.py::test_manifest_checksums - AssertionEr...
============================== 6 failed in 0.04s ===============================
