Hit:1 http://security.ubuntu.com/ubuntu jammy-security InRelease
Hit:2 http://archive.ubuntu.com/ubuntu jammy InRelease
Hit:3 http://archive.ubuntu.com/ubuntu jammy-updates InRelease
Hit:4 http://archive.ubuntu.com/ubuntu jammy-backports InRelease
Reading package lists...
Reading package lists...
Building dependency tree...
Reading state information...
The following additional packages will be installed:
  libcurl4 libnghttp2-14 libpsl5 librtmp1 libssh-4 publicsuffix
The following NEW packages will be installed:
  curl libcurl4 libnghttp2-14 libpsl5 librtmp1 libssh-4 publicsuffix
0 upgraded, 7 newly installed, 0 to remove and 4 not upgraded.
Need to get 994 kB of archives.
After this operation, 2553 kB of additional disk space will be used.
Get:1 http://archive.ubuntu.com/ubuntu jammy-updates/main amd64 libnghttp2-14 amd64 1.43.0-1ubuntu0.2 [76.9 kB]
Get:2 http://archive.ubuntu.com/ubuntu jammy/main amd64 libpsl5 amd64 0.21.0-1.2build2 [58.4 kB]
Get:3 http://archive.ubuntu.com/ubuntu jammy/main amd64 publicsuffix all 20211207.1025-1 [129 kB]
Get:4 http://archive.ubuntu.com/ubuntu jammy/main amd64 librtmp1 amd64 2.4+20151223.gitfa8646d.1-2build4 [58.2 kB]
Get:5 http://archive.ubuntu.com/ubuntu jammy-updates/main amd64 libssh-4 amd64 0.9.6-2ubuntu0.22.04.5 [187 kB]
Get:6 http://archive.ubuntu.com/ubuntu jammy-updates/main amd64 libcurl4 amd64 7.81.0-1ubuntu1.21 [290 kB]
Get:7 http://archive.ubuntu.com/ubuntu jammy-updates/main amd64 curl amd64 7.81.0-1ubuntu1.21 [194 kB]
debconf: delaying package configuration, since apt-utils is not installed
Fetched 994 kB in 1s (896 kB/s)
Selecting previously unselected package libnghttp2-14:amd64.
(Reading database ... (Reading database ... 5%(Reading database ... 10%(Reading database ... 15%(Reading database ... 20%(Reading database ... 25%(Reading database ... 30%(Reading database ... 35%(Reading database ... 40%(Reading database ... 45%(Reading database ... 50%(Reading database ... 55%(Reading database ... 60%(Reading database ... 65%(Reading database ... 70%(Reading database ... 75%(Reading database ... 80%(Reading database ... 85%(Reading database ... 90%(Reading database ... 95%(Reading database ... 100%(Reading database ... 16230 files and directories currently installed.)
Preparing to unpack .../0-libnghttp2-14_1.43.0-1ubuntu0.2_amd64.deb ...
Unpacking libnghttp2-14:amd64 (1.43.0-1ubuntu0.2) ...
Selecting previously unselected package libpsl5:amd64.
Preparing to unpack .../1-libpsl5_0.21.0-1.2build2_amd64.deb ...
Unpacking libpsl5:amd64 (0.21.0-1.2build2) ...
Selecting previously unselected package publicsuffix.
Preparing to unpack .../2-publicsuffix_20211207.1025-1_all.deb ...
Unpacking publicsuffix (20211207.1025-1) ...
Selecting previously unselected package librtmp1:amd64.
Preparing to unpack .../3-librtmp1_2.4+20151223.gitfa8646d.1-2build4_amd64.deb ...
Unpacking librtmp1:amd64 (2.4+20151223.gitfa8646d.1-2build4) ...
Selecting previously unselected package libssh-4:amd64.
Preparing to unpack .../4-libssh-4_0.9.6-2ubuntu0.22.04.5_amd64.deb ...
Unpacking libssh-4:amd64 (0.9.6-2ubuntu0.22.04.5) ...
Selecting previously unselected package libcurl4:amd64.
Preparing to unpack .../5-libcurl4_7.81.0-1ubuntu1.21_amd64.deb ...
Unpacking libcurl4:amd64 (7.81.0-1ubuntu1.21) ...
Selecting previously unselected package curl.
Preparing to unpack .../6-curl_7.81.0-1ubuntu1.21_amd64.deb ...
Unpacking curl (7.81.0-1ubuntu1.21) ...
Setting up libpsl5:amd64 (0.21.0-1.2build2) ...
Setting up libnghttp2-14:amd64 (1.43.0-1ubuntu0.2) ...
Setting up librtmp1:amd64 (2.4+20151223.gitfa8646d.1-2build4) ...
Setting up libssh-4:amd64 (0.9.6-2ubuntu0.22.04.5) ...
Setting up libcurl4:amd64 (7.81.0-1ubuntu1.21) ...
Setting up curl (7.81.0-1ubuntu1.21) ...
Setting up publicsuffix (20211207.1025-1) ...
Processing triggers for libc-bin (2.35-0ubuntu3.11) ...
downloading uv 0.9.5 x86_64-unknown-linux-gnu
no checksums to verify
installing to /root/.local/bin
  uv
  uvx
everything's installed!

To add $HOME/.local/bin to your PATH, either restart your shell or run:

    source $HOME/.local/bin/env (sh, bash, zsh)
    source $HOME/.local/bin/env.fish (fish)
Downloading cpython-3.12.12-linux-x86_64-gnu (download) (31.1MiB)
 Downloading cpython-3.12.12-linux-x86_64-gnu (download)
Downloading pygments (1.2MiB)
 Downloading pygments
Installed 5 packages in 15ms
============================= test session starts ==============================
platform linux -- Python 3.12.12, pytest-8.4.1, pluggy-1.6.0 -- /root/.cache/uv/archive-v0/8Be9KIVjSLV7pmTYM5NIe/bin/python
cachedir: .pytest_cache
rootdir: /tests
collecting ... collected 4 items

../../tests/test_final_state.py::test_directory_structure_and_permissions PASSED [ 25%]
../../tests/test_final_state.py::test_files_to_process_content FAILED    [ 50%]
../../tests/test_final_state.py::test_run_sh_behavior FAILED             [ 75%]
../../tests/test_final_state.py::test_setup_log FAILED                   [100%]

=================================== FAILURES ===================================
________________________ test_files_to_process_content _________________________

    def test_files_to_process_content():
        """
        Validate the data cleaning: lowercase, no spaces, .jpg only, sorted, unique.
        """
        _assert_exists(FILES_TO_PROCESS, is_dir=False)
    
        # Read content, stripping final newline for comparison if needed,
        # but typically tools like sort add a newline at the end.
        content = FILES_TO_PROCESS.read_text(encoding="utf-8").strip()
>       assert content == EXPECTED_CLEAN_CONTENT, (
            f"{FILES_TO_PROCESS} content is incorrect.\n"
            f"Expected:\n{EXPECTED_CLEAN_CONTENT!r}\nGot:\n{content!r}"
        )
E       AssertionError: /home/user/workflows/image_cleanup/input/files_to_process.txt content is incorrect.
E         Expected:
E         'data_03.jpg\nimage_01.jpg'
E         Got:
E         ''
E       assert '' == 'data_03.jpg\nimage_01.jpg'
E         
E         - data_03.jpg
E         - image_01.jpg

/tests/test_final_state.py:81: AssertionError
_____________________________ test_run_sh_behavior _____________________________

    def test_run_sh_behavior():
        """
        run.sh must exist, be executable, have shebang, and print the correct count.
        """
        _assert_exists(RUN_SH, is_dir=False)
        assert os.access(RUN_SH, os.X_OK), f"{RUN_SH} is not executable."
    
        lines = RUN_SH.read_text(encoding="utf-8").splitlines()
        assert len(lines) > 0 and lines[0] == "#!/usr/bin/env bash", (
            f"{RUN_SH} must start with '#!/usr/bin/env bash'."
        )
    
        # Execute the script and check output
        result = subprocess.run([str(RUN_SH)], capture_output=True, text=True, cwd=str(IMAGE_CLEANUP_DIR))
        assert result.returncode == 0, f"{RUN_SH} failed with exit code {result.returncode}"
    
        # Expected count is 2
        expected_output = "Found 2 files to process."
>       assert expected_output in result.stdout.strip(), (
            f"{RUN_SH} output mismatch.\nExpected: '{expected_output}'\nGot: '{result.stdout.strip()}'"
        )
E       AssertionError: /home/user/workflows/image_cleanup/run.sh output mismatch.
E         Expected: 'Found 2 files to process.'
E         Got: 'Found 0 files to process.'
E       assert 'Found 2 files to process.' in 'Found 0 files to process.'
E        +  where 'Found 0 files to process.' = <built-in method strip of str object at 0x7bda89917c80>()
E        +    where <built-in method strip of str object at 0x7bda89917c80> = 'Found 0 files to process.\n'.strip
E        +      where 'Found 0 files to process.\n' = CompletedProcess(args=['/home/user/workflows/image_cleanup/run.sh'], returncode=0, stdout='Found 0 files to process.\n', stderr='').stdout

/tests/test_final_state.py:104: AssertionError
________________________________ test_setup_log ________________________________

    def test_setup_log():
        """
        Validate setup.log format, including the new Metadata section with dynamic checksum/size.
        """
        _assert_exists(LOG_FILE, is_dir=False)
        log_lines = LOG_FILE.read_text(encoding="utf-8").splitlines()
    
        # Structure check
        assert log_lines[0] == "SETUP COMPLETE"
>       assert TIMESTAMP_REGEX.fullmatch(log_lines[1])
E       assert None
E        +  where None = <built-in method fullmatch of re.Pattern object at 0x6aeb3d0>("Timestamp: $(date +'%Y-%m-%d %H:%M:%S')")
E        +    where <built-in method fullmatch of re.Pattern object at 0x6aeb3d0> = re.compile('^Timestamp: \\d{4}-\\d{2}-\\d{2} \\d{2}:\\d{2}:\\d{2}$').fullmatch

/tests/test_final_state.py:117: AssertionError
=========================== short test summary info ============================
FAILED ../../tests/test_final_state.py::test_files_to_process_content - Asser...
FAILED ../../tests/test_final_state.py::test_run_sh_behavior - AssertionError...
FAILED ../../tests/test_final_state.py::test_setup_log - assert None
========================= 3 failed, 1 passed in 0.04s ==========================
