Hit:1 http://security.ubuntu.com/ubuntu jammy-security InRelease
Hit:2 http://archive.ubuntu.com/ubuntu jammy InRelease
Hit:3 http://archive.ubuntu.com/ubuntu jammy-updates InRelease
Hit:4 http://archive.ubuntu.com/ubuntu jammy-backports InRelease
Reading package lists...
Reading package lists...
Building dependency tree...
Reading state information...
The following additional packages will be installed:
  libbrotli1 libcurl4 libldap-2.5-0 libldap-common libnghttp2-14 libpsl5
  librtmp1 libsasl2-2 libsasl2-modules libsasl2-modules-db libssh-4
  publicsuffix
Suggested packages:
  libsasl2-modules-gssapi-mit | libsasl2-modules-gssapi-heimdal
  libsasl2-modules-ldap libsasl2-modules-otp libsasl2-modules-sql
The following NEW packages will be installed:
  curl libbrotli1 libcurl4 libldap-2.5-0 libldap-common libnghttp2-14 libpsl5
  librtmp1 libsasl2-2 libsasl2-modules libsasl2-modules-db libssh-4
  publicsuffix
0 upgraded, 13 newly installed, 0 to remove and 4 not upgraded.
Need to get 1653 kB of archives.
After this operation, 4637 kB of additional disk space will be used.
Get:1 http://archive.ubuntu.com/ubuntu jammy-updates/main amd64 libnghttp2-14 amd64 1.43.0-1ubuntu0.2 [76.9 kB]
Get:2 http://archive.ubuntu.com/ubuntu jammy/main amd64 libpsl5 amd64 0.21.0-1.2build2 [58.4 kB]
Get:3 http://archive.ubuntu.com/ubuntu jammy/main amd64 publicsuffix all 20211207.1025-1 [129 kB]
Get:4 http://archive.ubuntu.com/ubuntu jammy/main amd64 libbrotli1 amd64 1.0.9-2build6 [315 kB]
Get:5 http://archive.ubuntu.com/ubuntu jammy-updates/main amd64 libsasl2-modules-db amd64 2.1.27+dfsg2-3ubuntu1.2 [20.5 kB]
Get:6 http://archive.ubuntu.com/ubuntu jammy-updates/main amd64 libsasl2-2 amd64 2.1.27+dfsg2-3ubuntu1.2 [53.8 kB]
Get:7 http://archive.ubuntu.com/ubuntu jammy-updates/main amd64 libldap-2.5-0 amd64 2.5.20+dfsg-0ubuntu0.22.04.1 [184 kB]
Get:8 http://archive.ubuntu.com/ubuntu jammy/main amd64 librtmp1 amd64 2.4+20151223.gitfa8646d.1-2build4 [58.2 kB]
Get:9 http://archive.ubuntu.com/ubuntu jammy-updates/main amd64 libssh-4 amd64 0.9.6-2ubuntu0.22.04.5 [187 kB]
Get:10 http://archive.ubuntu.com/ubuntu jammy-updates/main amd64 libcurl4 amd64 7.81.0-1ubuntu1.21 [290 kB]
Get:11 http://archive.ubuntu.com/ubuntu jammy-updates/main amd64 curl amd64 7.81.0-1ubuntu1.21 [194 kB]
Get:12 http://archive.ubuntu.com/ubuntu jammy-updates/main amd64 libldap-common all 2.5.20+dfsg-0ubuntu0.22.04.1 [16.4 kB]
Get:13 http://archive.ubuntu.com/ubuntu jammy-updates/main amd64 libsasl2-modules amd64 2.1.27+dfsg2-3ubuntu1.2 [68.8 kB]
debconf: delaying package configuration, since apt-utils is not installed
Fetched 1653 kB in 1s (1644 kB/s)
Selecting previously unselected package libnghttp2-14:amd64.
(Reading database ... (Reading database ... 5%(Reading database ... 10%(Reading database ... 15%(Reading database ... 20%(Reading database ... 25%(Reading database ... 30%(Reading database ... 35%(Reading database ... 40%(Reading database ... 45%(Reading database ... 50%(Reading database ... 55%(Reading database ... 60%(Reading database ... 65%(Reading database ... 70%(Reading database ... 75%(Reading database ... 80%(Reading database ... 85%(Reading database ... 90%(Reading database ... 95%(Reading database ... 100%(Reading database ... 7499 files and directories currently installed.)
Preparing to unpack .../00-libnghttp2-14_1.43.0-1ubuntu0.2_amd64.deb ...
Unpacking libnghttp2-14:amd64 (1.43.0-1ubuntu0.2) ...
Selecting previously unselected package libpsl5:amd64.
Preparing to unpack .../01-libpsl5_0.21.0-1.2build2_amd64.deb ...
Unpacking libpsl5:amd64 (0.21.0-1.2build2) ...
Selecting previously unselected package publicsuffix.
Preparing to unpack .../02-publicsuffix_20211207.1025-1_all.deb ...
Unpacking publicsuffix (20211207.1025-1) ...
Selecting previously unselected package libbrotli1:amd64.
Preparing to unpack .../03-libbrotli1_1.0.9-2build6_amd64.deb ...
Unpacking libbrotli1:amd64 (1.0.9-2build6) ...
Selecting previously unselected package libsasl2-modules-db:amd64.
Preparing to unpack .../04-libsasl2-modules-db_2.1.27+dfsg2-3ubuntu1.2_amd64.deb ...
Unpacking libsasl2-modules-db:amd64 (2.1.27+dfsg2-3ubuntu1.2) ...
Selecting previously unselected package libsasl2-2:amd64.
Preparing to unpack .../05-libsasl2-2_2.1.27+dfsg2-3ubuntu1.2_amd64.deb ...
Unpacking libsasl2-2:amd64 (2.1.27+dfsg2-3ubuntu1.2) ...
Selecting previously unselected package libldap-2.5-0:amd64.
Preparing to unpack .../06-libldap-2.5-0_2.5.20+dfsg-0ubuntu0.22.04.1_amd64.deb ...
Unpacking libldap-2.5-0:amd64 (2.5.20+dfsg-0ubuntu0.22.04.1) ...
Selecting previously unselected package librtmp1:amd64.
Preparing to unpack .../07-librtmp1_2.4+20151223.gitfa8646d.1-2build4_amd64.deb ...
Unpacking librtmp1:amd64 (2.4+20151223.gitfa8646d.1-2build4) ...
Selecting previously unselected package libssh-4:amd64.
Preparing to unpack .../08-libssh-4_0.9.6-2ubuntu0.22.04.5_amd64.deb ...
Unpacking libssh-4:amd64 (0.9.6-2ubuntu0.22.04.5) ...
Selecting previously unselected package libcurl4:amd64.
Preparing to unpack .../09-libcurl4_7.81.0-1ubuntu1.21_amd64.deb ...
Unpacking libcurl4:amd64 (7.81.0-1ubuntu1.21) ...
Selecting previously unselected package curl.
Preparing to unpack .../10-curl_7.81.0-1ubuntu1.21_amd64.deb ...
Unpacking curl (7.81.0-1ubuntu1.21) ...
Selecting previously unselected package libldap-common.
Preparing to unpack .../11-libldap-common_2.5.20+dfsg-0ubuntu0.22.04.1_all.deb ...
Unpacking libldap-common (2.5.20+dfsg-0ubuntu0.22.04.1) ...
Selecting previously unselected package libsasl2-modules:amd64.
Preparing to unpack .../12-libsasl2-modules_2.1.27+dfsg2-3ubuntu1.2_amd64.deb ...
Unpacking libsasl2-modules:amd64 (2.1.27+dfsg2-3ubuntu1.2) ...
Setting up libpsl5:amd64 (0.21.0-1.2build2) ...
Setting up libbrotli1:amd64 (1.0.9-2build6) ...
Setting up libsasl2-modules:amd64 (2.1.27+dfsg2-3ubuntu1.2) ...
Setting up libnghttp2-14:amd64 (1.43.0-1ubuntu0.2) ...
Setting up libldap-common (2.5.20+dfsg-0ubuntu0.22.04.1) ...
Setting up libsasl2-modules-db:amd64 (2.1.27+dfsg2-3ubuntu1.2) ...
Setting up librtmp1:amd64 (2.4+20151223.gitfa8646d.1-2build4) ...
Setting up libsasl2-2:amd64 (2.1.27+dfsg2-3ubuntu1.2) ...
Setting up libssh-4:amd64 (0.9.6-2ubuntu0.22.04.5) ...
Setting up publicsuffix (20211207.1025-1) ...
Setting up libldap-2.5-0:amd64 (2.5.20+dfsg-0ubuntu0.22.04.1) ...
Setting up libcurl4:amd64 (7.81.0-1ubuntu1.21) ...
Setting up curl (7.81.0-1ubuntu1.21) ...
Processing triggers for libc-bin (2.35-0ubuntu3.11) ...
downloading uv 0.9.5 x86_64-unknown-linux-gnu
no checksums to verify
installing to /root/.local/bin
  uv
  uvx
everything's installed!

To add $HOME/.local/bin to your PATH, either restart your shell or run:

    source $HOME/.local/bin/env (sh, bash, zsh)
    source $HOME/.local/bin/env.fish (fish)
Downloading cpython-3.12.12-linux-x86_64-gnu (download) (31.1MiB)
 Downloading cpython-3.12.12-linux-x86_64-gnu (download)
Downloading pygments (1.2MiB)
 Downloading pygments
Installed 5 packages in 43ms
============================= test session starts ==============================
platform linux -- Python 3.12.12, pytest-8.4.1, pluggy-1.6.0 -- /root/.cache/uv/archive-v0/zfWGmafR8k0jeXWLd9XZi/bin/python
cachedir: .pytest_cache
rootdir: /tests
collecting ... collected 4 items

../../tests/test_final_state.py::test_workspace_cleanliness PASSED       [ 25%]
../../tests/test_final_state.py::test_source_content PASSED              [ 50%]
../../tests/test_final_state.py::test_virtualenv_version PASSED          [ 75%]
../../tests/test_final_state.py::test_log_file_properties FAILED         [100%]

=================================== FAILURES ===================================
___________________________ test_log_file_properties ___________________________

    def test_log_file_properties():
        """Verify log file location, encoding, line endings, and content."""
        log_path = _get_log_path()
        assert log_path.exists(), f"Log file not found at {log_path}"
    
        # 1. Check Encoding (ISO-8859-1)
        # We read as bytes first
        raw_bytes = log_path.read_bytes()
    
        # It should be valid ISO-8859-1.
        # To test this, we ensure it can be decoded as such.
        try:
            content = raw_bytes.decode("iso-8859-1")
        except UnicodeDecodeError:
            pytest.fail("Log file is not valid ISO-8859-1")
    
        # 2. Check Line Endings (CRLF)
        # If we split by \r\n, we should get lines.
        # If we split by \n alone, every line should end with \r.
        if b"\r\n" not in raw_bytes:
            pytest.fail("Log file does not contain CRLF line endings")
    
        # 3. Check Content
        lines = content.split("\r\n")
        # Filter out empty string at end if file ends with CRLF
        if lines[-1] == "":
            lines.pop()
    
>       assert len(lines) == 3, f"Expected 3 lines, got {len(lines)}"
E       AssertionError: Expected 3 lines, got 1
E       assert 1 == 3
E        +  where 1 = len(['.                                                                        [100%]\\nSESSION-9942-ALPHA\\n2411ea4bde54308f44c0134d8f699a7e'])

/tests/test_final_state.py:110: AssertionError
=========================== short test summary info ============================
FAILED ../../tests/test_final_state.py::test_log_file_properties - AssertionE...
========================= 1 failed, 3 passed in 0.27s ==========================
