Hit:1 http://security.ubuntu.com/ubuntu jammy-security InRelease
Hit:2 http://archive.ubuntu.com/ubuntu jammy InRelease
Hit:3 http://archive.ubuntu.com/ubuntu jammy-updates InRelease
Hit:4 http://archive.ubuntu.com/ubuntu jammy-backports InRelease
Reading package lists...
Reading package lists...
Building dependency tree...
Reading state information...
The following additional packages will be installed:
  libbrotli1 libcurl4 libldap-2.5-0 libldap-common libnghttp2-14 libpsl5
  librtmp1 libsasl2-2 libsasl2-modules libsasl2-modules-db libssh-4
  publicsuffix
Suggested packages:
  libsasl2-modules-gssapi-mit | libsasl2-modules-gssapi-heimdal
  libsasl2-modules-ldap libsasl2-modules-otp libsasl2-modules-sql
The following NEW packages will be installed:
  curl libbrotli1 libcurl4 libldap-2.5-0 libldap-common libnghttp2-14 libpsl5
  librtmp1 libsasl2-2 libsasl2-modules libsasl2-modules-db libssh-4
  publicsuffix
0 upgraded, 13 newly installed, 0 to remove and 4 not upgraded.
Need to get 1,653 kB of archives.
After this operation, 4,637 kB of additional disk space will be used.
Get:1 http://archive.ubuntu.com/ubuntu jammy-updates/main amd64 libnghttp2-14 amd64 1.43.0-1ubuntu0.2 [76.9 kB]
Get:2 http://archive.ubuntu.com/ubuntu jammy/main amd64 libpsl5 amd64 0.21.0-1.2build2 [58.4 kB]
Get:3 http://archive.ubuntu.com/ubuntu jammy/main amd64 publicsuffix all 20211207.1025-1 [129 kB]
Get:4 http://archive.ubuntu.com/ubuntu jammy/main amd64 libbrotli1 amd64 1.0.9-2build6 [315 kB]
Get:5 http://archive.ubuntu.com/ubuntu jammy-updates/main amd64 libsasl2-modules-db amd64 2.1.27+dfsg2-3ubuntu1.2 [20.5 kB]
Get:6 http://archive.ubuntu.com/ubuntu jammy-updates/main amd64 libsasl2-2 amd64 2.1.27+dfsg2-3ubuntu1.2 [53.8 kB]
Get:7 http://archive.ubuntu.com/ubuntu jammy-updates/main amd64 libldap-2.5-0 amd64 2.5.20+dfsg-0ubuntu0.22.04.1 [184 kB]
Get:8 http://archive.ubuntu.com/ubuntu jammy/main amd64 librtmp1 amd64 2.4+20151223.gitfa8646d.1-2build4 [58.2 kB]
Get:9 http://archive.ubuntu.com/ubuntu jammy-updates/main amd64 libssh-4 amd64 0.9.6-2ubuntu0.22.04.5 [187 kB]
Get:10 http://archive.ubuntu.com/ubuntu jammy-updates/main amd64 libcurl4 amd64 7.81.0-1ubuntu1.21 [290 kB]
Get:11 http://archive.ubuntu.com/ubuntu jammy-updates/main amd64 curl amd64 7.81.0-1ubuntu1.21 [194 kB]
Get:12 http://archive.ubuntu.com/ubuntu jammy-updates/main amd64 libldap-common all 2.5.20+dfsg-0ubuntu0.22.04.1 [16.4 kB]
Get:13 http://archive.ubuntu.com/ubuntu jammy-updates/main amd64 libsasl2-modules amd64 2.1.27+dfsg2-3ubuntu1.2 [68.8 kB]
debconf: delaying package configuration, since apt-utils is not installed
Fetched 1,653 kB in 1s (2,088 kB/s)
Selecting previously unselected package libnghttp2-14:amd64.
(Reading database ... (Reading database ... 5%(Reading database ... 10%(Reading database ... 15%(Reading database ... 20%(Reading database ... 25%(Reading database ... 30%(Reading database ... 35%(Reading database ... 40%(Reading database ... 45%(Reading database ... 50%(Reading database ... 55%(Reading database ... 60%(Reading database ... 65%(Reading database ... 70%(Reading database ... 75%(Reading database ... 80%(Reading database ... 85%(Reading database ... 90%(Reading database ... 95%(Reading database ... 100%(Reading database ... 7783 files and directories currently installed.)
Preparing to unpack .../00-libnghttp2-14_1.43.0-1ubuntu0.2_amd64.deb ...
Unpacking libnghttp2-14:amd64 (1.43.0-1ubuntu0.2) ...
Selecting previously unselected package libpsl5:amd64.
Preparing to unpack .../01-libpsl5_0.21.0-1.2build2_amd64.deb ...
Unpacking libpsl5:amd64 (0.21.0-1.2build2) ...
Selecting previously unselected package publicsuffix.
Preparing to unpack .../02-publicsuffix_20211207.1025-1_all.deb ...
Unpacking publicsuffix (20211207.1025-1) ...
Selecting previously unselected package libbrotli1:amd64.
Preparing to unpack .../03-libbrotli1_1.0.9-2build6_amd64.deb ...
Unpacking libbrotli1:amd64 (1.0.9-2build6) ...
Selecting previously unselected package libsasl2-modules-db:amd64.
Preparing to unpack .../04-libsasl2-modules-db_2.1.27+dfsg2-3ubuntu1.2_amd64.deb ...
Unpacking libsasl2-modules-db:amd64 (2.1.27+dfsg2-3ubuntu1.2) ...
Selecting previously unselected package libsasl2-2:amd64.
Preparing to unpack .../05-libsasl2-2_2.1.27+dfsg2-3ubuntu1.2_amd64.deb ...
Unpacking libsasl2-2:amd64 (2.1.27+dfsg2-3ubuntu1.2) ...
Selecting previously unselected package libldap-2.5-0:amd64.
Preparing to unpack .../06-libldap-2.5-0_2.5.20+dfsg-0ubuntu0.22.04.1_amd64.deb ...
Unpacking libldap-2.5-0:amd64 (2.5.20+dfsg-0ubuntu0.22.04.1) ...
Selecting previously unselected package librtmp1:amd64.
Preparing to unpack .../07-librtmp1_2.4+20151223.gitfa8646d.1-2build4_amd64.deb ...
Unpacking librtmp1:amd64 (2.4+20151223.gitfa8646d.1-2build4) ...
Selecting previously unselected package libssh-4:amd64.
Preparing to unpack .../08-libssh-4_0.9.6-2ubuntu0.22.04.5_amd64.deb ...
Unpacking libssh-4:amd64 (0.9.6-2ubuntu0.22.04.5) ...
Selecting previously unselected package libcurl4:amd64.
Preparing to unpack .../09-libcurl4_7.81.0-1ubuntu1.21_amd64.deb ...
Unpacking libcurl4:amd64 (7.81.0-1ubuntu1.21) ...
Selecting previously unselected package curl.
Preparing to unpack .../10-curl_7.81.0-1ubuntu1.21_amd64.deb ...
Unpacking curl (7.81.0-1ubuntu1.21) ...
Selecting previously unselected package libldap-common.
Preparing to unpack .../11-libldap-common_2.5.20+dfsg-0ubuntu0.22.04.1_all.deb ...
Unpacking libldap-common (2.5.20+dfsg-0ubuntu0.22.04.1) ...
Selecting previously unselected package libsasl2-modules:amd64.
Preparing to unpack .../12-libsasl2-modules_2.1.27+dfsg2-3ubuntu1.2_amd64.deb ...
Unpacking libsasl2-modules:amd64 (2.1.27+dfsg2-3ubuntu1.2) ...
Setting up libpsl5:amd64 (0.21.0-1.2build2) ...
Setting up libbrotli1:amd64 (1.0.9-2build6) ...
Setting up libsasl2-modules:amd64 (2.1.27+dfsg2-3ubuntu1.2) ...
Setting up libnghttp2-14:amd64 (1.43.0-1ubuntu0.2) ...
Setting up libldap-common (2.5.20+dfsg-0ubuntu0.22.04.1) ...
Setting up libsasl2-modules-db:amd64 (2.1.27+dfsg2-3ubuntu1.2) ...
Setting up librtmp1:amd64 (2.4+20151223.gitfa8646d.1-2build4) ...
Setting up libsasl2-2:amd64 (2.1.27+dfsg2-3ubuntu1.2) ...
Setting up libssh-4:amd64 (0.9.6-2ubuntu0.22.04.5) ...
Setting up publicsuffix (20211207.1025-1) ...
Setting up libldap-2.5-0:amd64 (2.5.20+dfsg-0ubuntu0.22.04.1) ...
Setting up libcurl4:amd64 (7.81.0-1ubuntu1.21) ...
Setting up curl (7.81.0-1ubuntu1.21) ...
Processing triggers for libc-bin (2.35-0ubuntu3.11) ...
downloading uv 0.9.5 x86_64-unknown-linux-gnu
no checksums to verify
installing to /root/.local/bin
  uv
  uvx
everything's installed!

To add $HOME/.local/bin to your PATH, either restart your shell or run:

    source $HOME/.local/bin/env (sh, bash, zsh)
    source $HOME/.local/bin/env.fish (fish)
Downloading cpython-3.12.12-linux-x86_64-gnu (download) (31.1MiB)
 Downloading cpython-3.12.12-linux-x86_64-gnu (download)
Downloading pygments (1.2MiB)
 Downloading pygments
Installed 5 packages in 15ms
============================= test session starts ==============================
platform linux -- Python 3.12.12, pytest-8.4.1, pluggy-1.6.0 -- /root/.cache/uv/archive-v0/BL6afp6fSokwvtIOpLhWg/bin/python
cachedir: .pytest_cache
rootdir: /tests
collecting ... collected 5 items

../../tests/test_final_state.py::test_files_exist FAILED                 [ 20%]
../../tests/test_final_state.py::test_root_status_content_and_format FAILED [ 40%]
../../tests/test_final_state.py::test_priority_tsv_encoding_and_content FAILED [ 60%]
../../tests/test_final_state.py::test_manifest_json FAILED               [ 80%]
../../tests/test_final_state.py::test_log_timestamp_trick FAILED         [100%]

=================================== FAILURES ===================================
_______________________________ test_files_exist _______________________________

    def test_files_exist():
        assert ROOT_STATUS.exists()
        assert PRIORITY.exists()
        assert MANIFEST.exists()
>       assert LOG_FILE.exists()
E       AssertionError: assert False
E        +  where False = exists()
E        +    where exists = PosixPath('/home/user/task_logs/column_manipulation.log').exists

/tests/test_final_state.py:21: AssertionError
_____________________ test_root_status_content_and_format ______________________

    def test_root_status_content_and_format():
        # Expectation: UTF-8, CRLF endings
        raw_bytes = ROOT_STATUS.read_bytes()
    
        # Check CRLF
        # The file should look like: line\r\nline\r\n
>       assert b"\r\n" in raw_bytes, "ssh_root_status.txt must use CRLF line endings"
E       AssertionError: ssh_root_status.txt must use CRLF line endings
E       assert b'\r\n' in b''

/tests/test_final_state.py:29: AssertionError
____________________ test_priority_tsv_encoding_and_content ____________________

    def test_priority_tsv_encoding_and_content():
        # Expectation: UTF-16LE with BOM
        raw_bytes = PRIORITY.read_bytes()
    
        # Check BOM for UTF-16LE (FF FE)
>       assert raw_bytes.startswith(b'\xff\xfe'), "ssh_priority.tsv missing UTF-16LE BOM"
E       AssertionError: ssh_priority.tsv missing UTF-16LE BOM
E       assert False
E        +  where False = <built-in method startswith of bytes object at 0x70161512f780>(b'\xff\xfe')
E        +    where <built-in method startswith of bytes object at 0x70161512f780> = b'\xef\xbb\xbf2\x002\x00 \x00g\x00a\x00m\x00m\x00a\x00 \x00o\x00k\x00\n\x002\x002\x00 \x00d\x00e\x00l\x00t\x00a\x00 \x00c\x00h\x00e\x00c\x00k\x00\n\x002\x002\x00 \x00a\x00l\x00p\x00h\x00a\x00 \x00n\x00o\x00n\x00e\x00\n\x002\x003\x00 \x00z\x00e\x00t\x00a\x00 \x00n\x00e\x00w\x00\n\x002\x002\x000\x000\x00 \x00e\x00p\x00s\x00i\x00l\x00o\x00n\x00 \x00i\x00g\x00n\x00o\x00r\x00e\x00\n\x002\x002\x002\x002\x00 \x00b\x00e\x00t\x00a\x00 \x00d\x00e\x00p\x00r\x00e\x00c\x00a\x00t\x00e\x00d\x00\n\x00'.startswith

/tests/test_final_state.py:62: AssertionError
______________________________ test_manifest_json ______________________________

    def test_manifest_json():
        content = MANIFEST.read_text(encoding='utf-8').strip()
        # valid_records = 6 (alpha, beta-secure, gamma, delta, epsilon-v2, zeta)
        # legacy_nodes = 2 (beta, epsilon)
        expected = '{"valid_records":6,"legacy_nodes_detected":2}'
        # Allow minor spacing variations if valid JSON, but instruction said strict single line
        import json
        data = json.loads(content)
>       assert data['valid_records'] == 6
E       assert 0 == 6

/tests/test_final_state.py:100: AssertionError
___________________________ test_log_timestamp_trick ___________________________

    def test_log_timestamp_trick():
        # The timestamp must match the SOURCE file mtime, not current time.
        # Source mtime was set to 2023-10-25 12:00:00 UTC in Dockerfile
        expected_ts = "2023-10-25T12:00:00"
    
>       lines = LOG_FILE.read_text().splitlines()
                ^^^^^^^^^^^^^^^^^^^^

/tests/test_final_state.py:109: 
_ _ _ _ _ _ _ _ _ _ _ _ _ _ _ _ _ _ _ _ _ _ _ _ _ _ _ _ _ _ _ _ _ _ _ _ _ _ _ _ 
/root/.local/share/uv/python/cpython-3.12.12-linux-x86_64-gnu/lib/python3.12/pathlib.py:1027: in read_text
    with self.open(mode='r', encoding=encoding, errors=errors) as f:
         ^^^^^^^^^^^^^^^^^^^^^^^^^^^^^^^^^^^^^^^^^^^^^^^^^^^^^
_ _ _ _ _ _ _ _ _ _ _ _ _ _ _ _ _ _ _ _ _ _ _ _ _ _ _ _ _ _ _ _ _ _ _ _ _ _ _ _ 

self = PosixPath('/home/user/task_logs/column_manipulation.log'), mode = 'r'
buffering = -1, encoding = 'locale', errors = None, newline = None

    def open(self, mode='r', buffering=-1, encoding=None,
             errors=None, newline=None):
        """
        Open the file pointed to by this path and return a file object, as
        the built-in open() function does.
        """
        if "b" not in mode:
            encoding = io.text_encoding(encoding)
>       return io.open(self, mode, buffering, encoding, errors, newline)
               ^^^^^^^^^^^^^^^^^^^^^^^^^^^^^^^^^^^^^^^^^^^^^^^^^^^^^^^^^
E       FileNotFoundError: [Errno 2] No such file or directory: '/home/user/task_logs/column_manipulation.log'

/root/.local/share/uv/python/cpython-3.12.12-linux-x86_64-gnu/lib/python3.12/pathlib.py:1013: FileNotFoundError
=========================== short test summary info ============================
FAILED ../../tests/test_final_state.py::test_files_exist - AssertionError: as...
FAILED ../../tests/test_final_state.py::test_root_status_content_and_format
FAILED ../../tests/test_final_state.py::test_priority_tsv_encoding_and_content
FAILED ../../tests/test_final_state.py::test_manifest_json - assert 0 == 6
FAILED ../../tests/test_final_state.py::test_log_timestamp_trick - FileNotFou...
============================== 5 failed in 0.04s ===============================
