Running tests: tests/test_search_gen.py::test_search_gen_missing_word_tolerance 
FAIL: Tests failed (exit code: 1)
============================= test session starts ==============================
platform linux -- Python 3.10.19, pytest-9.0.2, pluggy-1.6.0 -- /usr/local/bin/python3.10
cachedir: .pytest_cache
rootdir: /workspace/repo
configfile: pytest.ini
plugins: mock-3.15.1, timeout-2.4.0
timeout: 60.0s
timeout method: signal
timeout func_only: False
collecting ... collected 14 items

tests/test_search_gen.py::test_search_gen_missing_word_tolerance[This is some garbage-True-0-test.wav-result0-None] FAILED [  7%]
tests/test_search_gen.py::test_search_gen_missing_word_tolerance[This is some garbage-True-0-test.wav-result0-specified] FAILED [ 14%]
tests/test_search_gen.py::test_search_gen_missing_word_tolerance[This is some garbage-True-1-test.wav-result1-None] FAILED [ 21%]
tests/test_search_gen.py::test_search_gen_missing_word_tolerance[This is some garbage-True-1-test.wav-result1-specified] FAILED [ 28%]
tests/test_search_gen.py::test_search_gen_missing_word_tolerance[This is some garbage-True-2-test.wav-result2-None] FAILED [ 35%]

=================================== FAILURES ===================================
_ test_search_gen_missing_word_tolerance[This is some garbage-True-0-test.wav-result0-None] _
tests/test_search_gen.py:236: in test_search_gen_missing_word_tolerance
    actual_results = list(indexer.search_gen(**actual_kwargs))
SimpleAudioIndexer/__init__.py:1035: in search_gen
    if not results:
E   NameError: name 'results' is not defined
_ test_search_gen_missing_word_tolerance[This is some garbage-True-0-test.wav-result0-specified] _
tests/test_search_gen.py:236: in test_search_gen_missing_word_tolerance
    actual_results = list(indexer.search_gen(**actual_kwargs))
SimpleAudioIndexer/__init__.py:1035: in search_gen
    if not results:
E   NameError: name 'results' is not defined
_ test_search_gen_missing_word_tolerance[This is some garbage-True-1-test.wav-result1-None] _
tests/test_search_gen.py:236: in test_search_gen_missing_word_tolerance
    actual_results = list(indexer.search_gen(**actual_kwargs))
SimpleAudioIndexer/__init__.py:1035: in search_gen
    if not results:
E   NameError: name 'results' is not defined
_ test_search_gen_missing_word_tolerance[This is some garbage-True-1-test.wav-result1-specified] _
tests/test_search_gen.py:236: in test_search_gen_missing_word_tolerance
    actual_results = list(indexer.search_gen(**actual_kwargs))
SimpleAudioIndexer/__init__.py:1035: in search_gen
    if not results:
E   NameError: name 'results' is not defined
_ test_search_gen_missing_word_tolerance[This is some garbage-True-2-test.wav-result2-None] _
tests/test_search_gen.py:236: in test_search_gen_missing_word_tolerance
    actual_results = list(indexer.search_gen(**actual_kwargs))
SimpleAudioIndexer/__init__.py:1035: in search_gen
    if not results:
E   NameError: name 'results' is not defined
=========================== short test summary info ============================
FAILED tests/test_search_gen.py::test_search_gen_missing_word_tolerance[This is some garbage-True-0-test.wav-result0-None]
FAILED tests/test_search_gen.py::test_search_gen_missing_word_tolerance[This is some garbage-True-0-test.wav-result0-specified]
FAILED tests/test_search_gen.py::test_search_gen_missing_word_tolerance[This is some garbage-True-1-test.wav-result1-None]
FAILED tests/test_search_gen.py::test_search_gen_missing_word_tolerance[This is some garbage-True-1-test.wav-result1-specified]
FAILED tests/test_search_gen.py::test_search_gen_missing_word_tolerance[This is some garbage-True-2-test.wav-result2-None]
!!!!!!!!!!!!!!!!!!!!!!!!!! stopping after 5 failures !!!!!!!!!!!!!!!!!!!!!!!!!!!
============================== 5 failed in 0.15s ===============================
