============================= test session starts ==============================
platform linux -- Python 3.10.12, pytest-9.0.2, pluggy-1.6.0 -- /usr/bin/python3
cachedir: .pytest_cache
rootdir: /tests
collecting ... collected 3 items

../../tests/test_final_state.py::test_csv_properties FAILED              [ 33%]
../../tests/test_final_state.py::test_csv_content FAILED                 [ 66%]
../../tests/test_final_state.py::test_manifest FAILED                    [100%]

=================================== FAILURES ===================================
_____________________________ test_csv_properties ______________________________

    def test_csv_properties():
>       assert CSV_FILE.exists()
E       AssertionError: assert False
E        +  where False = exists()
E        +    where exists = PosixPath('/home/user/data/processed/clean_ingest.csv').exists

/tests/test_final_state.py:44: AssertionError
_______________________________ test_csv_content _______________________________

    def test_csv_content():
        # Read with correct encoding to check content
>       with open(CSV_FILE, 'r', encoding='iso-8859-1', newline='') as f:
E       FileNotFoundError: [Errno 2] No such file or directory: '/home/user/data/processed/clean_ingest.csv'

/tests/test_final_state.py:62: FileNotFoundError
________________________________ test_manifest _________________________________

    def test_manifest():
>       assert MANIFEST_FILE.exists()
E       AssertionError: assert False
E        +  where False = exists()
E        +    where exists = PosixPath('/home/user/data/processed/manifest.txt').exists

/tests/test_final_state.py:92: AssertionError
=========================== short test summary info ============================
FAILED ../../tests/test_final_state.py::test_csv_properties - AssertionError:...
FAILED ../../tests/test_final_state.py::test_csv_content - FileNotFoundError:...
FAILED ../../tests/test_final_state.py::test_manifest - AssertionError: asser...
============================== 3 failed in 0.03s ===============================
