Hit:1 http://archive.ubuntu.com/ubuntu jammy InRelease
Hit:2 http://archive.ubuntu.com/ubuntu jammy-updates InRelease
Hit:3 http://archive.ubuntu.com/ubuntu jammy-backports InRelease
Hit:4 http://security.ubuntu.com/ubuntu jammy-security InRelease
Reading package lists...
Reading package lists...
Building dependency tree...
Reading state information...
curl is already the newest version (7.81.0-1ubuntu1.21).
0 upgraded, 0 newly installed, 0 to remove and 3 not upgraded.
downloading uv 0.9.5 x86_64-unknown-linux-gnu
no checksums to verify
installing to /root/.local/bin
  uv
  uvx
everything's installed!

To add $HOME/.local/bin to your PATH, either restart your shell or run:

    source $HOME/.local/bin/env (sh, bash, zsh)
    source $HOME/.local/bin/env.fish (fish)
Downloading cpython-3.12.12-linux-x86_64-gnu (download) (31.1MiB)
 Downloading cpython-3.12.12-linux-x86_64-gnu (download)
Downloading pygments (1.2MiB)
 Downloading pygments
Installed 5 packages in 24ms
============================= test session starts ==============================
platform linux -- Python 3.12.12, pytest-8.4.1, pluggy-1.6.0 -- /root/.cache/uv/archive-v0/jG6r23W3KTUvBEJNcw7M-/bin/python
cachedir: .pytest_cache
rootdir: /tests
collecting ... collected 5 items

../../tests/test_final_state.py::test_required_paths_exist_and_have_permissions PASSED [ 20%]
../../tests/test_final_state.py::test_validation_log_contents FAILED     [ 40%]
../../tests/test_final_state.py::test_summary_json_structure_and_values FAILED [ 60%]
../../tests/test_final_state.py::test_checksum_file PASSED               [ 80%]
../../tests/test_final_state.py::test_numeric_literals_format PASSED     [100%]

=================================== FAILURES ===================================
_________________________ test_validation_log_contents _________________________

    def test_validation_log_contents():
        # Identify expected files
        all_files = sorted([p.name for p in RAW_DIR.iterdir()])
        # Filter: ends with .json (case insensitive), no dotfiles
        expected_files = [f for f in all_files if f.lower().endswith(".json") and not f.startswith(".")]
    
        with LOG_FILE.open() as fp:
            log_lines = [ln.rstrip("\n") for ln in fp]
    
>       assert len(log_lines) == len(expected_files), f"Log should have {len(expected_files)} lines."
E       AssertionError: Log should have 5 lines.
E       assert 1 == 5
E        +  where 1 = len([''])
E        +  and   5 = len(['daily_storage01.json', 'daily_storage02.JSON', 'daily_storage03.json', 'schema_error.json', 'syntax_error.json'])

/tests/test_final_state.py:104: AssertionError
____________________ test_summary_json_structure_and_values ____________________

    def test_summary_json_structure_and_values():
>       summary_doc = load_json(SUMMARY_FILE)
                      ^^^^^^^^^^^^^^^^^^^^^^^

/tests/test_final_state.py:196: 
_ _ _ _ _ _ _ _ _ _ _ _ _ _ _ _ _ _ _ _ _ _ _ _ _ _ _ _ _ _ _ _ _ _ _ _ _ _ _ _ 
/tests/test_final_state.py:75: in load_json
    return json.load(fp)
           ^^^^^^^^^^^^^
/root/.local/share/uv/python/cpython-3.12.12-linux-x86_64-gnu/lib/python3.12/json/__init__.py:293: in load
    return loads(fp.read(),
/root/.local/share/uv/python/cpython-3.12.12-linux-x86_64-gnu/lib/python3.12/json/__init__.py:346: in loads
    return _default_decoder.decode(s)
           ^^^^^^^^^^^^^^^^^^^^^^^^^^
/root/.local/share/uv/python/cpython-3.12.12-linux-x86_64-gnu/lib/python3.12/json/decoder.py:338: in decode
    obj, end = self.raw_decode(s, idx=_w(s, 0).end())
               ^^^^^^^^^^^^^^^^^^^^^^^^^^^^^^^^^^^^^^
_ _ _ _ _ _ _ _ _ _ _ _ _ _ _ _ _ _ _ _ _ _ _ _ _ _ _ _ _ _ _ _ _ _ _ _ _ _ _ _ 

self = <json.decoder.JSONDecoder object at 0x761fb2efb230>, s = '', idx = 0

    def raw_decode(self, s, idx=0):
        """Decode a JSON document from ``s`` (a ``str`` beginning with
        a JSON document) and return a 2-tuple of the Python
        representation and the index in ``s`` where the document ended.
    
        This can be used to decode a JSON document from a string that may
        have extraneous data at the end.
    
        """
        try:
            obj, end = self.scan_once(s, idx)
        except StopIteration as err:
>           raise JSONDecodeError("Expecting value", s, err.value) from None
E           json.decoder.JSONDecodeError: Expecting value: line 1 column 1 (char 0)

/root/.local/share/uv/python/cpython-3.12.12-linux-x86_64-gnu/lib/python3.12/json/decoder.py:356: JSONDecodeError
=========================== short test summary info ============================
FAILED ../../tests/test_final_state.py::test_validation_log_contents - Assert...
FAILED ../../tests/test_final_state.py::test_summary_json_structure_and_values
========================= 2 failed, 3 passed in 0.03s ==========================
